Performing C SOURCE FILE Test CMAKE_HAVE_LIBC_PTHREAD failed with the following output:
Change Dir: /home/conlab/ssv2_ws/build/multirobot_map_merge/CMakeFiles/CMakeTmp

Run Build Command(s):/usr/bin/make cmTC_606e7/fast && /usr/bin/make  -f CMakeFiles/cmTC_606e7.dir/build.make CMakeFiles/cmTC_606e7.dir/build
make[1]: Entering directory '/home/conlab/ssv2_ws/build/multirobot_map_merge/CMakeFiles/CMakeTmp'
Building C object CMakeFiles/cmTC_606e7.dir/src.c.o
/usr/bin/cc -DCMAKE_HAVE_LIBC_PTHREAD   -o CMakeFiles/cmTC_606e7.dir/src.c.o -c /home/conlab/ssv2_ws/build/multirobot_map_merge/CMakeFiles/CMakeTmp/src.c
Linking C executable cmTC_606e7
/home/conlab/anaconda3/bin/cmake -E cmake_link_script CMakeFiles/cmTC_606e7.dir/link.txt --verbose=1
/usr/bin/cc -rdynamic CMakeFiles/cmTC_606e7.dir/src.c.o -o cmTC_606e7 
/usr/bin/ld: CMakeFiles/cmTC_606e7.dir/src.c.o: in function `main':
src.c:(.text+0x46): undefined reference to `pthread_create'
/usr/bin/ld: src.c:(.text+0x52): undefined reference to `pthread_detach'
/usr/bin/ld: src.c:(.text+0x5e): undefined reference to `pthread_cancel'
/usr/bin/ld: src.c:(.text+0x6f): undefined reference to `pthread_join'
collect2: error: ld returned 1 exit status
make[1]: *** [CMakeFiles/cmTC_606e7.dir/build.make:106: cmTC_606e7] Error 1
make[1]: Leaving directory '/home/conlab/ssv2_ws/build/multirobot_map_merge/CMakeFiles/CMakeTmp'
make: *** [Makefile:140: cmTC_606e7/fast] Error 2


Source file was:
#include <pthread.h>

static void* test_func(void* data)
{
  return data;
}

int main(void)
{
  pthread_t thread;
  pthread_create(&thread, NULL, test_func, NULL);
  pthread_detach(thread);
  pthread_cancel(thread);
  pthread_join(thread, NULL);
  pthread_atfork(NULL, NULL, NULL);
  pthread_exit(NULL);

  return 0;
}

Determining if the function pthread_create exists in the pthreads failed with the following output:
Change Dir: /home/conlab/ssv2_ws/build/multirobot_map_merge/CMakeFiles/CMakeTmp

Run Build Command(s):/usr/bin/make cmTC_9debb/fast && /usr/bin/make  -f CMakeFiles/cmTC_9debb.dir/build.make CMakeFiles/cmTC_9debb.dir/build
make[1]: Entering directory '/home/conlab/ssv2_ws/build/multirobot_map_merge/CMakeFiles/CMakeTmp'
Building C object CMakeFiles/cmTC_9debb.dir/CheckFunctionExists.c.o
/usr/bin/cc   -DCHECK_FUNCTION_EXISTS=pthread_create -o CMakeFiles/cmTC_9debb.dir/CheckFunctionExists.c.o -c /home/conlab/anaconda3/share/cmake-3.19/Modules/CheckFunctionExists.c
Linking C executable cmTC_9debb
/home/conlab/anaconda3/bin/cmake -E cmake_link_script CMakeFiles/cmTC_9debb.dir/link.txt --verbose=1
/usr/bin/cc  -DCHECK_FUNCTION_EXISTS=pthread_create -rdynamic CMakeFiles/cmTC_9debb.dir/CheckFunctionExists.c.o -o cmTC_9debb  -lpthreads 
/usr/bin/ld: cannot find -lpthreads
collect2: error: ld returned 1 exit status
make[1]: *** [CMakeFiles/cmTC_9debb.dir/build.make:106: cmTC_9debb] Error 1
make[1]: Leaving directory '/home/conlab/ssv2_ws/build/multirobot_map_merge/CMakeFiles/CMakeTmp'
make: *** [Makefile:140: cmTC_9debb/fast] Error 2



