In file included from [01m[K/home/conlab/ssv2_ws/src/m-explore/explore/src/explore.cpp:38[m[K:
[01m[K/home/conlab/ssv2_ws/src/m-explore/explore/include/explore/explore.h:82:30:[m[K [01;31m[Kerror: [m[K‘[01m[KsGoal[m[K’ was not declared in this scope
   82 |   void sGoalSort(std::vector<[01;31m[KsGoal[m[K> &sGoals, const geometry_msgs::Point position);
      |                              [01;31m[K^~~~~[m[K
[01m[K/home/conlab/ssv2_ws/src/m-explore/explore/include/explore/explore.h:82:35:[m[K [01;31m[Kerror: [m[Ktemplate argument 1 is invalid
   82 |   void sGoalSort(std::vector<sGoal[01;31m[K>[m[K &sGoals, const geometry_msgs::Point position);
      |                                   [01;31m[K^[m[K
[01m[K/home/conlab/ssv2_ws/src/m-explore/explore/include/explore/explore.h:82:35:[m[K [01;31m[Kerror: [m[Ktemplate argument 2 is invalid
[01m[K/home/conlab/ssv2_ws/src/m-explore/explore/src/explore.cpp:[m[K In constructor ‘[01m[Kexplore::Explore::Explore()[m[K’:
[01m[K/home/conlab/ssv2_ws/src/m-explore/explore/src/explore.cpp:73:10:[m[K [01;31m[Kerror: [m[K‘[01m[Knh_[m[K’ was not declared in this scope
   73 |   sub_ = [01;31m[Knh_[m[K.subscribe("/semantic_goals", 1, &Explore::sPoseCallback, this);
      |          [01;31m[K^~~[m[K
[01m[K/home/conlab/ssv2_ws/src/m-explore/explore/src/explore.cpp:[m[K At global scope:
[01m[K/home/conlab/ssv2_ws/src/m-explore/explore/src/explore.cpp:197:6:[m[K [01;31m[Kerror: [m[Kno declaration matches ‘[01m[Kvoid explore::Explore::sGoalSort(std::vector<explore::Explore::sGoal>&, geometry_msgs::Point)[m[K’
  197 | void [01;31m[KExplore[m[K::sGoalSort(std::vector<sGoal> &sGoals, const geometry_msgs::Point position){
      |      [01;31m[K^~~~~~~[m[K
In file included from [01m[K/home/conlab/ssv2_ws/src/m-explore/explore/src/explore.cpp:38[m[K:
[01m[K/home/conlab/ssv2_ws/src/m-explore/explore/include/explore/explore.h:82:8:[m[K [01;36m[Knote: [m[Kcandidate is: ‘[01m[Kvoid explore::Explore::sGoalSort(int&, geometry_msgs::Point)[m[K’
   82 |   void [01;36m[KsGoalSort[m[K(std::vector<sGoal> &sGoals, const geometry_msgs::Point position);
      |        [01;36m[K^~~~~~~~~[m[K
In file included from [01m[K/home/conlab/ssv2_ws/src/m-explore/explore/src/explore.cpp:38[m[K:
[01m[K/home/conlab/ssv2_ws/src/m-explore/explore/include/explore/explore.h:63:7:[m[K [01;36m[Knote: [m[K‘[01m[Kclass explore::Explore[m[K’ defined here
   63 | class [01;36m[KExplore[m[K
      |       [01;36m[K^~~~~~~[m[K
[01m[K/home/conlab/ssv2_ws/src/m-explore/explore/src/explore.cpp:197:30:[m[K [01;31m[Kerror: [m[K‘[01m[Kstruct explore::Explore::sGoal[m[K’ is private within this context
  197 | void Explore::sGoalSort(std::[01;31m[Kvector<sGoal>[m[K &sGoals, const geometry_msgs::Point position){
      |                              [01;31m[K^~~~~~~~~~~~~[m[K
In file included from [01m[K/home/conlab/ssv2_ws/src/m-explore/explore/src/explore.cpp:38[m[K:
[01m[K/home/conlab/ssv2_ws/src/m-explore/explore/include/explore/explore.h:99:10:[m[K [01;36m[Knote: [m[Kdeclared private here
   99 |   struct [01;36m[KsGoal[m[K{
      |          [01;36m[K^~~~~[m[K
[01m[K/home/conlab/ssv2_ws/src/m-explore/explore/src/explore.cpp:[m[K In member function ‘[01m[Kvoid explore::Explore::makePlan()[m[K’:
[01m[K/home/conlab/ssv2_ws/src/m-explore/explore/src/explore.cpp:220:13:[m[K [01;31m[Kerror: [m[Kcannot convert ‘[01m[Kstd::vector<explore::Explore::sGoal>[m[K’ to ‘[01m[Kint&[m[K’
  220 |   sGoalSort([01;31m[KsGoals_[m[K, pose);
      |             [01;31m[K^~~~~~~[m[K
      |             [01;31m[K|[m[K
      |             [01;31m[Kstd::vector<explore::Explore::sGoal>[m[K
In file included from [01m[K/home/conlab/ssv2_ws/src/m-explore/explore/src/explore.cpp:38[m[K:
[01m[K/home/conlab/ssv2_ws/src/m-explore/explore/include/explore/explore.h:82:38:[m[K [01;36m[Knote: [m[K  initializing argument 1 of ‘[01m[Kvoid explore::Explore::sGoalSort(int&, geometry_msgs::Point)[m[K’
   82 |   void sGoalSort([01;36m[Kstd::vector<sGoal> &sGoals[m[K, const geometry_msgs::Point position);
      |                  [01;36m[K~~~~~~~~~~~~~~~~~~~~^~~~~~[m[K
[01m[K/home/conlab/ssv2_ws/src/m-explore/explore/src/explore.cpp:[m[K In lambda function:
[01m[K/home/conlab/ssv2_ws/src/m-explore/explore/src/explore.cpp:249:7:[m[K [01;31m[Kerror: [m[K‘[01m[Kfrontier[m[K’ is not captured
  249 |   if ([01;31m[Kfrontier[m[K == frontiers.end()) {
      |       [01;31m[K^~~~~~~~[m[K
[01m[K/home/conlab/ssv2_ws/src/m-explore/explore/src/explore.cpp:246:38:[m[K [01;36m[Knote: [m[Kthe lambda has no capture-default
  246 |                                 [this[01;36m[K][m[K(const sGoal& s) {
      |                                      [01;36m[K^[m[K
[01m[K/home/conlab/ssv2_ws/src/m-explore/explore/src/explore.cpp:238:8:[m[K [01;36m[Knote: [m[K‘[01m[K__gnu_cxx::__normal_iterator<frontier_exploration::Frontier*, std::vector<frontier_exploration::Frontier> > frontier[m[K’ declared here
  238 |   auto [01;36m[Kfrontier[m[K =
      |        [01;36m[K^~~~~~~~[m[K
[01m[K/home/conlab/ssv2_ws/src/m-explore/explore/src/explore.cpp:249:19:[m[K [01;31m[Kerror: [m[K‘[01m[Kfrontiers[m[K’ is not captured
  249 |   if (frontier == [01;31m[Kfrontiers[m[K.end()) {
      |                   [01;31m[K^~~~~~~~~[m[K
[01m[K/home/conlab/ssv2_ws/src/m-explore/explore/src/explore.cpp:246:38:[m[K [01;36m[Knote: [m[Kthe lambda has no capture-default
  246 |                                 [this[01;36m[K][m[K(const sGoal& s) {
      |                                      [01;36m[K^[m[K
[01m[K/home/conlab/ssv2_ws/src/m-explore/explore/src/explore.cpp:216:8:[m[K [01;36m[Knote: [m[K‘[01m[Kstd::vector<frontier_exploration::Frontier> frontiers[m[K’ declared here
  216 |   auto [01;36m[Kfrontiers[m[K = search_.searchFrom(pose.position);
      |        [01;36m[K^~~~~~~~~[m[K
[01m[K/home/conlab/ssv2_ws/src/m-explore/explore/src/explore.cpp:252:5:[m[K [01;31m[Kerror: [m[Kinconsistent types ‘[01m[Kbool[m[K’ and ‘[01m[Kvoid[m[K’ deduced for lambda return type
  252 |     [01;31m[Kreturn[m[K;
      |     [01;31m[K^~~~~~[m[K
[01m[K/home/conlab/ssv2_ws/src/m-explore/explore/src/explore.cpp:258:6:[m[K [01;31m[Kerror: [m[Kuse of ‘[01m[KbestS[m[K’ before deduction of ‘[01m[Kauto[m[K’
  258 |   if([01;31m[KbestS[m[K.sPoint.x != 0 && bestS.sPoint.y != 0){
      |      [01;31m[K^~~~~[m[K
[01m[K/home/conlab/ssv2_ws/src/m-explore/explore/src/explore.cpp:258:29:[m[K [01;31m[Kerror: [m[Kuse of ‘[01m[KbestS[m[K’ before deduction of ‘[01m[Kauto[m[K’
  258 |   if(bestS.sPoint.x != 0 && [01;31m[KbestS[m[K.sPoint.y != 0){
      |                             [01;31m[K^~~~~[m[K
[01m[K/home/conlab/ssv2_ws/src/m-explore/explore/src/explore.cpp:259:44:[m[K [01;31m[Kerror: [m[Kuse of ‘[01m[KbestS[m[K’ before deduction of ‘[01m[Kauto[m[K’
  259 |     geometry_msgs::Point target_position = [01;31m[KbestS[m[K.sPoint;
      |                                            [01;31m[K^~~~~[m[K
[01m[K/home/conlab/ssv2_ws/src/m-explore/explore/src/explore.cpp:263:44:[m[K [01;31m[Kerror: [m[K‘[01m[Kfrontier[m[K’ is not captured
  263 |     geometry_msgs::Point target_position = [01;31m[Kfrontier[m[K->centroid;
      |                                            [01;31m[K^~~~~~~~[m[K
[01m[K/home/conlab/ssv2_ws/src/m-explore/explore/src/explore.cpp:246:38:[m[K [01;36m[Knote: [m[Kthe lambda has no capture-default
  246 |                                 [this[01;36m[K][m[K(const sGoal& s) {
      |                                      [01;36m[K^[m[K
[01m[K/home/conlab/ssv2_ws/src/m-explore/explore/src/explore.cpp:238:8:[m[K [01;36m[Knote: [m[K‘[01m[K__gnu_cxx::__normal_iterator<frontier_exploration::Frontier*, std::vector<frontier_exploration::Frontier> > frontier[m[K’ declared here
  238 |   auto [01;36m[Kfrontier[m[K =
      |        [01;36m[K^~~~~~~~[m[K
[01m[K/home/conlab/ssv2_ws/src/m-explore/explore/src/explore.cpp:268:34:[m[K [01;31m[Kerror: [m[K‘[01m[Ktarget_position[m[K’ was not declared in this scope
  268 |   bool same_goal = prev_goal_ == [01;31m[Ktarget_position[m[K;
      |                                  [01;31m[K^~~~~~~~~~~~~~~[m[K
[01m[K/home/conlab/ssv2_ws/src/m-explore/explore/src/explore.cpp:273:40:[m[K [01;31m[Kerror: [m[K‘[01m[Kfrontier[m[K’ is not captured
  273 |     if (!same_goal || prev_distance_ > [01;31m[Kfrontier[m[K->min_distance) {
      |                                        [01;31m[K^~~~~~~~[m[K
[01m[K/home/conlab/ssv2_ws/src/m-explore/explore/src/explore.cpp:246:38:[m[K [01;36m[Knote: [m[Kthe lambda has no capture-default
  246 |                                 [this[01;36m[K][m[K(const sGoal& s) {
      |                                      [01;36m[K^[m[K
[01m[K/home/conlab/ssv2_ws/src/m-explore/explore/src/explore.cpp:238:8:[m[K [01;36m[Knote: [m[K‘[01m[K__gnu_cxx::__normal_iterator<frontier_exploration::Frontier*, std::vector<frontier_exploration::Frontier> > frontier[m[K’ declared here
  238 |   auto [01;36m[Kfrontier[m[K =
      |        [01;36m[K^~~~~~~~[m[K
[01m[K/home/conlab/ssv2_ws/src/m-explore/explore/src/explore.cpp:276:24:[m[K [01;31m[Kerror: [m[K‘[01m[Kfrontier[m[K’ is not captured
  276 |       prev_distance_ = [01;31m[Kfrontier[m[K->min_distance;
      |                        [01;31m[K^~~~~~~~[m[K
[01m[K/home/conlab/ssv2_ws/src/m-explore/explore/src/explore.cpp:246:38:[m[K [01;36m[Knote: [m[Kthe lambda has no capture-default
  246 |                                 [this[01;36m[K][m[K(const sGoal& s) {
      |                                      [01;36m[K^[m[K
[01m[K/home/conlab/ssv2_ws/src/m-explore/explore/src/explore.cpp:238:8:[m[K [01;36m[Knote: [m[K‘[01m[K__gnu_cxx::__normal_iterator<frontier_exploration::Frontier*, std::vector<frontier_exploration::Frontier> > frontier[m[K’ declared here
  238 |   auto [01;36m[Kfrontier[m[K =
      |        [01;36m[K^~~~~~~~[m[K
[01m[K/home/conlab/ssv2_ws/src/m-explore/explore/src/explore.cpp:281:40:[m[K [01;31m[Kerror: [m[Kuse of ‘[01m[KbestS[m[K’ before deduction of ‘[01m[Kauto[m[K’
  281 |     if (!same_goal || prev_distance_ > [01;31m[KbestS[m[K.distance) {
      |                                        [01;31m[K^~~~~[m[K
[01m[K/home/conlab/ssv2_ws/src/m-explore/explore/src/explore.cpp:284:24:[m[K [01;31m[Kerror: [m[K‘[01m[Kfrontier[m[K’ is not captured
  284 |       prev_distance_ = [01;31m[Kfrontier[m[K->min_distance;
      |                        [01;31m[K^~~~~~~~[m[K
[01m[K/home/conlab/ssv2_ws/src/m-explore/explore/src/explore.cpp:246:38:[m[K [01;36m[Knote: [m[Kthe lambda has no capture-default
  246 |                                 [this[01;36m[K][m[K(const sGoal& s) {
      |                                      [01;36m[K^[m[K
[01m[K/home/conlab/ssv2_ws/src/m-explore/explore/src/explore.cpp:238:8:[m[K [01;36m[Knote: [m[K‘[01m[K__gnu_cxx::__normal_iterator<frontier_exploration::Frontier*, std::vector<frontier_exploration::Frontier> > frontier[m[K’ declared here
  238 |   auto [01;36m[Kfrontier[m[K =
      |        [01;36m[K^~~~~~~~[m[K
[01m[K/home/conlab/ssv2_ws/src/m-explore/explore/src/explore.cpp:293:5:[m[K [01;31m[Kerror: [m[Kinconsistent types ‘[01m[Kbool[m[K’ and ‘[01m[Kvoid[m[K’ deduced for lambda return type
  293 |     [01;31m[Kreturn[m[K;
      |     [01;31m[K^~~~~~[m[K
[01m[K/home/conlab/ssv2_ws/src/m-explore/explore/src/explore.cpp:298:5:[m[K [01;31m[Kerror: [m[Kinconsistent types ‘[01m[Kbool[m[K’ and ‘[01m[Kvoid[m[K’ deduced for lambda return type
  298 |     [01;31m[Kreturn[m[K;
      |     [01;31m[K^~~~~~[m[K
[01m[K/home/conlab/ssv2_ws/src/m-explore/explore/src/explore.cpp:[m[K In lambda function:
[01m[K/home/conlab/ssv2_ws/src/m-explore/explore/src/explore.cpp:311:37:[m[K [01;31m[Kerror: [m[K‘[01m[Ktarget_position[m[K’ is not captured
  311 |         reachedGoal(status, result, [01;31m[Ktarget_position[m[K);
      |                                     [01;31m[K^~~~~~~~~~~~~~~[m[K
[01m[K/home/conlab/ssv2_ws/src/m-explore/explore/src/explore.cpp:308:35:[m[K [01;36m[Knote: [m[Kthe lambda has no capture-default
  308 |       goal, [this, target_position[01;36m[K][m[K(
      |                                   [01;36m[K^[m[K
[01m[K/home/conlab/ssv2_ws/src/m-explore/explore/src/explore.cpp:268:34:[m[K [01;36m[Knote: [m[K‘[01m[K<typeprefixerror>target_position[m[K’ declared here
  268 |   bool same_goal = prev_goal_ == [01;36m[Ktarget_position[m[K;
      |                                  [01;36m[K^~~~~~~~~~~~~~~[m[K
[01m[K/home/conlab/ssv2_ws/src/m-explore/explore/src/explore.cpp:[m[K In member function ‘[01m[Kvoid explore::Explore::makePlan()[m[K’:
[01m[K/home/conlab/ssv2_ws/src/m-explore/explore/src/explore.cpp:313:2:[m[K [01;31m[Kerror: [m[Kexpected ‘[01m[K)[m[K’ before ‘[01m[Kbool[m[K’
  313 | }
      |  [01;31m[K^[m[K
      |  [32m[K)[m[K
  314 | 
  315 | [32m[Kbool[m[K Explore::goalOnBlacklist(const geometry_msgs::Point& goal)
      | [32m[K~~~~[m[K
[01m[K/home/conlab/ssv2_ws/src/m-explore/explore/src/explore.cpp:245:32:[m[K [01;36m[Knote: [m[Kto match this ‘[01m[K([m[K’
  245 |   auto bestS = std::find_if_not[01;36m[K([m[KsGoals_.begin(), sGoals_.end(),
      |                                [01;36m[K^[m[K
[01m[K/home/conlab/ssv2_ws/src/m-explore/explore/src/explore.cpp:363:1:[m[K [01;31m[Kerror: [m[Kexpected ‘[01m[K,[m[K’ or ‘[01m[K;[m[K’ before ‘[01m[K}[m[K’ token
  363 | [01;31m[K}[m[K  // namespace explore
      | [01;31m[K^[m[K
[01m[K/home/conlab/ssv2_ws/src/m-explore/explore/src/explore.cpp:[m[K At global scope:
[01m[K/home/conlab/ssv2_ws/src/m-explore/explore/src/explore.cpp:376:1:[m[K [01;31m[Kerror: [m[Kexpected ‘[01m[K}[m[K’ at end of input
  376 | [01;31m[K}[m[K
      | [01;31m[K^[m[K
[01m[K/home/conlab/ssv2_ws/src/m-explore/explore/src/explore.cpp:52:1:[m[K [01;36m[Knote: [m[Kto match this ‘[01m[K{[m[K’
   52 | [01;36m[K{[m[K
      | [01;36m[K^[m[K
make[2]: *** [CMakeFiles/explore.dir/build.make:95: CMakeFiles/explore.dir/src/explore.cpp.o] Error 1
make[1]: *** [CMakeFiles/Makefile2:449: CMakeFiles/explore.dir/all] Error 2
make: *** [Makefile:160: all] Error 2
