[36m--[0m Using CATKIN_DEVEL_PREFIX: /home/conlab/ssv2_ws/devel/.private/explore_lite
[36m--[0m Using CMAKE_PREFIX_PATH: /home/conlab/ssv2_ws/devel;/home/conlab/ss_ws/devel;/home/conlab/slam_ws/devel;/home/conlab/jackal_catkin_ws/devel;/home/conlab/crazyswarm_conlab/crazyswarm/ros_ws/devel;/opt/ros/noetic
[36m--[0m This workspace overlays: /home/conlab/ssv2_ws/devel;/home/conlab/ss_ws/devel;/home/conlab/slam_ws/devel;/home/conlab/jackal_catkin_ws/devel;/home/conlab/crazyswarm_conlab/crazyswarm/ros_ws/devel;/opt/ros/noetic
[36m--[0m Found PythonInterp: /usr/bin/python3 (found suitable version "3.8.10", minimum required is "3")
[36m--[0m Using PYTHON_EXECUTABLE: /usr/bin/python3
[36m--[0m Using Debian Python package layout
[36m--[0m Using empy: /usr/lib/python3/dist-packages/em.py
[36m--[0m Using CATKIN_ENABLE_TESTING: ON
[36m--[0m Call enable_testing()
[36m--[0m Using CATKIN_TEST_RESULTS_DIR: /home/conlab/ssv2_ws/build/explore_lite/test_results
[36m--[0m Forcing gtest/gmock from source, though one was otherwise available.
[36m--[0m Found gtest sources under '/usr/src/googletest': gtests will be built
[36m--[0m Found gmock sources under '/usr/src/googletest': gmock will be built
CMake Deprecation Warning at /usr/src/googletest/CMakeLists.txt:4 (cmake_minimum_required):
  Compatibility with CMake < 2.8.12 will be removed from a future version of
  CMake.

  Update the VERSION argument <min> value or use a ...<max> suffix to tell
  CMake that the project does not need compatibility with older versions.


CMake Deprecation Warning at /usr/src/googletest/googlemock/CMakeLists.txt:45 (cmake_minimum_required):
  Compatibility with CMake < 2.8.12 will be removed from a future version of
  CMake.

  Update the VERSION argument <min> value or use a ...<max> suffix to tell
  CMake that the project does not need compatibility with older versions.


CMake Deprecation Warning at /usr/src/googletest/googletest/CMakeLists.txt:56 (cmake_minimum_required):
  Compatibility with CMake < 2.8.12 will be removed from a future version of
  CMake.

  Update the VERSION argument <min> value or use a ...<max> suffix to tell
  CMake that the project does not need compatibility with older versions.


[36m--[0m Found PythonInterp: /usr/bin/python3 (found version "3.8.10")
[36m--[0m Using Python nosetests: /usr/bin/nosetests3
[36m--[0m catkin 0.8.10
[36m--[0m BUILD_SHARED_LIBS is on
[36m--[0m Using these message generators: gencpp;geneus;genlisp;gennodejs;genpy
[31m[1mCMake Error[0m at /home/conlab/ssv2_ws/devel/share/jackal_2dnav/cmake/jackal_2dnavConfig.cmake:173 (message):
  Project 'explore_lite' tried to find library 'jackal_2dnav'.  The library
  is neither a target nor built/installed properly.  Did you compile project
  'jackal_2dnav'? Did you find_package() it before the subdirectory
  containing its code is included?
[36mCall Stack (most recent call first):[0m
  /opt/ros/noetic/share/catkin/cmake/catkinConfig.cmake:76 (find_package)
  CMakeLists.txt:5 (find_package)


[36m--[0m Configuring incomplete, errors occurred!
See also "/home/conlab/ssv2_ws/build/explore_lite/CMakeFiles/CMakeOutput.log".
See also "/home/conlab/ssv2_ws/build/explore_lite/CMakeFiles/CMakeError.log".
make: *** [Makefile:1633: cmake_check_build_system] Error 1
