[01m[K/home/conlab/ssv2_ws/src/m-explore/explore/src/explore.cpp:[m[K In member function ‘[01m[Kvoid explore::Explore::makePlan()[m[K’:
[01m[K/home/conlab/ssv2_ws/src/m-explore/explore/src/explore.cpp:220:22:[m[K [01;31m[Kerror: [m[Kcannot convert ‘[01m[Kgeometry_msgs::Pose_<std::allocator<void> >[m[K’ to ‘[01m[Kgeometry_msgs::Point[m[K’ {aka ‘[01m[Kgeometry_msgs::Point_<std::allocator<void> >[m[K’}
  220 |   sGoalSort(sGoals_, [01;31m[Kpose[m[K);
      |                      [01;31m[K^~~~[m[K
      |                      [01;31m[K|[m[K
      |                      [01;31m[Kgeometry_msgs::Pose_<std::allocator<void> >[m[K
[01m[K/home/conlab/ssv2_ws/src/m-explore/explore/src/explore.cpp:197:80:[m[K [01;36m[Knote: [m[K  initializing argument 2 of ‘[01m[Kvoid explore::Explore::sGoalSort(std::vector<explore::Explore::sGoal>&, geometry_msgs::Point)[m[K’
  197 | void Explore::sGoalSort(std::vector<sGoal> &sGoals, [01;36m[Kconst geometry_msgs::Point position[m[K){
      |                                                     [01;36m[K~~~~~~~~~~~~~~~~~~~~~~~~~~~^~~~~~~~[m[K
[01m[K/home/conlab/ssv2_ws/src/m-explore/explore/src/explore.cpp:[m[K In lambda function:
[01m[K/home/conlab/ssv2_ws/src/m-explore/explore/src/explore.cpp:249:7:[m[K [01;31m[Kerror: [m[K‘[01m[Kfrontier[m[K’ is not captured
  249 |   if ([01;31m[Kfrontier[m[K == frontiers.end()) {
      |       [01;31m[K^~~~~~~~[m[K
[01m[K/home/conlab/ssv2_ws/src/m-explore/explore/src/explore.cpp:246:38:[m[K [01;36m[Knote: [m[Kthe lambda has no capture-default
  246 |                                 [this[01;36m[K][m[K(const sGoal& s) {
      |                                      [01;36m[K^[m[K
[01m[K/home/conlab/ssv2_ws/src/m-explore/explore/src/explore.cpp:238:8:[m[K [01;36m[Knote: [m[K‘[01m[K__gnu_cxx::__normal_iterator<frontier_exploration::Frontier*, std::vector<frontier_exploration::Frontier> > frontier[m[K’ declared here
  238 |   auto [01;36m[Kfrontier[m[K =
      |        [01;36m[K^~~~~~~~[m[K
[01m[K/home/conlab/ssv2_ws/src/m-explore/explore/src/explore.cpp:249:19:[m[K [01;31m[Kerror: [m[K‘[01m[Kfrontiers[m[K’ is not captured
  249 |   if (frontier == [01;31m[Kfrontiers[m[K.end()) {
      |                   [01;31m[K^~~~~~~~~[m[K
[01m[K/home/conlab/ssv2_ws/src/m-explore/explore/src/explore.cpp:246:38:[m[K [01;36m[Knote: [m[Kthe lambda has no capture-default
  246 |                                 [this[01;36m[K][m[K(const sGoal& s) {
      |                                      [01;36m[K^[m[K
[01m[K/home/conlab/ssv2_ws/src/m-explore/explore/src/explore.cpp:216:8:[m[K [01;36m[Knote: [m[K‘[01m[Kstd::vector<frontier_exploration::Frontier> frontiers[m[K’ declared here
  216 |   auto [01;36m[Kfrontiers[m[K = search_.searchFrom(pose.position);
      |        [01;36m[K^~~~~~~~~[m[K
[01m[K/home/conlab/ssv2_ws/src/m-explore/explore/src/explore.cpp:252:5:[m[K [01;31m[Kerror: [m[Kinconsistent types ‘[01m[Kbool[m[K’ and ‘[01m[Kvoid[m[K’ deduced for lambda return type
  252 |     [01;31m[Kreturn[m[K;
      |     [01;31m[K^~~~~~[m[K
[01m[K/home/conlab/ssv2_ws/src/m-explore/explore/src/explore.cpp:258:6:[m[K [01;31m[Kerror: [m[Kuse of ‘[01m[KbestS[m[K’ before deduction of ‘[01m[Kauto[m[K’
  258 |   if([01;31m[KbestS[m[K.sPoint.x != 0 && bestS.sPoint.y != 0){
      |      [01;31m[K^~~~~[m[K
[01m[K/home/conlab/ssv2_ws/src/m-explore/explore/src/explore.cpp:258:29:[m[K [01;31m[Kerror: [m[Kuse of ‘[01m[KbestS[m[K’ before deduction of ‘[01m[Kauto[m[K’
  258 |   if(bestS.sPoint.x != 0 && [01;31m[KbestS[m[K.sPoint.y != 0){
      |                             [01;31m[K^~~~~[m[K
[01m[K/home/conlab/ssv2_ws/src/m-explore/explore/src/explore.cpp:259:44:[m[K [01;31m[Kerror: [m[Kuse of ‘[01m[KbestS[m[K’ before deduction of ‘[01m[Kauto[m[K’
  259 |     geometry_msgs::Point target_position = [01;31m[KbestS[m[K.sPoint;
      |                                            [01;31m[K^~~~~[m[K
[01m[K/home/conlab/ssv2_ws/src/m-explore/explore/src/explore.cpp:263:44:[m[K [01;31m[Kerror: [m[K‘[01m[Kfrontier[m[K’ is not captured
  263 |     geometry_msgs::Point target_position = [01;31m[Kfrontier[m[K->centroid;
      |                                            [01;31m[K^~~~~~~~[m[K
[01m[K/home/conlab/ssv2_ws/src/m-explore/explore/src/explore.cpp:246:38:[m[K [01;36m[Knote: [m[Kthe lambda has no capture-default
  246 |                                 [this[01;36m[K][m[K(const sGoal& s) {
      |                                      [01;36m[K^[m[K
[01m[K/home/conlab/ssv2_ws/src/m-explore/explore/src/explore.cpp:238:8:[m[K [01;36m[Knote: [m[K‘[01m[K__gnu_cxx::__normal_iterator<frontier_exploration::Frontier*, std::vector<frontier_exploration::Frontier> > frontier[m[K’ declared here
  238 |   auto [01;36m[Kfrontier[m[K =
      |        [01;36m[K^~~~~~~~[m[K
[01m[K/home/conlab/ssv2_ws/src/m-explore/explore/src/explore.cpp:268:34:[m[K [01;31m[Kerror: [m[K‘[01m[Ktarget_position[m[K’ was not declared in this scope
  268 |   bool same_goal = prev_goal_ == [01;31m[Ktarget_position[m[K;
      |                                  [01;31m[K^~~~~~~~~~~~~~~[m[K
[01m[K/home/conlab/ssv2_ws/src/m-explore/explore/src/explore.cpp:273:40:[m[K [01;31m[Kerror: [m[K‘[01m[Kfrontier[m[K’ is not captured
  273 |     if (!same_goal || prev_distance_ > [01;31m[Kfrontier[m[K->min_distance) {
      |                                        [01;31m[K^~~~~~~~[m[K
[01m[K/home/conlab/ssv2_ws/src/m-explore/explore/src/explore.cpp:246:38:[m[K [01;36m[Knote: [m[Kthe lambda has no capture-default
  246 |                                 [this[01;36m[K][m[K(const sGoal& s) {
      |                                      [01;36m[K^[m[K
[01m[K/home/conlab/ssv2_ws/src/m-explore/explore/src/explore.cpp:238:8:[m[K [01;36m[Knote: [m[K‘[01m[K__gnu_cxx::__normal_iterator<frontier_exploration::Frontier*, std::vector<frontier_exploration::Frontier> > frontier[m[K’ declared here
  238 |   auto [01;36m[Kfrontier[m[K =
      |        [01;36m[K^~~~~~~~[m[K
[01m[K/home/conlab/ssv2_ws/src/m-explore/explore/src/explore.cpp:276:24:[m[K [01;31m[Kerror: [m[K‘[01m[Kfrontier[m[K’ is not captured
  276 |       prev_distance_ = [01;31m[Kfrontier[m[K->min_distance;
      |                        [01;31m[K^~~~~~~~[m[K
[01m[K/home/conlab/ssv2_ws/src/m-explore/explore/src/explore.cpp:246:38:[m[K [01;36m[Knote: [m[Kthe lambda has no capture-default
  246 |                                 [this[01;36m[K][m[K(const sGoal& s) {
      |                                      [01;36m[K^[m[K
[01m[K/home/conlab/ssv2_ws/src/m-explore/explore/src/explore.cpp:238:8:[m[K [01;36m[Knote: [m[K‘[01m[K__gnu_cxx::__normal_iterator<frontier_exploration::Frontier*, std::vector<frontier_exploration::Frontier> > frontier[m[K’ declared here
  238 |   auto [01;36m[Kfrontier[m[K =
      |        [01;36m[K^~~~~~~~[m[K
[01m[K/home/conlab/ssv2_ws/src/m-explore/explore/src/explore.cpp:281:40:[m[K [01;31m[Kerror: [m[Kuse of ‘[01m[KbestS[m[K’ before deduction of ‘[01m[Kauto[m[K’
  281 |     if (!same_goal || prev_distance_ > [01;31m[KbestS[m[K.distance) {
      |                                        [01;31m[K^~~~~[m[K
[01m[K/home/conlab/ssv2_ws/src/m-explore/explore/src/explore.cpp:284:24:[m[K [01;31m[Kerror: [m[K‘[01m[Kfrontier[m[K’ is not captured
  284 |       prev_distance_ = [01;31m[Kfrontier[m[K->min_distance;
      |                        [01;31m[K^~~~~~~~[m[K
[01m[K/home/conlab/ssv2_ws/src/m-explore/explore/src/explore.cpp:246:38:[m[K [01;36m[Knote: [m[Kthe lambda has no capture-default
  246 |                                 [this[01;36m[K][m[K(const sGoal& s) {
      |                                      [01;36m[K^[m[K
[01m[K/home/conlab/ssv2_ws/src/m-explore/explore/src/explore.cpp:238:8:[m[K [01;36m[Knote: [m[K‘[01m[K__gnu_cxx::__normal_iterator<frontier_exploration::Frontier*, std::vector<frontier_exploration::Frontier> > frontier[m[K’ declared here
  238 |   auto [01;36m[Kfrontier[m[K =
      |        [01;36m[K^~~~~~~~[m[K
[01m[K/home/conlab/ssv2_ws/src/m-explore/explore/src/explore.cpp:293:5:[m[K [01;31m[Kerror: [m[Kinconsistent types ‘[01m[Kbool[m[K’ and ‘[01m[Kvoid[m[K’ deduced for lambda return type
  293 |     [01;31m[Kreturn[m[K;
      |     [01;31m[K^~~~~~[m[K
[01m[K/home/conlab/ssv2_ws/src/m-explore/explore/src/explore.cpp:298:5:[m[K [01;31m[Kerror: [m[Kinconsistent types ‘[01m[Kbool[m[K’ and ‘[01m[Kvoid[m[K’ deduced for lambda return type
  298 |     [01;31m[Kreturn[m[K;
      |     [01;31m[K^~~~~~[m[K
[01m[K/home/conlab/ssv2_ws/src/m-explore/explore/src/explore.cpp:[m[K In lambda function:
[01m[K/home/conlab/ssv2_ws/src/m-explore/explore/src/explore.cpp:311:37:[m[K [01;31m[Kerror: [m[K‘[01m[Ktarget_position[m[K’ is not captured
  311 |         reachedGoal(status, result, [01;31m[Ktarget_position[m[K);
      |                                     [01;31m[K^~~~~~~~~~~~~~~[m[K
[01m[K/home/conlab/ssv2_ws/src/m-explore/explore/src/explore.cpp:308:35:[m[K [01;36m[Knote: [m[Kthe lambda has no capture-default
  308 |       goal, [this, target_position[01;36m[K][m[K(
      |                                   [01;36m[K^[m[K
[01m[K/home/conlab/ssv2_ws/src/m-explore/explore/src/explore.cpp:268:34:[m[K [01;36m[Knote: [m[K‘[01m[K<typeprefixerror>target_position[m[K’ declared here
  268 |   bool same_goal = prev_goal_ == [01;36m[Ktarget_position[m[K;
      |                                  [01;36m[K^~~~~~~~~~~~~~~[m[K
[01m[K/home/conlab/ssv2_ws/src/m-explore/explore/src/explore.cpp:[m[K In member function ‘[01m[Kvoid explore::Explore::makePlan()[m[K’:
[01m[K/home/conlab/ssv2_ws/src/m-explore/explore/src/explore.cpp:313:2:[m[K [01;31m[Kerror: [m[Kexpected ‘[01m[K)[m[K’ before ‘[01m[Kbool[m[K’
  313 | }
      |  [01;31m[K^[m[K
      |  [32m[K)[m[K
  314 | 
  315 | [32m[Kbool[m[K Explore::goalOnBlacklist(const geometry_msgs::Point& goal)
      | [32m[K~~~~[m[K
[01m[K/home/conlab/ssv2_ws/src/m-explore/explore/src/explore.cpp:245:32:[m[K [01;36m[Knote: [m[Kto match this ‘[01m[K([m[K’
  245 |   auto bestS = std::find_if_not[01;36m[K([m[KsGoals_.begin(), sGoals_.end(),
      |                                [01;36m[K^[m[K
[01m[K/home/conlab/ssv2_ws/src/m-explore/explore/src/explore.cpp:363:1:[m[K [01;31m[Kerror: [m[Kexpected ‘[01m[K,[m[K’ or ‘[01m[K;[m[K’ before ‘[01m[K}[m[K’ token
  363 | [01;31m[K}[m[K  // namespace explore
      | [01;31m[K^[m[K
[01m[K/home/conlab/ssv2_ws/src/m-explore/explore/src/explore.cpp:[m[K At global scope:
[01m[K/home/conlab/ssv2_ws/src/m-explore/explore/src/explore.cpp:376:1:[m[K [01;31m[Kerror: [m[Kexpected ‘[01m[K}[m[K’ at end of input
  376 | [01;31m[K}[m[K
      | [01;31m[K^[m[K
[01m[K/home/conlab/ssv2_ws/src/m-explore/explore/src/explore.cpp:52:1:[m[K [01;36m[Knote: [m[Kto match this ‘[01m[K{[m[K’
   52 | [01;36m[K{[m[K
      | [01;36m[K^[m[K
make[2]: *** [CMakeFiles/explore.dir/build.make:95: CMakeFiles/explore.dir/src/explore.cpp.o] Error 1
make[1]: *** [CMakeFiles/Makefile2:449: CMakeFiles/explore.dir/all] Error 2
make: *** [Makefile:160: all] Error 2
