CMake Deprecation Warning at /usr/src/googletest/CMakeLists.txt:4 (cmake_minimum_required):
  Compatibility with CMake < 2.8.12 will be removed from a future version of
  CMake.

  Update the VERSION argument <min> value or use a ...<max> suffix to tell
  CMake that the project does not need compatibility with older versions.


CMake Deprecation Warning at /usr/src/googletest/googlemock/CMakeLists.txt:45 (cmake_minimum_required):
  Compatibility with CMake < 2.8.12 will be removed from a future version of
  CMake.

  Update the VERSION argument <min> value or use a ...<max> suffix to tell
  CMake that the project does not need compatibility with older versions.


CMake Deprecation Warning at /usr/src/googletest/googletest/CMakeLists.txt:56 (cmake_minimum_required):
  Compatibility with CMake < 2.8.12 will be removed from a future version of
  CMake.

  Update the VERSION argument <min> value or use a ...<max> suffix to tell
  CMake that the project does not need compatibility with older versions.


[31m[1mCMake Error[0m at /home/conlab/ssv2_ws/devel/share/jackal_2dnav/cmake/jackal_2dnavConfig.cmake:173 (message):
  Project 'explore_lite' tried to find library 'jackal_2dnav'.  The library
  is neither a target nor built/installed properly.  Did you compile project
  'jackal_2dnav'? Did you find_package() it before the subdirectory
  containing its code is included?
[36mCall Stack (most recent call first):[0m
  CMakeLists.txt:19 (find_package)


make: *** [Makefile:1633: cmake_check_build_system] Error 1
