[  0%] Built target bond_generate_messages_lisp
[  0%] Built target octomap_msgs_generate_messages_nodejs
[  0%] Built target octomap_msgs_generate_messages_py
[  0%] Built target std_srvs_generate_messages_nodejs
[  0%] Built target std_srvs_generate_messages_eus
[  0%] Built target pcl_msgs_generate_messages_lisp
[  0%] Built target topic_tools_generate_messages_py
[  0%] Built target octomap_msgs_generate_messages_cpp
[  0%] Built target topic_tools_generate_messages_lisp
[  0%] Built target octomap_msgs_generate_messages_eus
[  0%] Built target std_srvs_generate_messages_lisp
[  0%] Built target pcl_msgs_generate_messages_nodejs
[  0%] Built target octomap_msgs_generate_messages_lisp
[  0%] Built target topic_tools_generate_messages_eus
[  0%] Built target pcl_msgs_generate_messages_eus
[  0%] Built target std_srvs_generate_messages_cpp
[  0%] Built target nodelet_topic_tools_gencfg
[  0%] Built target pcl_msgs_generate_messages_cpp
[  0%] Built target costmap_2d_generate_messages_nodejs
[  0%] Built target bond_generate_messages_py
[  0%] Built target map_msgs_generate_messages_nodejs
[  0%] Built target geometry_msgs_generate_messages_cpp
[  0%] Built target dynamic_reconfigure_gencfg
[  0%] Built target costmap_2d_generate_messages_py
[  0%] Built target rosgraph_msgs_generate_messages_nodejs
[  0%] Built target actionlib_generate_messages_nodejs
[  0%] Built target actionlib_msgs_generate_messages_cpp
[  0%] Built target sensor_msgs_generate_messages_eus
[  0%] Built target move_base_msgs_generate_messages_eus
[  0%] Built target jackal_2dnav_generate_messages_py
[  0%] Built target std_msgs_generate_messages_nodejs
[  0%] Built target visualization_msgs_generate_messages_py
[  0%] Built target jackal_2dnav_generate_messages_nodejs
[  0%] Built target std_srvs_generate_messages_py
[  0%] Built target tf_generate_messages_nodejs
[  0%] Built target roscpp_generate_messages_py
[  0%] Built target dynamic_reconfigure_generate_messages_nodejs
[  0%] Built target actionlib_generate_messages_lisp
[  0%] Built target actionlib_msgs_generate_messages_eus
[  0%] Built target map_msgs_generate_messages_cpp
[  0%] Built target _catkin_empty_exported_target
[  0%] Built target pcl_msgs_generate_messages_py
[  0%] Built target tf_generate_messages_lisp
[  0%] Built target nav_msgs_generate_messages_py
[  0%] Built target dynamic_reconfigure_generate_messages_eus
[  0%] Built target bond_generate_messages_nodejs
[  0%] Built target rosgraph_msgs_generate_messages_eus
[  0%] Built target costmap_2d_gencfg
[  0%] Built target costmap_2d_generate_messages_cpp
[  0%] Built target topic_tools_generate_messages_nodejs
[  0%] Built target std_msgs_generate_messages_py
[  0%] Built target rosgraph_msgs_generate_messages_lisp
[  0%] Built target sensor_msgs_generate_messages_lisp
[  0%] Built target visualization_msgs_generate_messages_eus
[  0%] Built target geometry_msgs_generate_messages_py
[  0%] Built target geometry_msgs_generate_messages_lisp
[  0%] Built target std_msgs_generate_messages_lisp
[  0%] Built target actionlib_msgs_generate_messages_nodejs
[  0%] Built target roscpp_generate_messages_nodejs
[  0%] Built target rosgraph_msgs_generate_messages_cpp
[  0%] Built target dynamic_reconfigure_generate_messages_py
[  0%] Built target tf2_msgs_generate_messages_py
[  0%] Built target sensor_msgs_generate_messages_py
[  0%] Built target actionlib_generate_messages_py
[  0%] Built target geometry_msgs_generate_messages_nodejs
[  0%] Built target geometry_msgs_generate_messages_eus
[  0%] Built target nodelet_generate_messages_py
[  0%] Built target tf_generate_messages_cpp
[  0%] Built target actionlib_msgs_generate_messages_py
[  0%] Built target roscpp_generate_messages_cpp
[  0%] Built target dynamic_reconfigure_generate_messages_lisp
[  0%] Built target std_msgs_generate_messages_eus
[  0%] Built target move_base_msgs_generate_messages_cpp
[  0%] Built target roscpp_generate_messages_lisp
[  0%] Built target dynamic_reconfigure_generate_messages_cpp
[  0%] Built target costmap_2d_generate_messages_eus
[  0%] Built target rosgraph_msgs_generate_messages_py
[  0%] Built target bond_generate_messages_eus
[  0%] Built target tf_generate_messages_eus
[  0%] Built target actionlib_generate_messages_cpp
[  0%] Built target roscpp_generate_messages_eus
[  0%] Built target actionlib_generate_messages_eus
[  0%] Built target map_msgs_generate_messages_lisp
[  0%] Built target tf_generate_messages_py
[  0%] Built target costmap_2d_generate_messages_lisp
[  0%] Built target sensor_msgs_generate_messages_nodejs
[  0%] Built target tf2_msgs_generate_messages_cpp
[  0%] Built target sensor_msgs_generate_messages_cpp
[  0%] Built target map_msgs_generate_messages_py
[  0%] Built target std_msgs_generate_messages_cpp
[  0%] Built target tf2_msgs_generate_messages_nodejs
[  0%] Built target move_base_msgs_generate_messages_nodejs
[  0%] Built target nodelet_generate_messages_cpp
[  0%] Built target topic_tools_generate_messages_cpp
[  0%] Built target nodelet_generate_messages_eus
[  0%] Built target map_msgs_generate_messages_eus
[  0%] Built target tf2_msgs_generate_messages_lisp
[  0%] Built target nav_msgs_generate_messages_cpp
[  0%] Built target tf2_msgs_generate_messages_eus
[  0%] Built target jackal_2dnav_generate_messages_cpp
[  0%] Built target nav_msgs_generate_messages_lisp
[  0%] Built target visualization_msgs_generate_messages_cpp
[  0%] Built target pcl_ros_gencfg
[  0%] Built target nav_msgs_generate_messages_eus
[  0%] Built target visualization_msgs_generate_messages_lisp
[  0%] Built target nav_msgs_generate_messages_nodejs
[  0%] Built target visualization_msgs_generate_messages_nodejs
[  0%] Built target move_base_msgs_generate_messages_lisp
[  0%] Built target actionlib_msgs_generate_messages_lisp
[  0%] Built target nodelet_generate_messages_lisp
[  0%] Built target jackal_2dnav_generate_messages_eus
[  0%] Built target jackal_2dnav_generate_messages_lisp
[  0%] Built target bond_generate_messages_cpp
[  0%] Built target move_base_msgs_generate_messages_py
[  0%] Built target nodelet_generate_messages_nodejs
[35m[1mScanning dependencies of target explore[0m
[ 25%] [32mBuilding CXX object CMakeFiles/explore.dir/src/costmap_client.cpp.o[0m
[01m[K/home/conlab/ssv2_ws/src/m-explore/explore/src/costmap_client.cpp:[m[K In member function ‘[01m[Kvoid explore::Costmap2DClient::updateFullMap(const ConstPtr&)[m[K’:
[01m[K/home/conlab/ssv2_ws/src/m-explore/explore/src/costmap_client.cpp:126:28:[m[K [01;31m[Kerror: [m[Kexpected ‘[01m[K;[m[K’ before ‘[01m[K)[m[K’ token
  126 |             size_in_cells_y[01;31m[K)[m[K;
      |                            [01;31m[K^[m[K
      |                            [32m[K;[m[K
make[2]: *** [CMakeFiles/explore.dir/build.make:82: CMakeFiles/explore.dir/src/costmap_client.cpp.o] Error 1
make[1]: *** [CMakeFiles/Makefile2:449: CMakeFiles/explore.dir/all] Error 2
make: *** [Makefile:160: all] Error 2
