[  0%] Built target bond_generate_messages_lisp
[  0%] Built target octomap_msgs_generate_messages_py
[  0%] Built target octomap_msgs_generate_messages_eus
[  0%] Built target std_srvs_generate_messages_lisp
[  0%] Built target topic_tools_generate_messages_eus
[  0%] Built target pcl_msgs_generate_messages_eus
[  0%] Built target std_srvs_generate_messages_nodejs
[  0%] Built target octomap_msgs_generate_messages_nodejs
[  0%] Built target pcl_msgs_generate_messages_nodejs
[  0%] Built target pcl_msgs_generate_messages_lisp
[  0%] Built target std_srvs_generate_messages_cpp
[  0%] Built target octomap_msgs_generate_messages_lisp
[  0%] Built target std_srvs_generate_messages_eus
[  0%] Built target topic_tools_generate_messages_lisp
[  0%] Built target topic_tools_generate_messages_py
[  0%] Built target octomap_msgs_generate_messages_cpp
[  0%] Built target pcl_msgs_generate_messages_cpp
[  0%] Built target nodelet_topic_tools_gencfg
[  0%] Built target bond_generate_messages_py
[  0%] Built target geometry_msgs_generate_messages_cpp
[  0%] Built target dynamic_reconfigure_gencfg
[  0%] Built target costmap_2d_generate_messages_nodejs
[  0%] Built target map_msgs_generate_messages_nodejs
[  0%] Built target rosgraph_msgs_generate_messages_nodejs
[  0%] Built target costmap_2d_generate_messages_py
[  0%] Built target actionlib_msgs_generate_messages_cpp
[  0%] Built target sensor_msgs_generate_messages_eus
[  0%] Built target jackal_2dnav_generate_messages_py
[  0%] Built target jackal_2dnav_generate_messages_nodejs
[  0%] Built target actionlib_generate_messages_nodejs
[  0%] Built target std_msgs_generate_messages_nodejs
[  0%] Built target visualization_msgs_generate_messages_py
[  0%] Built target move_base_msgs_generate_messages_eus
[  0%] Built target roscpp_generate_messages_py
[  0%] Built target actionlib_generate_messages_lisp
[  0%] Built target std_srvs_generate_messages_py
[  0%] Built target tf_generate_messages_nodejs
[  0%] Built target actionlib_msgs_generate_messages_eus
[  0%] Built target map_msgs_generate_messages_cpp
[  0%] Built target dynamic_reconfigure_generate_messages_nodejs
[  0%] Built target _catkin_empty_exported_target
[  0%] Built target pcl_msgs_generate_messages_py
[  0%] Built target bond_generate_messages_nodejs
[  0%] Built target visualization_msgs_generate_messages_eus
[  0%] Built target rosgraph_msgs_generate_messages_eus
[  0%] Built target dynamic_reconfigure_generate_messages_eus
[  0%] Built target nav_msgs_generate_messages_py
[  0%] Built target std_msgs_generate_messages_py
[  0%] Built target tf_generate_messages_lisp
[  0%] Built target costmap_2d_generate_messages_cpp
[  0%] Built target rosgraph_msgs_generate_messages_lisp
[  0%] Built target topic_tools_generate_messages_nodejs
[  0%] Built target geometry_msgs_generate_messages_lisp
[  0%] Built target std_msgs_generate_messages_lisp
[  0%] Built target costmap_2d_gencfg
[  0%] Built target geometry_msgs_generate_messages_py
[  0%] Built target sensor_msgs_generate_messages_lisp
[  0%] Built target dynamic_reconfigure_generate_messages_py
[  0%] Built target actionlib_generate_messages_py
[  0%] Built target roscpp_generate_messages_nodejs
[  0%] Built target sensor_msgs_generate_messages_py
[  0%] Built target actionlib_msgs_generate_messages_nodejs
[  0%] Built target tf2_msgs_generate_messages_py
[  0%] Built target tf_generate_messages_cpp
[  0%] Built target rosgraph_msgs_generate_messages_cpp
[  0%] Built target geometry_msgs_generate_messages_eus
[  0%] Built target nodelet_generate_messages_py
[  0%] Built target move_base_msgs_generate_messages_cpp
[  0%] Built target roscpp_generate_messages_cpp
[  0%] Built target dynamic_reconfigure_generate_messages_lisp
[  0%] Built target geometry_msgs_generate_messages_nodejs
[  0%] Built target actionlib_generate_messages_eus
[  0%] Built target roscpp_generate_messages_lisp
[  0%] Built target rosgraph_msgs_generate_messages_py
[  0%] Built target std_msgs_generate_messages_eus
[  0%] Built target actionlib_msgs_generate_messages_py
[  0%] Built target actionlib_generate_messages_cpp
[  0%] Built target costmap_2d_generate_messages_eus
[  0%] Built target dynamic_reconfigure_generate_messages_cpp
[  0%] Built target roscpp_generate_messages_eus
[  0%] Built target bond_generate_messages_eus
[  0%] Built target sensor_msgs_generate_messages_cpp
[  0%] Built target tf_generate_messages_eus
[  0%] Built target tf_generate_messages_py
[  0%] Built target costmap_2d_generate_messages_lisp
[  0%] Built target map_msgs_generate_messages_lisp
[  0%] Built target sensor_msgs_generate_messages_nodejs
[  0%] Built target std_msgs_generate_messages_cpp
[  0%] Built target tf2_msgs_generate_messages_cpp
[  0%] Built target map_msgs_generate_messages_py
[  0%] Built target nodelet_generate_messages_cpp
[  0%] Built target move_base_msgs_generate_messages_nodejs
[  0%] Built target tf2_msgs_generate_messages_nodejs
[  0%] Built target nodelet_generate_messages_eus
[  0%] Built target map_msgs_generate_messages_eus
[  0%] Built target topic_tools_generate_messages_cpp
[  0%] Built target tf2_msgs_generate_messages_lisp
[  0%] Built target tf2_msgs_generate_messages_eus
[  0%] Built target nav_msgs_generate_messages_cpp
[  0%] Built target visualization_msgs_generate_messages_cpp
[  0%] Built target pcl_ros_gencfg
[  0%] Built target nav_msgs_generate_messages_eus
[  0%] Built target nav_msgs_generate_messages_lisp
[  0%] Built target nav_msgs_generate_messages_nodejs
[  0%] Built target visualization_msgs_generate_messages_lisp
[  0%] Built target actionlib_msgs_generate_messages_lisp
[  0%] Built target visualization_msgs_generate_messages_nodejs
[  0%] Built target jackal_2dnav_generate_messages_cpp
[  0%] Built target jackal_2dnav_generate_messages_lisp
[  0%] Built target jackal_2dnav_generate_messages_eus
[  0%] Built target move_base_msgs_generate_messages_lisp
[  0%] Built target nodelet_generate_messages_lisp
[  0%] Built target move_base_msgs_generate_messages_py
[  0%] Built target nodelet_generate_messages_nodejs
[  0%] Built target bond_generate_messages_cpp
[35m[1mScanning dependencies of target explore[0m
[ 25%] [32mBuilding CXX object CMakeFiles/explore.dir/src/explore.cpp.o[0m
[01m[K/home/conlab/ssv2_ws/src/m-explore/explore/src/explore.cpp:[m[K In member function ‘[01m[Kvoid explore::Explore::sPoseCallback(const sPoses&)[m[K’:
[01m[K/home/conlab/ssv2_ws/src/m-explore/explore/src/explore.cpp:187:16:[m[K [01;31m[Kerror: [m[K‘[01m[Kconst sPoses[m[K’ {aka ‘[01m[Kconst struct jackal_2dnav::sPoses_<std::allocator<void> >[m[K’} has no member named ‘[01m[Kposes[m[K’; did you mean ‘[01m[KsPoses[m[K’?
  187 |   if(sPose_msg.[01;31m[Kposes[m[K.size() > 0){
      |                [01;31m[K^~~~~[m[K
      |                [32m[KsPoses[m[K
[01m[K/home/conlab/ssv2_ws/src/m-explore/explore/src/explore.cpp:193:34:[m[K [01;31m[Kerror: [m[K‘[01m[Kconst sPoses[m[K’ {aka ‘[01m[Kconst struct jackal_2dnav::sPoses_<std::allocator<void> >[m[K’} has no member named ‘[01m[Kposes[m[K’; did you mean ‘[01m[KsPoses[m[K’?
  193 |     for(int i = 0; i < sPose_msg.[01;31m[Kposes[m[K.size(); ++i){
      |                                  [01;31m[K^~~~~[m[K
      |                                  [32m[KsPoses[m[K
[01m[K/home/conlab/ssv2_ws/src/m-explore/explore/src/explore.cpp:195:33:[m[K [01;31m[Kerror: [m[K‘[01m[Kconst sPoses[m[K’ {aka ‘[01m[Kconst struct jackal_2dnav::sPoses_<std::allocator<void> >[m[K’} has no member named ‘[01m[Kposes[m[K’; did you mean ‘[01m[KsPoses[m[K’?
  195 |       temp.sPoint.x = sPose_msg.[01;31m[Kposes[m[K[i].position.x;
      |                                 [01;31m[K^~~~~[m[K
      |                                 [32m[KsPoses[m[K
[01m[K/home/conlab/ssv2_ws/src/m-explore/explore/src/explore.cpp:196:33:[m[K [01;31m[Kerror: [m[K‘[01m[Kconst sPoses[m[K’ {aka ‘[01m[Kconst struct jackal_2dnav::sPoses_<std::allocator<void> >[m[K’} has no member named ‘[01m[Kposes[m[K’; did you mean ‘[01m[KsPoses[m[K’?
  196 |       temp.sPoint.y = sPose_msg.[01;31m[Kposes[m[K[i].position.y;
      |                                 [01;31m[K^~~~~[m[K
      |                                 [32m[KsPoses[m[K
make[2]: *** [CMakeFiles/explore.dir/build.make:95: CMakeFiles/explore.dir/src/explore.cpp.o] Error 1
make[1]: *** [CMakeFiles/Makefile2:449: CMakeFiles/explore.dir/all] Error 2
make: *** [Makefile:160: all] Error 2
