[  0%] Built target trajectory_msgs_generate_messages_eus
[  0%] Built target actionlib_generate_messages_py
[  0%] Built target trajectory_msgs_generate_messages_nodejs
[  0%] Built target trajectory_msgs_generate_messages_lisp
[  0%] Built target trajectory_msgs_generate_messages_py
[ 28%] Built target realsense_gazebo_gyro_sensor
[ 28%] Built target dynamic_reconfigure_gencfg
[ 57%] Built target realsense_gazebo_accel_sensor
[ 57%] Built target gazebo_msgs_generate_messages_py
[ 57%] Built target dynamic_reconfigure_generate_messages_nodejs
[ 57%] Built target dynamic_reconfigure_generate_messages_py
[ 57%] Built target dynamic_reconfigure_generate_messages_lisp
[ 57%] Built target dynamic_reconfigure_generate_messages_eus
[ 57%] Built target tf2_msgs_generate_messages_nodejs
[ 57%] Built target tf2_msgs_generate_messages_lisp
[ 57%] Built target tf2_msgs_generate_messages_eus
[ 57%] Built target tf2_msgs_generate_messages_cpp
[ 57%] Built target dynamic_reconfigure_generate_messages_cpp
[ 57%] Built target actionlib_msgs_generate_messages_py
[ 57%] Built target tf2_msgs_generate_messages_py
[ 57%] Built target actionlib_msgs_generate_messages_nodejs
[ 57%] Built target geometry_msgs_generate_messages_eus
[ 57%] Built target actionlib_msgs_generate_messages_lisp
[ 57%] Built target roscpp_generate_messages_lisp
[ 57%] Built target std_msgs_generate_messages_py
[ 57%] Built target roscpp_generate_messages_cpp
[ 57%] Built target roscpp_generate_messages_nodejs
[ 57%] Built target std_srvs_generate_messages_cpp
[ 57%] Built target roscpp_generate_messages_eus
[ 57%] Built target tf_generate_messages_eus
[ 57%] Built target rosgraph_msgs_generate_messages_nodejs
[ 57%] Built target std_msgs_generate_messages_eus
[ 57%] Built target std_srvs_generate_messages_py
[ 57%] Built target std_msgs_generate_messages_lisp
[ 57%] Built target std_srvs_generate_messages_lisp
[ 57%] Built target sensor_msgs_generate_messages_nodejs
[ 57%] Built target trajectory_msgs_generate_messages_cpp
[ 57%] Built target geometry_msgs_generate_messages_lisp
[ 57%] Built target geometry_msgs_generate_messages_cpp
[ 57%] Built target rosgraph_msgs_generate_messages_cpp
[ 57%] Built target geometry_msgs_generate_messages_nodejs
[ 57%] Built target gazebo_ros_gencfg
[ 57%] Built target rosgraph_msgs_generate_messages_lisp
[ 57%] Built target actionlib_generate_messages_eus
[ 57%] Built target rosgraph_msgs_generate_messages_eus
[ 57%] Built target gazebo_msgs_generate_messages_eus
[ 57%] Built target gazebo_msgs_generate_messages_nodejs
[ 57%] Built target gazebo_msgs_generate_messages_cpp
[ 57%] Built target std_msgs_generate_messages_nodejs
[ 57%] Built target tf_generate_messages_cpp
[ 57%] Built target geometry_msgs_generate_messages_py
[ 57%] Built target std_srvs_generate_messages_eus
[ 57%] Built target std_srvs_generate_messages_nodejs
[ 57%] Built target rosgraph_msgs_generate_messages_py
[ 57%] Built target tf_generate_messages_lisp
[ 57%] Built target roscpp_generate_messages_py
[ 57%] Built target tf_generate_messages_nodejs
[ 57%] Built target gazebo_msgs_generate_messages_lisp
[ 57%] Built target tf_generate_messages_py
[ 57%] Built target sensor_msgs_generate_messages_lisp
[ 57%] Built target sensor_msgs_generate_messages_cpp
[ 57%] Built target sensor_msgs_generate_messages_py
[ 57%] Built target actionlib_generate_messages_cpp
[ 57%] Built target actionlib_msgs_generate_messages_eus
[ 57%] Built target actionlib_generate_messages_nodejs
[ 57%] Built target actionlib_generate_messages_lisp
[ 57%] Built target sensor_msgs_generate_messages_eus
[ 57%] Built target std_msgs_generate_messages_cpp
[ 57%] Built target actionlib_msgs_generate_messages_cpp
[100%] Built target realsense_gazebo_plugin
