[01m[K/home/conlab/ssv2_ws/src/new_layers/src/terrain_layer.cpp:[m[K In member function ‘[01m[Kvirtual void terrain_layer_namespace::TerrainLayer::updateBounds(double, double, double, double*, double*, double*, double*)[m[K’:
[01m[K/home/conlab/ssv2_ws/src/new_layers/src/terrain_layer.cpp:74:29:[m[K [01;31m[Kerror: [m[Kno matching function for call to ‘[01m[Kterrain_layer_namespace::TerrainLayer::setCost(unsigned int&, unsigned int&)[m[K’
   74 |           setCost(mapX, mapY[01;31m[K)[m[K, GRASS_COST_);
      |                             [01;31m[K^[m[K
In file included from [01m[K/opt/ros/noetic/include/costmap_2d/layer.h:40[m[K,
                 from [01m[K/home/conlab/ssv2_ws/src/new_layers/include/new_layers/terrain_layer.h:6[m[K,
                 from [01m[K/home/conlab/ssv2_ws/src/new_layers/src/terrain_layer.cpp:1[m[K:
[01m[K/opt/ros/noetic/include/costmap_2d/costmap_2d.h:124:8:[m[K [01;36m[Knote: [m[Kcandidate: ‘[01m[Kvoid costmap_2d::Costmap2D::setCost(unsigned int, unsigned int, unsigned char)[m[K’
  124 |   void [01;36m[KsetCost[m[K(unsigned int mx, unsigned int my, unsigned char cost);
      |        [01;36m[K^~~~~~~[m[K
[01m[K/opt/ros/noetic/include/costmap_2d/costmap_2d.h:124:8:[m[K [01;36m[Knote: [m[K  candidate expects 3 arguments, 2 provided
[01m[K/home/conlab/ssv2_ws/src/new_layers/src/terrain_layer.cpp:77:39:[m[K [01;31m[Kerror: [m[Kno matching function for call to ‘[01m[Kmin(double&, unsigned int&)[m[K’
   77 |         *min_x = std::min(*min_x, mapX[01;31m[K)[m[K;
      |                                       [01;31m[K^[m[K
In file included from [01m[K/usr/include/c++/9/bits/char_traits.h:39[m[K,
                 from [01m[K/usr/include/c++/9/string:40[m[K,
                 from [01m[K/opt/ros/noetic/include/ros/platform.h:38[m[K,
                 from [01m[K/opt/ros/noetic/include/ros/time.h:53[m[K,
                 from [01m[K/opt/ros/noetic/include/ros/ros.h:38[m[K,
                 from [01m[K/home/conlab/ssv2_ws/src/new_layers/include/new_layers/terrain_layer.h:4[m[K,
                 from [01m[K/home/conlab/ssv2_ws/src/new_layers/src/terrain_layer.cpp:1[m[K:
[01m[K/usr/include/c++/9/bits/stl_algobase.h:198:5:[m[K [01;36m[Knote: [m[Kcandidate: ‘[01m[Ktemplate<class _Tp> constexpr const _Tp& std::min(const _Tp&, const _Tp&)[m[K’
  198 |     [01;36m[Kmin[m[K(const _Tp& __a, const _Tp& __b)
      |     [01;36m[K^~~[m[K
[01m[K/usr/include/c++/9/bits/stl_algobase.h:198:5:[m[K [01;36m[Knote: [m[K  template argument deduction/substitution failed:
[01m[K/home/conlab/ssv2_ws/src/new_layers/src/terrain_layer.cpp:77:39:[m[K [01;36m[Knote: [m[K  deduced conflicting types for parameter ‘[01m[Kconst _Tp[m[K’ (‘[01m[Kdouble[m[K’ and ‘[01m[Kunsigned int[m[K’)
   77 |         *min_x = std::min(*min_x, mapX[01;36m[K)[m[K;
      |                                       [01;36m[K^[m[K
In file included from [01m[K/usr/include/c++/9/bits/char_traits.h:39[m[K,
                 from [01m[K/usr/include/c++/9/string:40[m[K,
                 from [01m[K/opt/ros/noetic/include/ros/platform.h:38[m[K,
                 from [01m[K/opt/ros/noetic/include/ros/time.h:53[m[K,
                 from [01m[K/opt/ros/noetic/include/ros/ros.h:38[m[K,
                 from [01m[K/home/conlab/ssv2_ws/src/new_layers/include/new_layers/terrain_layer.h:4[m[K,
                 from [01m[K/home/conlab/ssv2_ws/src/new_layers/src/terrain_layer.cpp:1[m[K:
[01m[K/usr/include/c++/9/bits/stl_algobase.h:246:5:[m[K [01;36m[Knote: [m[Kcandidate: ‘[01m[Ktemplate<class _Tp, class _Compare> constexpr const _Tp& std::min(const _Tp&, const _Tp&, _Compare)[m[K’
  246 |     [01;36m[Kmin[m[K(const _Tp& __a, const _Tp& __b, _Compare __comp)
      |     [01;36m[K^~~[m[K
[01m[K/usr/include/c++/9/bits/stl_algobase.h:246:5:[m[K [01;36m[Knote: [m[K  template argument deduction/substitution failed:
[01m[K/home/conlab/ssv2_ws/src/new_layers/src/terrain_layer.cpp:77:39:[m[K [01;36m[Knote: [m[K  deduced conflicting types for parameter ‘[01m[Kconst _Tp[m[K’ (‘[01m[Kdouble[m[K’ and ‘[01m[Kunsigned int[m[K’)
   77 |         *min_x = std::min(*min_x, mapX[01;36m[K)[m[K;
      |                                       [01;36m[K^[m[K
In file included from [01m[K/usr/include/c++/9/algorithm:62[m[K,
                 from [01m[K/usr/include/boost/math/tools/config.hpp:18[m[K,
                 from [01m[K/usr/include/boost/math/special_functions/round.hpp:13[m[K,
                 from [01m[K/opt/ros/noetic/include/ros/time.h:58[m[K,
                 from [01m[K/opt/ros/noetic/include/ros/ros.h:38[m[K,
                 from [01m[K/home/conlab/ssv2_ws/src/new_layers/include/new_layers/terrain_layer.h:4[m[K,
                 from [01m[K/home/conlab/ssv2_ws/src/new_layers/src/terrain_layer.cpp:1[m[K:
[01m[K/usr/include/c++/9/bits/stl_algo.h:3450:5:[m[K [01;36m[Knote: [m[Kcandidate: ‘[01m[Ktemplate<class _Tp> constexpr _Tp std::min(std::initializer_list<_Tp>)[m[K’
 3450 |     [01;36m[Kmin[m[K(initializer_list<_Tp> __l)
      |     [01;36m[K^~~[m[K
[01m[K/usr/include/c++/9/bits/stl_algo.h:3450:5:[m[K [01;36m[Knote: [m[K  template argument deduction/substitution failed:
[01m[K/home/conlab/ssv2_ws/src/new_layers/src/terrain_layer.cpp:77:39:[m[K [01;36m[Knote: [m[K  mismatched types ‘[01m[Kstd::initializer_list<_Tp>[m[K’ and ‘[01m[Kdouble[m[K’
   77 |         *min_x = std::min(*min_x, mapX[01;36m[K)[m[K;
      |                                       [01;36m[K^[m[K
In file included from [01m[K/usr/include/c++/9/algorithm:62[m[K,
                 from [01m[K/usr/include/boost/math/tools/config.hpp:18[m[K,
                 from [01m[K/usr/include/boost/math/special_functions/round.hpp:13[m[K,
                 from [01m[K/opt/ros/noetic/include/ros/time.h:58[m[K,
                 from [01m[K/opt/ros/noetic/include/ros/ros.h:38[m[K,
                 from [01m[K/home/conlab/ssv2_ws/src/new_layers/include/new_layers/terrain_layer.h:4[m[K,
                 from [01m[K/home/conlab/ssv2_ws/src/new_layers/src/terrain_layer.cpp:1[m[K:
[01m[K/usr/include/c++/9/bits/stl_algo.h:3456:5:[m[K [01;36m[Knote: [m[Kcandidate: ‘[01m[Ktemplate<class _Tp, class _Compare> constexpr _Tp std::min(std::initializer_list<_Tp>, _Compare)[m[K’
 3456 |     [01;36m[Kmin[m[K(initializer_list<_Tp> __l, _Compare __comp)
      |     [01;36m[K^~~[m[K
[01m[K/usr/include/c++/9/bits/stl_algo.h:3456:5:[m[K [01;36m[Knote: [m[K  template argument deduction/substitution failed:
[01m[K/home/conlab/ssv2_ws/src/new_layers/src/terrain_layer.cpp:77:39:[m[K [01;36m[Knote: [m[K  mismatched types ‘[01m[Kstd::initializer_list<_Tp>[m[K’ and ‘[01m[Kdouble[m[K’
   77 |         *min_x = std::min(*min_x, mapX[01;36m[K)[m[K;
      |                                       [01;36m[K^[m[K
[01m[K/home/conlab/ssv2_ws/src/new_layers/src/terrain_layer.cpp:78:39:[m[K [01;31m[Kerror: [m[Kno matching function for call to ‘[01m[Kmax(double&, unsigned int&)[m[K’
   78 |         *max_x = std::max(*max_x, mapX[01;31m[K)[m[K;
      |                                       [01;31m[K^[m[K
In file included from [01m[K/usr/include/c++/9/bits/char_traits.h:39[m[K,
                 from [01m[K/usr/include/c++/9/string:40[m[K,
                 from [01m[K/opt/ros/noetic/include/ros/platform.h:38[m[K,
                 from [01m[K/opt/ros/noetic/include/ros/time.h:53[m[K,
                 from [01m[K/opt/ros/noetic/include/ros/ros.h:38[m[K,
                 from [01m[K/home/conlab/ssv2_ws/src/new_layers/include/new_layers/terrain_layer.h:4[m[K,
                 from [01m[K/home/conlab/ssv2_ws/src/new_layers/src/terrain_layer.cpp:1[m[K:
[01m[K/usr/include/c++/9/bits/stl_algobase.h:222:5:[m[K [01;36m[Knote: [m[Kcandidate: ‘[01m[Ktemplate<class _Tp> constexpr const _Tp& std::max(const _Tp&, const _Tp&)[m[K’
  222 |     [01;36m[Kmax[m[K(const _Tp& __a, const _Tp& __b)
      |     [01;36m[K^~~[m[K
[01m[K/usr/include/c++/9/bits/stl_algobase.h:222:5:[m[K [01;36m[Knote: [m[K  template argument deduction/substitution failed:
[01m[K/home/conlab/ssv2_ws/src/new_layers/src/terrain_layer.cpp:78:39:[m[K [01;36m[Knote: [m[K  deduced conflicting types for parameter ‘[01m[Kconst _Tp[m[K’ (‘[01m[Kdouble[m[K’ and ‘[01m[Kunsigned int[m[K’)
   78 |         *max_x = std::max(*max_x, mapX[01;36m[K)[m[K;
      |                                       [01;36m[K^[m[K
In file included from [01m[K/usr/include/c++/9/bits/char_traits.h:39[m[K,
                 from [01m[K/usr/include/c++/9/string:40[m[K,
                 from [01m[K/opt/ros/noetic/include/ros/platform.h:38[m[K,
                 from [01m[K/opt/ros/noetic/include/ros/time.h:53[m[K,
                 from [01m[K/opt/ros/noetic/include/ros/ros.h:38[m[K,
                 from [01m[K/home/conlab/ssv2_ws/src/new_layers/include/new_layers/terrain_layer.h:4[m[K,
                 from [01m[K/home/conlab/ssv2_ws/src/new_layers/src/terrain_layer.cpp:1[m[K:
[01m[K/usr/include/c++/9/bits/stl_algobase.h:268:5:[m[K [01;36m[Knote: [m[Kcandidate: ‘[01m[Ktemplate<class _Tp, class _Compare> constexpr const _Tp& std::max(const _Tp&, const _Tp&, _Compare)[m[K’
  268 |     [01;36m[Kmax[m[K(const _Tp& __a, const _Tp& __b, _Compare __comp)
      |     [01;36m[K^~~[m[K
[01m[K/usr/include/c++/9/bits/stl_algobase.h:268:5:[m[K [01;36m[Knote: [m[K  template argument deduction/substitution failed:
[01m[K/home/conlab/ssv2_ws/src/new_layers/src/terrain_layer.cpp:78:39:[m[K [01;36m[Knote: [m[K  deduced conflicting types for parameter ‘[01m[Kconst _Tp[m[K’ (‘[01m[Kdouble[m[K’ and ‘[01m[Kunsigned int[m[K’)
   78 |         *max_x = std::max(*max_x, mapX[01;36m[K)[m[K;
      |                                       [01;36m[K^[m[K
In file included from [01m[K/usr/include/c++/9/algorithm:62[m[K,
                 from [01m[K/usr/include/boost/math/tools/config.hpp:18[m[K,
                 from [01m[K/usr/include/boost/math/special_functions/round.hpp:13[m[K,
                 from [01m[K/opt/ros/noetic/include/ros/time.h:58[m[K,
                 from [01m[K/opt/ros/noetic/include/ros/ros.h:38[m[K,
                 from [01m[K/home/conlab/ssv2_ws/src/new_layers/include/new_layers/terrain_layer.h:4[m[K,
                 from [01m[K/home/conlab/ssv2_ws/src/new_layers/src/terrain_layer.cpp:1[m[K:
[01m[K/usr/include/c++/9/bits/stl_algo.h:3462:5:[m[K [01;36m[Knote: [m[Kcandidate: ‘[01m[Ktemplate<class _Tp> constexpr _Tp std::max(std::initializer_list<_Tp>)[m[K’
 3462 |     [01;36m[Kmax[m[K(initializer_list<_Tp> __l)
      |     [01;36m[K^~~[m[K
[01m[K/usr/include/c++/9/bits/stl_algo.h:3462:5:[m[K [01;36m[Knote: [m[K  template argument deduction/substitution failed:
[01m[K/home/conlab/ssv2_ws/src/new_layers/src/terrain_layer.cpp:78:39:[m[K [01;36m[Knote: [m[K  mismatched types ‘[01m[Kstd::initializer_list<_Tp>[m[K’ and ‘[01m[Kdouble[m[K’
   78 |         *max_x = std::max(*max_x, mapX[01;36m[K)[m[K;
      |                                       [01;36m[K^[m[K
In file included from [01m[K/usr/include/c++/9/algorithm:62[m[K,
                 from [01m[K/usr/include/boost/math/tools/config.hpp:18[m[K,
                 from [01m[K/usr/include/boost/math/special_functions/round.hpp:13[m[K,
                 from [01m[K/opt/ros/noetic/include/ros/time.h:58[m[K,
                 from [01m[K/opt/ros/noetic/include/ros/ros.h:38[m[K,
                 from [01m[K/home/conlab/ssv2_ws/src/new_layers/include/new_layers/terrain_layer.h:4[m[K,
                 from [01m[K/home/conlab/ssv2_ws/src/new_layers/src/terrain_layer.cpp:1[m[K:
[01m[K/usr/include/c++/9/bits/stl_algo.h:3468:5:[m[K [01;36m[Knote: [m[Kcandidate: ‘[01m[Ktemplate<class _Tp, class _Compare> constexpr _Tp std::max(std::initializer_list<_Tp>, _Compare)[m[K’
 3468 |     [01;36m[Kmax[m[K(initializer_list<_Tp> __l, _Compare __comp)
      |     [01;36m[K^~~[m[K
[01m[K/usr/include/c++/9/bits/stl_algo.h:3468:5:[m[K [01;36m[Knote: [m[K  template argument deduction/substitution failed:
[01m[K/home/conlab/ssv2_ws/src/new_layers/src/terrain_layer.cpp:78:39:[m[K [01;36m[Knote: [m[K  mismatched types ‘[01m[Kstd::initializer_list<_Tp>[m[K’ and ‘[01m[Kdouble[m[K’
   78 |         *max_x = std::max(*max_x, mapX[01;36m[K)[m[K;
      |                                       [01;36m[K^[m[K
[01m[K/home/conlab/ssv2_ws/src/new_layers/src/terrain_layer.cpp:80:39:[m[K [01;31m[Kerror: [m[Kno matching function for call to ‘[01m[Kmin(double&, unsigned int&)[m[K’
   80 |         *min_y = std::min(*min_y, mapY[01;31m[K)[m[K;
      |                                       [01;31m[K^[m[K
In file included from [01m[K/usr/include/c++/9/bits/char_traits.h:39[m[K,
                 from [01m[K/usr/include/c++/9/string:40[m[K,
                 from [01m[K/opt/ros/noetic/include/ros/platform.h:38[m[K,
                 from [01m[K/opt/ros/noetic/include/ros/time.h:53[m[K,
                 from [01m[K/opt/ros/noetic/include/ros/ros.h:38[m[K,
                 from [01m[K/home/conlab/ssv2_ws/src/new_layers/include/new_layers/terrain_layer.h:4[m[K,
                 from [01m[K/home/conlab/ssv2_ws/src/new_layers/src/terrain_layer.cpp:1[m[K:
[01m[K/usr/include/c++/9/bits/stl_algobase.h:198:5:[m[K [01;36m[Knote: [m[Kcandidate: ‘[01m[Ktemplate<class _Tp> constexpr const _Tp& std::min(const _Tp&, const _Tp&)[m[K’
  198 |     [01;36m[Kmin[m[K(const _Tp& __a, const _Tp& __b)
      |     [01;36m[K^~~[m[K
[01m[K/usr/include/c++/9/bits/stl_algobase.h:198:5:[m[K [01;36m[Knote: [m[K  template argument deduction/substitution failed:
[01m[K/home/conlab/ssv2_ws/src/new_layers/src/terrain_layer.cpp:80:39:[m[K [01;36m[Knote: [m[K  deduced conflicting types for parameter ‘[01m[Kconst _Tp[m[K’ (‘[01m[Kdouble[m[K’ and ‘[01m[Kunsigned int[m[K’)
   80 |         *min_y = std::min(*min_y, mapY[01;36m[K)[m[K;
      |                                       [01;36m[K^[m[K
In file included from [01m[K/usr/include/c++/9/bits/char_traits.h:39[m[K,
                 from [01m[K/usr/include/c++/9/string:40[m[K,
                 from [01m[K/opt/ros/noetic/include/ros/platform.h:38[m[K,
                 from [01m[K/opt/ros/noetic/include/ros/time.h:53[m[K,
                 from [01m[K/opt/ros/noetic/include/ros/ros.h:38[m[K,
                 from [01m[K/home/conlab/ssv2_ws/src/new_layers/include/new_layers/terrain_layer.h:4[m[K,
                 from [01m[K/home/conlab/ssv2_ws/src/new_layers/src/terrain_layer.cpp:1[m[K:
[01m[K/usr/include/c++/9/bits/stl_algobase.h:246:5:[m[K [01;36m[Knote: [m[Kcandidate: ‘[01m[Ktemplate<class _Tp, class _Compare> constexpr const _Tp& std::min(const _Tp&, const _Tp&, _Compare)[m[K’
  246 |     [01;36m[Kmin[m[K(const _Tp& __a, const _Tp& __b, _Compare __comp)
      |     [01;36m[K^~~[m[K
[01m[K/usr/include/c++/9/bits/stl_algobase.h:246:5:[m[K [01;36m[Knote: [m[K  template argument deduction/substitution failed:
[01m[K/home/conlab/ssv2_ws/src/new_layers/src/terrain_layer.cpp:80:39:[m[K [01;36m[Knote: [m[K  deduced conflicting types for parameter ‘[01m[Kconst _Tp[m[K’ (‘[01m[Kdouble[m[K’ and ‘[01m[Kunsigned int[m[K’)
   80 |         *min_y = std::min(*min_y, mapY[01;36m[K)[m[K;
      |                                       [01;36m[K^[m[K
In file included from [01m[K/usr/include/c++/9/algorithm:62[m[K,
                 from [01m[K/usr/include/boost/math/tools/config.hpp:18[m[K,
                 from [01m[K/usr/include/boost/math/special_functions/round.hpp:13[m[K,
                 from [01m[K/opt/ros/noetic/include/ros/time.h:58[m[K,
                 from [01m[K/opt/ros/noetic/include/ros/ros.h:38[m[K,
                 from [01m[K/home/conlab/ssv2_ws/src/new_layers/include/new_layers/terrain_layer.h:4[m[K,
                 from [01m[K/home/conlab/ssv2_ws/src/new_layers/src/terrain_layer.cpp:1[m[K:
[01m[K/usr/include/c++/9/bits/stl_algo.h:3450:5:[m[K [01;36m[Knote: [m[Kcandidate: ‘[01m[Ktemplate<class _Tp> constexpr _Tp std::min(std::initializer_list<_Tp>)[m[K’
 3450 |     [01;36m[Kmin[m[K(initializer_list<_Tp> __l)
      |     [01;36m[K^~~[m[K
[01m[K/usr/include/c++/9/bits/stl_algo.h:3450:5:[m[K [01;36m[Knote: [m[K  template argument deduction/substitution failed:
[01m[K/home/conlab/ssv2_ws/src/new_layers/src/terrain_layer.cpp:80:39:[m[K [01;36m[Knote: [m[K  mismatched types ‘[01m[Kstd::initializer_list<_Tp>[m[K’ and ‘[01m[Kdouble[m[K’
   80 |         *min_y = std::min(*min_y, mapY[01;36m[K)[m[K;
      |                                       [01;36m[K^[m[K
In file included from [01m[K/usr/include/c++/9/algorithm:62[m[K,
                 from [01m[K/usr/include/boost/math/tools/config.hpp:18[m[K,
                 from [01m[K/usr/include/boost/math/special_functions/round.hpp:13[m[K,
                 from [01m[K/opt/ros/noetic/include/ros/time.h:58[m[K,
                 from [01m[K/opt/ros/noetic/include/ros/ros.h:38[m[K,
                 from [01m[K/home/conlab/ssv2_ws/src/new_layers/include/new_layers/terrain_layer.h:4[m[K,
                 from [01m[K/home/conlab/ssv2_ws/src/new_layers/src/terrain_layer.cpp:1[m[K:
[01m[K/usr/include/c++/9/bits/stl_algo.h:3456:5:[m[K [01;36m[Knote: [m[Kcandidate: ‘[01m[Ktemplate<class _Tp, class _Compare> constexpr _Tp std::min(std::initializer_list<_Tp>, _Compare)[m[K’
 3456 |     [01;36m[Kmin[m[K(initializer_list<_Tp> __l, _Compare __comp)
      |     [01;36m[K^~~[m[K
[01m[K/usr/include/c++/9/bits/stl_algo.h:3456:5:[m[K [01;36m[Knote: [m[K  template argument deduction/substitution failed:
[01m[K/home/conlab/ssv2_ws/src/new_layers/src/terrain_layer.cpp:80:39:[m[K [01;36m[Knote: [m[K  mismatched types ‘[01m[Kstd::initializer_list<_Tp>[m[K’ and ‘[01m[Kdouble[m[K’
   80 |         *min_y = std::min(*min_y, mapY[01;36m[K)[m[K;
      |                                       [01;36m[K^[m[K
[01m[K/home/conlab/ssv2_ws/src/new_layers/src/terrain_layer.cpp:81:39:[m[K [01;31m[Kerror: [m[Kno matching function for call to ‘[01m[Kmax(double&, unsigned int&)[m[K’
   81 |         *max_y = std::max(*max_y, mapY[01;31m[K)[m[K;
      |                                       [01;31m[K^[m[K
In file included from [01m[K/usr/include/c++/9/bits/char_traits.h:39[m[K,
                 from [01m[K/usr/include/c++/9/string:40[m[K,
                 from [01m[K/opt/ros/noetic/include/ros/platform.h:38[m[K,
                 from [01m[K/opt/ros/noetic/include/ros/time.h:53[m[K,
                 from [01m[K/opt/ros/noetic/include/ros/ros.h:38[m[K,
                 from [01m[K/home/conlab/ssv2_ws/src/new_layers/include/new_layers/terrain_layer.h:4[m[K,
                 from [01m[K/home/conlab/ssv2_ws/src/new_layers/src/terrain_layer.cpp:1[m[K:
[01m[K/usr/include/c++/9/bits/stl_algobase.h:222:5:[m[K [01;36m[Knote: [m[Kcandidate: ‘[01m[Ktemplate<class _Tp> constexpr const _Tp& std::max(const _Tp&, const _Tp&)[m[K’
  222 |     [01;36m[Kmax[m[K(const _Tp& __a, const _Tp& __b)
      |     [01;36m[K^~~[m[K
[01m[K/usr/include/c++/9/bits/stl_algobase.h:222:5:[m[K [01;36m[Knote: [m[K  template argument deduction/substitution failed:
[01m[K/home/conlab/ssv2_ws/src/new_layers/src/terrain_layer.cpp:81:39:[m[K [01;36m[Knote: [m[K  deduced conflicting types for parameter ‘[01m[Kconst _Tp[m[K’ (‘[01m[Kdouble[m[K’ and ‘[01m[Kunsigned int[m[K’)
   81 |         *max_y = std::max(*max_y, mapY[01;36m[K)[m[K;
      |                                       [01;36m[K^[m[K
In file included from [01m[K/usr/include/c++/9/bits/char_traits.h:39[m[K,
                 from [01m[K/usr/include/c++/9/string:40[m[K,
                 from [01m[K/opt/ros/noetic/include/ros/platform.h:38[m[K,
                 from [01m[K/opt/ros/noetic/include/ros/time.h:53[m[K,
                 from [01m[K/opt/ros/noetic/include/ros/ros.h:38[m[K,
                 from [01m[K/home/conlab/ssv2_ws/src/new_layers/include/new_layers/terrain_layer.h:4[m[K,
                 from [01m[K/home/conlab/ssv2_ws/src/new_layers/src/terrain_layer.cpp:1[m[K:
[01m[K/usr/include/c++/9/bits/stl_algobase.h:268:5:[m[K [01;36m[Knote: [m[Kcandidate: ‘[01m[Ktemplate<class _Tp, class _Compare> constexpr const _Tp& std::max(const _Tp&, const _Tp&, _Compare)[m[K’
  268 |     [01;36m[Kmax[m[K(const _Tp& __a, const _Tp& __b, _Compare __comp)
      |     [01;36m[K^~~[m[K
[01m[K/usr/include/c++/9/bits/stl_algobase.h:268:5:[m[K [01;36m[Knote: [m[K  template argument deduction/substitution failed:
[01m[K/home/conlab/ssv2_ws/src/new_layers/src/terrain_layer.cpp:81:39:[m[K [01;36m[Knote: [m[K  deduced conflicting types for parameter ‘[01m[Kconst _Tp[m[K’ (‘[01m[Kdouble[m[K’ and ‘[01m[Kunsigned int[m[K’)
   81 |         *max_y = std::max(*max_y, mapY[01;36m[K)[m[K;
      |                                       [01;36m[K^[m[K
In file included from [01m[K/usr/include/c++/9/algorithm:62[m[K,
                 from [01m[K/usr/include/boost/math/tools/config.hpp:18[m[K,
                 from [01m[K/usr/include/boost/math/special_functions/round.hpp:13[m[K,
                 from [01m[K/opt/ros/noetic/include/ros/time.h:58[m[K,
                 from [01m[K/opt/ros/noetic/include/ros/ros.h:38[m[K,
                 from [01m[K/home/conlab/ssv2_ws/src/new_layers/include/new_layers/terrain_layer.h:4[m[K,
                 from [01m[K/home/conlab/ssv2_ws/src/new_layers/src/terrain_layer.cpp:1[m[K:
[01m[K/usr/include/c++/9/bits/stl_algo.h:3462:5:[m[K [01;36m[Knote: [m[Kcandidate: ‘[01m[Ktemplate<class _Tp> constexpr _Tp std::max(std::initializer_list<_Tp>)[m[K’
 3462 |     [01;36m[Kmax[m[K(initializer_list<_Tp> __l)
      |     [01;36m[K^~~[m[K
[01m[K/usr/include/c++/9/bits/stl_algo.h:3462:5:[m[K [01;36m[Knote: [m[K  template argument deduction/substitution failed:
[01m[K/home/conlab/ssv2_ws/src/new_layers/src/terrain_layer.cpp:81:39:[m[K [01;36m[Knote: [m[K  mismatched types ‘[01m[Kstd::initializer_list<_Tp>[m[K’ and ‘[01m[Kdouble[m[K’
   81 |         *max_y = std::max(*max_y, mapY[01;36m[K)[m[K;
      |                                       [01;36m[K^[m[K
In file included from [01m[K/usr/include/c++/9/algorithm:62[m[K,
                 from [01m[K/usr/include/boost/math/tools/config.hpp:18[m[K,
                 from [01m[K/usr/include/boost/math/special_functions/round.hpp:13[m[K,
                 from [01m[K/opt/ros/noetic/include/ros/time.h:58[m[K,
                 from [01m[K/opt/ros/noetic/include/ros/ros.h:38[m[K,
                 from [01m[K/home/conlab/ssv2_ws/src/new_layers/include/new_layers/terrain_layer.h:4[m[K,
                 from [01m[K/home/conlab/ssv2_ws/src/new_layers/src/terrain_layer.cpp:1[m[K:
[01m[K/usr/include/c++/9/bits/stl_algo.h:3468:5:[m[K [01;36m[Knote: [m[Kcandidate: ‘[01m[Ktemplate<class _Tp, class _Compare> constexpr _Tp std::max(std::initializer_list<_Tp>, _Compare)[m[K’
 3468 |     [01;36m[Kmax[m[K(initializer_list<_Tp> __l, _Compare __comp)
      |     [01;36m[K^~~[m[K
[01m[K/usr/include/c++/9/bits/stl_algo.h:3468:5:[m[K [01;36m[Knote: [m[K  template argument deduction/substitution failed:
[01m[K/home/conlab/ssv2_ws/src/new_layers/src/terrain_layer.cpp:81:39:[m[K [01;36m[Knote: [m[K  mismatched types ‘[01m[Kstd::initializer_list<_Tp>[m[K’ and ‘[01m[Kdouble[m[K’
   81 |         *max_y = std::max(*max_y, mapY[01;36m[K)[m[K;
      |                                       [01;36m[K^[m[K
make[2]: *** [CMakeFiles/new_layers.dir/build.make:82: CMakeFiles/new_layers.dir/src/terrain_layer.cpp.o] Error 1
make[1]: *** [CMakeFiles/Makefile2:269: CMakeFiles/new_layers.dir/all] Error 2
make: *** [Makefile:160: all] Error 2
