[01m[K/home/conlab/ssv2_ws/src/jackal_2dnav/src/semantic_navigation.cpp:[m[K In member function ‘[01m[Kvoid semanticExplore::semanticCallback(const Octomap&)[m[K’:
[01m[K/home/conlab/ssv2_ws/src/jackal_2dnav/src/semantic_navigation.cpp:67:18:[m[K [01;35m[Kwarning: [m[Knarrowing conversion of ‘[01m[Kit.octomap::OcTreeBaseImpl<octomap::ColorOcTreeNode, octomap::AbstractOccupancyOcTree>::leaf_iterator::<anonymous>.octomap::OcTreeBaseImpl<octomap::ColorOcTreeNode, octomap::AbstractOccupancyOcTree>::iterator_base::getX()[m[K’ from ‘[01m[Kdouble[m[K’ to ‘[01m[Kfloat[m[K’ [[01;35m[K-Wnarrowing[m[K]
   67 |           [01;35m[Kit.getX()[m[K, // center x
      |           [01;35m[K~~~~~~~^~[m[K
[01m[K/home/conlab/ssv2_ws/src/jackal_2dnav/src/semantic_navigation.cpp:68:18:[m[K [01;35m[Kwarning: [m[Knarrowing conversion of ‘[01m[Kit.octomap::OcTreeBaseImpl<octomap::ColorOcTreeNode, octomap::AbstractOccupancyOcTree>::leaf_iterator::<anonymous>.octomap::OcTreeBaseImpl<octomap::ColorOcTreeNode, octomap::AbstractOccupancyOcTree>::iterator_base::getY()[m[K’ from ‘[01m[Kdouble[m[K’ to ‘[01m[Kfloat[m[K’ [[01;35m[K-Wnarrowing[m[K]
   68 |           [01;35m[Kit.getY()[m[K, // center y
      |           [01;35m[K~~~~~~~^~[m[K
[01m[K/home/conlab/ssv2_ws/src/jackal_2dnav/src/semantic_navigation.cpp:71:21:[m[K [01;35m[Kwarning: [m[Knarrowing conversion of ‘[01m[K(it.octomap::OcTreeBaseImpl<octomap::ColorOcTreeNode, octomap::AbstractOccupancyOcTree>::leaf_iterator::<anonymous>.octomap::OcTreeBaseImpl<octomap::ColorOcTreeNode, octomap::AbstractOccupancyOcTree>::iterator_base::getX() - it.octomap::OcTreeBaseImpl<octomap::ColorOcTreeNode, octomap::AbstractOccupancyOcTree>::leaf_iterator::<anonymous>.octomap::OcTreeBaseImpl<octomap::ColorOcTreeNode, octomap::AbstractOccupancyOcTree>::iterator_base::getSize())[m[K’ from ‘[01m[Kdouble[m[K’ to ‘[01m[Kfloat[m[K’ [[01;35m[K-Wnarrowing[m[K]
   71 |           [01;35m[Kit.getX() - it.getSize()[m[K,
      |           [01;35m[K~~~~~~~~~~^~~~~~~~~~~~~~[m[K
[01m[K/home/conlab/ssv2_ws/src/jackal_2dnav/src/semantic_navigation.cpp:72:21:[m[K [01;35m[Kwarning: [m[Knarrowing conversion of ‘[01m[K(it.octomap::OcTreeBaseImpl<octomap::ColorOcTreeNode, octomap::AbstractOccupancyOcTree>::leaf_iterator::<anonymous>.octomap::OcTreeBaseImpl<octomap::ColorOcTreeNode, octomap::AbstractOccupancyOcTree>::iterator_base::getX() + it.octomap::OcTreeBaseImpl<octomap::ColorOcTreeNode, octomap::AbstractOccupancyOcTree>::leaf_iterator::<anonymous>.octomap::OcTreeBaseImpl<octomap::ColorOcTreeNode, octomap::AbstractOccupancyOcTree>::iterator_base::getSize())[m[K’ from ‘[01m[Kdouble[m[K’ to ‘[01m[Kfloat[m[K’ [[01;35m[K-Wnarrowing[m[K]
   72 |           [01;35m[Kit.getX() + it.getSize()[m[K, // maximum x
      |           [01;35m[K~~~~~~~~~~^~~~~~~~~~~~~~[m[K
[01m[K/home/conlab/ssv2_ws/src/jackal_2dnav/src/semantic_navigation.cpp:74:21:[m[K [01;35m[Kwarning: [m[Knarrowing conversion of ‘[01m[K(it.octomap::OcTreeBaseImpl<octomap::ColorOcTreeNode, octomap::AbstractOccupancyOcTree>::leaf_iterator::<anonymous>.octomap::OcTreeBaseImpl<octomap::ColorOcTreeNode, octomap::AbstractOccupancyOcTree>::iterator_base::getY() - it.octomap::OcTreeBaseImpl<octomap::ColorOcTreeNode, octomap::AbstractOccupancyOcTree>::leaf_iterator::<anonymous>.octomap::OcTreeBaseImpl<octomap::ColorOcTreeNode, octomap::AbstractOccupancyOcTree>::iterator_base::getSize())[m[K’ from ‘[01m[Kdouble[m[K’ to ‘[01m[Kfloat[m[K’ [[01;35m[K-Wnarrowing[m[K]
   74 |           [01;35m[Kit.getY() - it.getSize()[m[K, // minimum y
      |           [01;35m[K~~~~~~~~~~^~~~~~~~~~~~~~[m[K
[01m[K/home/conlab/ssv2_ws/src/jackal_2dnav/src/semantic_navigation.cpp:75:21:[m[K [01;35m[Kwarning: [m[Knarrowing conversion of ‘[01m[K(it.octomap::OcTreeBaseImpl<octomap::ColorOcTreeNode, octomap::AbstractOccupancyOcTree>::leaf_iterator::<anonymous>.octomap::OcTreeBaseImpl<octomap::ColorOcTreeNode, octomap::AbstractOccupancyOcTree>::iterator_base::getY() + it.octomap::OcTreeBaseImpl<octomap::ColorOcTreeNode, octomap::AbstractOccupancyOcTree>::leaf_iterator::<anonymous>.octomap::OcTreeBaseImpl<octomap::ColorOcTreeNode, octomap::AbstractOccupancyOcTree>::iterator_base::getSize())[m[K’ from ‘[01m[Kdouble[m[K’ to ‘[01m[Kfloat[m[K’ [[01;35m[K-Wnarrowing[m[K]
   75 |           [01;35m[Kit.getY() + it.getSize()[m[K, // maximum y
      |           [01;35m[K~~~~~~~~~~^~~~~~~~~~~~~~[m[K
[01m[K/home/conlab/ssv2_ws/src/jackal_2dnav/src/semantic_navigation.cpp:118:22:[m[K [01;35m[Kwarning: [m[Knarrowing conversion of ‘[01m[Kit.octomap::OcTreeBaseImpl<octomap::ColorOcTreeNode, octomap::AbstractOccupancyOcTree>::leaf_iterator::<anonymous>.octomap::OcTreeBaseImpl<octomap::ColorOcTreeNode, octomap::AbstractOccupancyOcTree>::iterator_base::getX()[m[K’ from ‘[01m[Kdouble[m[K’ to ‘[01m[Kfloat[m[K’ [[01;35m[K-Wnarrowing[m[K]
  118 |               [01;35m[Kit.getX()[m[K, // center x
      |               [01;35m[K~~~~~~~^~[m[K
[01m[K/home/conlab/ssv2_ws/src/jackal_2dnav/src/semantic_navigation.cpp:119:22:[m[K [01;35m[Kwarning: [m[Knarrowing conversion of ‘[01m[Kit.octomap::OcTreeBaseImpl<octomap::ColorOcTreeNode, octomap::AbstractOccupancyOcTree>::leaf_iterator::<anonymous>.octomap::OcTreeBaseImpl<octomap::ColorOcTreeNode, octomap::AbstractOccupancyOcTree>::iterator_base::getY()[m[K’ from ‘[01m[Kdouble[m[K’ to ‘[01m[Kfloat[m[K’ [[01;35m[K-Wnarrowing[m[K]
  119 |               [01;35m[Kit.getY()[m[K, // center y
      |               [01;35m[K~~~~~~~^~[m[K
[01m[K/home/conlab/ssv2_ws/src/jackal_2dnav/src/semantic_navigation.cpp:121:25:[m[K [01;35m[Kwarning: [m[Knarrowing conversion of ‘[01m[K(it.octomap::OcTreeBaseImpl<octomap::ColorOcTreeNode, octomap::AbstractOccupancyOcTree>::leaf_iterator::<anonymous>.octomap::OcTreeBaseImpl<octomap::ColorOcTreeNode, octomap::AbstractOccupancyOcTree>::iterator_base::getX() - (it.octomap::OcTreeBaseImpl<octomap::ColorOcTreeNode, octomap::AbstractOccupancyOcTree>::leaf_iterator::<anonymous>.octomap::OcTreeBaseImpl<octomap::ColorOcTreeNode, octomap::AbstractOccupancyOcTree>::iterator_base::getSize() / (double)2))[m[K’ from ‘[01m[Kdouble[m[K’ to ‘[01m[Kfloat[m[K’ [[01;35m[K-Wnarrowing[m[K]
  121 |               [01;35m[Kit.getX() - it.getSize() / 2[m[K, // minimum x
      |               [01;35m[K~~~~~~~~~~^~~~~~~~~~~~~~~~~~[m[K
[01m[K/home/conlab/ssv2_ws/src/jackal_2dnav/src/semantic_navigation.cpp:122:25:[m[K [01;35m[Kwarning: [m[Knarrowing conversion of ‘[01m[K(it.octomap::OcTreeBaseImpl<octomap::ColorOcTreeNode, octomap::AbstractOccupancyOcTree>::leaf_iterator::<anonymous>.octomap::OcTreeBaseImpl<octomap::ColorOcTreeNode, octomap::AbstractOccupancyOcTree>::iterator_base::getX() + (it.octomap::OcTreeBaseImpl<octomap::ColorOcTreeNode, octomap::AbstractOccupancyOcTree>::leaf_iterator::<anonymous>.octomap::OcTreeBaseImpl<octomap::ColorOcTreeNode, octomap::AbstractOccupancyOcTree>::iterator_base::getSize() / (double)2))[m[K’ from ‘[01m[Kdouble[m[K’ to ‘[01m[Kfloat[m[K’ [[01;35m[K-Wnarrowing[m[K]
  122 |               [01;35m[Kit.getX() + it.getSize() / 2[m[K, // maximum x
      |               [01;35m[K~~~~~~~~~~^~~~~~~~~~~~~~~~~~[m[K
[01m[K/home/conlab/ssv2_ws/src/jackal_2dnav/src/semantic_navigation.cpp:124:25:[m[K [01;35m[Kwarning: [m[Knarrowing conversion of ‘[01m[K(it.octomap::OcTreeBaseImpl<octomap::ColorOcTreeNode, octomap::AbstractOccupancyOcTree>::leaf_iterator::<anonymous>.octomap::OcTreeBaseImpl<octomap::ColorOcTreeNode, octomap::AbstractOccupancyOcTree>::iterator_base::getY() - (it.octomap::OcTreeBaseImpl<octomap::ColorOcTreeNode, octomap::AbstractOccupancyOcTree>::leaf_iterator::<anonymous>.octomap::OcTreeBaseImpl<octomap::ColorOcTreeNode, octomap::AbstractOccupancyOcTree>::iterator_base::getSize() / (double)2))[m[K’ from ‘[01m[Kdouble[m[K’ to ‘[01m[Kfloat[m[K’ [[01;35m[K-Wnarrowing[m[K]
  124 |               [01;35m[Kit.getY() - it.getSize() / 2[m[K, // minimum y
      |               [01;35m[K~~~~~~~~~~^~~~~~~~~~~~~~~~~~[m[K
[01m[K/home/conlab/ssv2_ws/src/jackal_2dnav/src/semantic_navigation.cpp:125:25:[m[K [01;35m[Kwarning: [m[Knarrowing conversion of ‘[01m[K(it.octomap::OcTreeBaseImpl<octomap::ColorOcTreeNode, octomap::AbstractOccupancyOcTree>::leaf_iterator::<anonymous>.octomap::OcTreeBaseImpl<octomap::ColorOcTreeNode, octomap::AbstractOccupancyOcTree>::iterator_base::getY() + (it.octomap::OcTreeBaseImpl<octomap::ColorOcTreeNode, octomap::AbstractOccupancyOcTree>::leaf_iterator::<anonymous>.octomap::OcTreeBaseImpl<octomap::ColorOcTreeNode, octomap::AbstractOccupancyOcTree>::iterator_base::getSize() / (double)2))[m[K’ from ‘[01m[Kdouble[m[K’ to ‘[01m[Kfloat[m[K’ [[01;35m[K-Wnarrowing[m[K]
  125 |               [01;35m[Kit.getY() + it.getSize() / 2[m[K, // maximum y
      |               [01;35m[K~~~~~~~~~~^~~~~~~~~~~~~~~~~~[m[K
