[  0%] Built target geometry_msgs_generate_messages_py
[  0%] Built target geometry_msgs_generate_messages_eus
[  0%] Built target geometry_msgs_generate_messages_nodejs
[  0%] Built target std_msgs_generate_messages_py
[ 12%] Built target my_navigation_goals
[ 25%] Built target semantic_navigator
[ 25%] Built target std_msgs_generate_messages_eus
[ 25%] Built target geometry_msgs_generate_messages_lisp
[ 25%] Built target std_msgs_generate_messages_nodejs
[ 25%] Built target std_msgs_generate_messages_cpp
[ 25%] Built target std_msgs_generate_messages_lisp
[ 25%] Built target geometry_msgs_generate_messages_cpp
[ 25%] Built target _jackal_2dnav_generate_messages_check_deps_sInstance
[ 25%] Built target _jackal_2dnav_generate_messages_check_deps_sPoses
[ 37%] Built target jackal_2dnav_generate_messages_lisp
[ 56%] Built target jackal_2dnav_generate_messages_py
[ 68%] Built target jackal_2dnav_generate_messages_nodejs
[ 87%] Built target jackal_2dnav_generate_messages_eus
[100%] Built target jackal_2dnav_generate_messages_cpp
[100%] Built target jackal_2dnav_generate_messages
