[01m[K/home/conlab/ssv2_ws/src/jackal_2dnav/src/semantic_navigation.cpp:[m[K In member function ‘[01m[Kvoid semanticExploration::semanticCallback(const Octomap&)[m[K’:
[01m[K/home/conlab/ssv2_ws/src/jackal_2dnav/src/semantic_navigation.cpp:53:58:[m[K [01;31m[Kerror: [m[K‘[01m[Koctomap::OcTreeBaseImpl<octomap::OcTreeNode, octomap::AbstractOccupancyOcTree>::NodeType[m[K’ {aka ‘[01m[Kclass octomap::OcTreeNode[m[K’} has no member named ‘[01m[KgetColor[m[K’
   53 |       octomap::ColorOcTreeNode::Color currentColor = it->[01;31m[KgetColor[m[K();
      |                                                          [01;31m[K^~~~~~~~[m[K
[01m[K/home/conlab/ssv2_ws/src/jackal_2dnav/src/semantic_navigation.cpp:72:20:[m[K [01;35m[Kwarning: [m[Knarrowing conversion of ‘[01m[Kit.octomap::OcTreeBaseImpl<octomap::OcTreeNode, octomap::AbstractOccupancyOcTree>::leaf_iterator::<anonymous>.octomap::OcTreeBaseImpl<octomap::OcTreeNode, octomap::AbstractOccupancyOcTree>::iterator_base::getX()[m[K’ from ‘[01m[Kdouble[m[K’ to ‘[01m[Kfloat[m[K’ [[01;35m[K-Wnarrowing[m[K]
   72 |             [01;35m[Kit.getX()[m[K, // center x
      |             [01;35m[K~~~~~~~^~[m[K
[01m[K/home/conlab/ssv2_ws/src/jackal_2dnav/src/semantic_navigation.cpp:73:20:[m[K [01;35m[Kwarning: [m[Knarrowing conversion of ‘[01m[Kit.octomap::OcTreeBaseImpl<octomap::OcTreeNode, octomap::AbstractOccupancyOcTree>::leaf_iterator::<anonymous>.octomap::OcTreeBaseImpl<octomap::OcTreeNode, octomap::AbstractOccupancyOcTree>::iterator_base::getY()[m[K’ from ‘[01m[Kdouble[m[K’ to ‘[01m[Kfloat[m[K’ [[01;35m[K-Wnarrowing[m[K]
   73 |             [01;35m[Kit.getY()[m[K, // center y
      |             [01;35m[K~~~~~~~^~[m[K
[01m[K/home/conlab/ssv2_ws/src/jackal_2dnav/src/semantic_navigation.cpp:75:23:[m[K [01;35m[Kwarning: [m[Knarrowing conversion of ‘[01m[K(it.octomap::OcTreeBaseImpl<octomap::OcTreeNode, octomap::AbstractOccupancyOcTree>::leaf_iterator::<anonymous>.octomap::OcTreeBaseImpl<octomap::OcTreeNode, octomap::AbstractOccupancyOcTree>::iterator_base::getX() - (((octomap_msgs::Octomap_<std::allocator<void> >::_resolution_type)octomap_msg.octomap_msgs::Octomap_<std::allocator<void> >::resolution) / (octomap_msgs::Octomap_<std::allocator<void> >::_resolution_type)2))[m[K’ from ‘[01m[Kdouble[m[K’ to ‘[01m[Kfloat[m[K’ [[01;35m[K-Wnarrowing[m[K]
   75 |             [01;35m[Kit.getX() - octomap_msg.resolution / 2[m[K, // minimum x
      |             [01;35m[K~~~~~~~~~~^~~~~~~~~~~~~~~~~~~~~~~~~~~~[m[K
[01m[K/home/conlab/ssv2_ws/src/jackal_2dnav/src/semantic_navigation.cpp:76:23:[m[K [01;35m[Kwarning: [m[Knarrowing conversion of ‘[01m[K(it.octomap::OcTreeBaseImpl<octomap::OcTreeNode, octomap::AbstractOccupancyOcTree>::leaf_iterator::<anonymous>.octomap::OcTreeBaseImpl<octomap::OcTreeNode, octomap::AbstractOccupancyOcTree>::iterator_base::getX() + (((octomap_msgs::Octomap_<std::allocator<void> >::_resolution_type)octomap_msg.octomap_msgs::Octomap_<std::allocator<void> >::resolution) / (octomap_msgs::Octomap_<std::allocator<void> >::_resolution_type)2))[m[K’ from ‘[01m[Kdouble[m[K’ to ‘[01m[Kfloat[m[K’ [[01;35m[K-Wnarrowing[m[K]
   76 |             [01;35m[Kit.getX() + octomap_msg.resolution / 2[m[K, // maximum x
      |             [01;35m[K~~~~~~~~~~^~~~~~~~~~~~~~~~~~~~~~~~~~~~[m[K
[01m[K/home/conlab/ssv2_ws/src/jackal_2dnav/src/semantic_navigation.cpp:78:23:[m[K [01;35m[Kwarning: [m[Knarrowing conversion of ‘[01m[K(it.octomap::OcTreeBaseImpl<octomap::OcTreeNode, octomap::AbstractOccupancyOcTree>::leaf_iterator::<anonymous>.octomap::OcTreeBaseImpl<octomap::OcTreeNode, octomap::AbstractOccupancyOcTree>::iterator_base::getY() - (((octomap_msgs::Octomap_<std::allocator<void> >::_resolution_type)octomap_msg.octomap_msgs::Octomap_<std::allocator<void> >::resolution) / (octomap_msgs::Octomap_<std::allocator<void> >::_resolution_type)2))[m[K’ from ‘[01m[Kdouble[m[K’ to ‘[01m[Kfloat[m[K’ [[01;35m[K-Wnarrowing[m[K]
   78 |             [01;35m[Kit.getY() - octomap_msg.resolution / 2[m[K, // minimum y
      |             [01;35m[K~~~~~~~~~~^~~~~~~~~~~~~~~~~~~~~~~~~~~~[m[K
[01m[K/home/conlab/ssv2_ws/src/jackal_2dnav/src/semantic_navigation.cpp:79:23:[m[K [01;35m[Kwarning: [m[Knarrowing conversion of ‘[01m[K(it.octomap::OcTreeBaseImpl<octomap::OcTreeNode, octomap::AbstractOccupancyOcTree>::leaf_iterator::<anonymous>.octomap::OcTreeBaseImpl<octomap::OcTreeNode, octomap::AbstractOccupancyOcTree>::iterator_base::getY() + (((octomap_msgs::Octomap_<std::allocator<void> >::_resolution_type)octomap_msg.octomap_msgs::Octomap_<std::allocator<void> >::resolution) / (octomap_msgs::Octomap_<std::allocator<void> >::_resolution_type)2))[m[K’ from ‘[01m[Kdouble[m[K’ to ‘[01m[Kfloat[m[K’ [[01;35m[K-Wnarrowing[m[K]
   79 |             [01;35m[Kit.getY() + octomap_msg.resolution / 2[m[K, // maximum y
      |             [01;35m[K~~~~~~~~~~^~~~~~~~~~~~~~~~~~~~~~~~~~~~[m[K
[01m[K/home/conlab/ssv2_ws/src/jackal_2dnav/src/semantic_navigation.cpp:108:21:[m[K [01;31m[Kerror: [m[K‘[01m[Kstruct semanticExploration::boundingBox[m[K’ has no member named ‘[01m[KYCenter[m[K’; did you mean ‘[01m[KxCenter[m[K’?
  108 |               bbIt->[01;31m[KYCenter[m[K = bbIt->minY + (bbIt->maxY - bbIt->minY) / 2;
      |                     [01;31m[K^~~~~~~[m[K
      |                     [32m[KxCenter[m[K
[01m[K/home/conlab/ssv2_ws/src/jackal_2dnav/src/semantic_navigation.cpp:114:24:[m[K [01;35m[Kwarning: [m[Knarrowing conversion of ‘[01m[Kit.octomap::OcTreeBaseImpl<octomap::OcTreeNode, octomap::AbstractOccupancyOcTree>::leaf_iterator::<anonymous>.octomap::OcTreeBaseImpl<octomap::OcTreeNode, octomap::AbstractOccupancyOcTree>::iterator_base::getX()[m[K’ from ‘[01m[Kdouble[m[K’ to ‘[01m[Kfloat[m[K’ [[01;35m[K-Wnarrowing[m[K]
  114 |                 [01;35m[Kit.getX()[m[K, // center x
      |                 [01;35m[K~~~~~~~^~[m[K
[01m[K/home/conlab/ssv2_ws/src/jackal_2dnav/src/semantic_navigation.cpp:115:24:[m[K [01;35m[Kwarning: [m[Knarrowing conversion of ‘[01m[Kit.octomap::OcTreeBaseImpl<octomap::OcTreeNode, octomap::AbstractOccupancyOcTree>::leaf_iterator::<anonymous>.octomap::OcTreeBaseImpl<octomap::OcTreeNode, octomap::AbstractOccupancyOcTree>::iterator_base::getY()[m[K’ from ‘[01m[Kdouble[m[K’ to ‘[01m[Kfloat[m[K’ [[01;35m[K-Wnarrowing[m[K]
  115 |                 [01;35m[Kit.getY()[m[K, // center y
      |                 [01;35m[K~~~~~~~^~[m[K
[01m[K/home/conlab/ssv2_ws/src/jackal_2dnav/src/semantic_navigation.cpp:117:27:[m[K [01;35m[Kwarning: [m[Knarrowing conversion of ‘[01m[K(it.octomap::OcTreeBaseImpl<octomap::OcTreeNode, octomap::AbstractOccupancyOcTree>::leaf_iterator::<anonymous>.octomap::OcTreeBaseImpl<octomap::OcTreeNode, octomap::AbstractOccupancyOcTree>::iterator_base::getX() - (((octomap_msgs::Octomap_<std::allocator<void> >::_resolution_type)octomap_msg.octomap_msgs::Octomap_<std::allocator<void> >::resolution) / (octomap_msgs::Octomap_<std::allocator<void> >::_resolution_type)2))[m[K’ from ‘[01m[Kdouble[m[K’ to ‘[01m[Kfloat[m[K’ [[01;35m[K-Wnarrowing[m[K]
  117 |                 [01;35m[Kit.getX() - octomap_msg.resolution / 2[m[K, // minimum x
      |                 [01;35m[K~~~~~~~~~~^~~~~~~~~~~~~~~~~~~~~~~~~~~~[m[K
[01m[K/home/conlab/ssv2_ws/src/jackal_2dnav/src/semantic_navigation.cpp:118:27:[m[K [01;35m[Kwarning: [m[Knarrowing conversion of ‘[01m[K(it.octomap::OcTreeBaseImpl<octomap::OcTreeNode, octomap::AbstractOccupancyOcTree>::leaf_iterator::<anonymous>.octomap::OcTreeBaseImpl<octomap::OcTreeNode, octomap::AbstractOccupancyOcTree>::iterator_base::getX() + (((octomap_msgs::Octomap_<std::allocator<void> >::_resolution_type)octomap_msg.octomap_msgs::Octomap_<std::allocator<void> >::resolution) / (octomap_msgs::Octomap_<std::allocator<void> >::_resolution_type)2))[m[K’ from ‘[01m[Kdouble[m[K’ to ‘[01m[Kfloat[m[K’ [[01;35m[K-Wnarrowing[m[K]
  118 |                 [01;35m[Kit.getX() + octomap_msg.resolution / 2[m[K, // maximum x
      |                 [01;35m[K~~~~~~~~~~^~~~~~~~~~~~~~~~~~~~~~~~~~~~[m[K
[01m[K/home/conlab/ssv2_ws/src/jackal_2dnav/src/semantic_navigation.cpp:120:27:[m[K [01;35m[Kwarning: [m[Knarrowing conversion of ‘[01m[K(it.octomap::OcTreeBaseImpl<octomap::OcTreeNode, octomap::AbstractOccupancyOcTree>::leaf_iterator::<anonymous>.octomap::OcTreeBaseImpl<octomap::OcTreeNode, octomap::AbstractOccupancyOcTree>::iterator_base::getY() - (((octomap_msgs::Octomap_<std::allocator<void> >::_resolution_type)octomap_msg.octomap_msgs::Octomap_<std::allocator<void> >::resolution) / (octomap_msgs::Octomap_<std::allocator<void> >::_resolution_type)2))[m[K’ from ‘[01m[Kdouble[m[K’ to ‘[01m[Kfloat[m[K’ [[01;35m[K-Wnarrowing[m[K]
  120 |                 [01;35m[Kit.getY() - octomap_msg.resolution / 2[m[K, // minimum y
      |                 [01;35m[K~~~~~~~~~~^~~~~~~~~~~~~~~~~~~~~~~~~~~~[m[K
[01m[K/home/conlab/ssv2_ws/src/jackal_2dnav/src/semantic_navigation.cpp:121:27:[m[K [01;35m[Kwarning: [m[Knarrowing conversion of ‘[01m[K(it.octomap::OcTreeBaseImpl<octomap::OcTreeNode, octomap::AbstractOccupancyOcTree>::leaf_iterator::<anonymous>.octomap::OcTreeBaseImpl<octomap::OcTreeNode, octomap::AbstractOccupancyOcTree>::iterator_base::getY() + (((octomap_msgs::Octomap_<std::allocator<void> >::_resolution_type)octomap_msg.octomap_msgs::Octomap_<std::allocator<void> >::resolution) / (octomap_msgs::Octomap_<std::allocator<void> >::_resolution_type)2))[m[K’ from ‘[01m[Kdouble[m[K’ to ‘[01m[Kfloat[m[K’ [[01;35m[K-Wnarrowing[m[K]
  121 |                 [01;35m[Kit.getY() + octomap_msg.resolution / 2[m[K, // maximum y
      |                 [01;35m[K~~~~~~~~~~^~~~~~~~~~~~~~~~~~~~~~~~~~~~[m[K
make[2]: *** [CMakeFiles/semantic_navigation.dir/build.make:82: CMakeFiles/semantic_navigation.dir/src/semantic_navigation.cpp.o] Error 1
make[1]: *** [CMakeFiles/Makefile2:1228: CMakeFiles/semantic_navigation.dir/all] Error 2
make: *** [Makefile:160: all] Error 2
