[01m[K/home/conlab/ssv2_ws/src/jackal_2dnav/src/semantic_navigation.cpp:[m[K In member function ‘[01m[Kvoid semanticExploration::semanticCallback(const Octomap&)[m[K’:
[01m[K/home/conlab/ssv2_ws/src/jackal_2dnav/src/semantic_navigation.cpp:92:20:[m[K [01;35m[Kwarning: [m[Knarrowing conversion of ‘[01m[Kit.octomap::OcTreeBaseImpl<octomap::ColorOcTreeNode, octomap::AbstractOccupancyOcTree>::leaf_iterator::<anonymous>.octomap::OcTreeBaseImpl<octomap::ColorOcTreeNode, octomap::AbstractOccupancyOcTree>::iterator_base::getX()[m[K’ from ‘[01m[Kdouble[m[K’ to ‘[01m[Kfloat[m[K’ [[01;35m[K-Wnarrowing[m[K]
   92 |             [01;35m[Kit.getX()[m[K, // center x
      |             [01;35m[K~~~~~~~^~[m[K
[01m[K/home/conlab/ssv2_ws/src/jackal_2dnav/src/semantic_navigation.cpp:93:20:[m[K [01;35m[Kwarning: [m[Knarrowing conversion of ‘[01m[Kit.octomap::OcTreeBaseImpl<octomap::ColorOcTreeNode, octomap::AbstractOccupancyOcTree>::leaf_iterator::<anonymous>.octomap::OcTreeBaseImpl<octomap::ColorOcTreeNode, octomap::AbstractOccupancyOcTree>::iterator_base::getY()[m[K’ from ‘[01m[Kdouble[m[K’ to ‘[01m[Kfloat[m[K’ [[01;35m[K-Wnarrowing[m[K]
   93 |             [01;35m[Kit.getY()[m[K, // center y
      |             [01;35m[K~~~~~~~^~[m[K
[01m[K/home/conlab/ssv2_ws/src/jackal_2dnav/src/semantic_navigation.cpp:96:23:[m[K [01;35m[Kwarning: [m[Knarrowing conversion of ‘[01m[K(it.octomap::OcTreeBaseImpl<octomap::ColorOcTreeNode, octomap::AbstractOccupancyOcTree>::leaf_iterator::<anonymous>.octomap::OcTreeBaseImpl<octomap::ColorOcTreeNode, octomap::AbstractOccupancyOcTree>::iterator_base::getX() - it.octomap::OcTreeBaseImpl<octomap::ColorOcTreeNode, octomap::AbstractOccupancyOcTree>::leaf_iterator::<anonymous>.octomap::OcTreeBaseImpl<octomap::ColorOcTreeNode, octomap::AbstractOccupancyOcTree>::iterator_base::getSize())[m[K’ from ‘[01m[Kdouble[m[K’ to ‘[01m[Kfloat[m[K’ [[01;35m[K-Wnarrowing[m[K]
   96 |             [01;35m[Kit.getX() - it.getSize()[m[K,
      |             [01;35m[K~~~~~~~~~~^~~~~~~~~~~~~~[m[K
[01m[K/home/conlab/ssv2_ws/src/jackal_2dnav/src/semantic_navigation.cpp:97:23:[m[K [01;35m[Kwarning: [m[Knarrowing conversion of ‘[01m[K(it.octomap::OcTreeBaseImpl<octomap::ColorOcTreeNode, octomap::AbstractOccupancyOcTree>::leaf_iterator::<anonymous>.octomap::OcTreeBaseImpl<octomap::ColorOcTreeNode, octomap::AbstractOccupancyOcTree>::iterator_base::getX() + it.octomap::OcTreeBaseImpl<octomap::ColorOcTreeNode, octomap::AbstractOccupancyOcTree>::leaf_iterator::<anonymous>.octomap::OcTreeBaseImpl<octomap::ColorOcTreeNode, octomap::AbstractOccupancyOcTree>::iterator_base::getSize())[m[K’ from ‘[01m[Kdouble[m[K’ to ‘[01m[Kfloat[m[K’ [[01;35m[K-Wnarrowing[m[K]
   97 |             [01;35m[Kit.getX() + it.getSize()[m[K, // maximum x
      |             [01;35m[K~~~~~~~~~~^~~~~~~~~~~~~~[m[K
[01m[K/home/conlab/ssv2_ws/src/jackal_2dnav/src/semantic_navigation.cpp:99:23:[m[K [01;35m[Kwarning: [m[Knarrowing conversion of ‘[01m[K(it.octomap::OcTreeBaseImpl<octomap::ColorOcTreeNode, octomap::AbstractOccupancyOcTree>::leaf_iterator::<anonymous>.octomap::OcTreeBaseImpl<octomap::ColorOcTreeNode, octomap::AbstractOccupancyOcTree>::iterator_base::getY() - it.octomap::OcTreeBaseImpl<octomap::ColorOcTreeNode, octomap::AbstractOccupancyOcTree>::leaf_iterator::<anonymous>.octomap::OcTreeBaseImpl<octomap::ColorOcTreeNode, octomap::AbstractOccupancyOcTree>::iterator_base::getSize())[m[K’ from ‘[01m[Kdouble[m[K’ to ‘[01m[Kfloat[m[K’ [[01;35m[K-Wnarrowing[m[K]
   99 |             [01;35m[Kit.getY() - it.getSize()[m[K, // minimum y
      |             [01;35m[K~~~~~~~~~~^~~~~~~~~~~~~~[m[K
[01m[K/home/conlab/ssv2_ws/src/jackal_2dnav/src/semantic_navigation.cpp:100:23:[m[K [01;35m[Kwarning: [m[Knarrowing conversion of ‘[01m[K(it.octomap::OcTreeBaseImpl<octomap::ColorOcTreeNode, octomap::AbstractOccupancyOcTree>::leaf_iterator::<anonymous>.octomap::OcTreeBaseImpl<octomap::ColorOcTreeNode, octomap::AbstractOccupancyOcTree>::iterator_base::getY() + it.octomap::OcTreeBaseImpl<octomap::ColorOcTreeNode, octomap::AbstractOccupancyOcTree>::leaf_iterator::<anonymous>.octomap::OcTreeBaseImpl<octomap::ColorOcTreeNode, octomap::AbstractOccupancyOcTree>::iterator_base::getSize())[m[K’ from ‘[01m[Kdouble[m[K’ to ‘[01m[Kfloat[m[K’ [[01;35m[K-Wnarrowing[m[K]
  100 |             [01;35m[Kit.getY() + it.getSize()[m[K, // maximum y
      |             [01;35m[K~~~~~~~~~~^~~~~~~~~~~~~~[m[K
[01m[K/home/conlab/ssv2_ws/src/jackal_2dnav/src/semantic_navigation.cpp:132:34:[m[K [01;31m[Kerror: [m[K‘[01m[Kclass octomap::OcTreeBaseImpl<octomap::ColorOcTreeNode, octomap::AbstractOccupancyOcTree>::leaf_iterator[m[K’ has no member named ‘[01m[Kget[m[K’; did you mean ‘[01m[KgetX[m[K’?
  132 |             if(checkAdjacency(it.[01;31m[Kget[m[K(X), it.get(Y), bbInstances[i])){
      |                                  [01;31m[K^~~[m[K
      |                                  [32m[KgetX[m[K
[01m[K/home/conlab/ssv2_ws/src/jackal_2dnav/src/semantic_navigation.cpp:132:38:[m[K [01;31m[Kerror: [m[K‘[01m[KX[m[K’ was not declared in this scope; did you mean ‘[01m[Kboost::detail::function::X[m[K’?
  132 |             if(checkAdjacency(it.get([01;31m[KX[m[K), it.get(Y), bbInstances[i])){
      |                                      [01;31m[K^[m[K
      |                                      [32m[Kboost::detail::function::X[m[K
In file included from [01m[K/usr/include/boost/function/detail/prologue.hpp:17[m[K,
                 from [01m[K/usr/include/boost/function.hpp:30[m[K,
                 from [01m[K/opt/ros/noetic/include/ros/forwards.h:40[m[K,
                 from [01m[K/opt/ros/noetic/include/ros/common.h:37[m[K,
                 from [01m[K/opt/ros/noetic/include/ros/ros.h:43[m[K,
                 from [01m[K/home/conlab/ssv2_ws/src/jackal_2dnav/src/semantic_navigation.cpp:1[m[K:
[01m[K/usr/include/boost/function/function_base.hpp:60:13:[m[K [01;36m[Knote: [m[K‘[01m[Kboost::detail::function::X[m[K’ declared here
   60 |       class [01;36m[KX[m[K;
      |             [01;36m[K^[m[K
[01m[K/home/conlab/ssv2_ws/src/jackal_2dnav/src/semantic_navigation.cpp:132:45:[m[K [01;31m[Kerror: [m[K‘[01m[Kclass octomap::OcTreeBaseImpl<octomap::ColorOcTreeNode, octomap::AbstractOccupancyOcTree>::leaf_iterator[m[K’ has no member named ‘[01m[Kget[m[K’; did you mean ‘[01m[KgetX[m[K’?
  132 |             if(checkAdjacency(it.get(X), it.[01;31m[Kget[m[K(Y), bbInstances[i])){
      |                                             [01;31m[K^~~[m[K
      |                                             [32m[KgetX[m[K
[01m[K/home/conlab/ssv2_ws/src/jackal_2dnav/src/semantic_navigation.cpp:132:49:[m[K [01;31m[Kerror: [m[K‘[01m[KY[m[K’ was not declared in this scope
  132 |             if(checkAdjacency(it.get(X), it.get([01;31m[KY[m[K), bbInstances[i])){
      |                                                 [01;31m[K^[m[K
[01m[K/home/conlab/ssv2_ws/src/jackal_2dnav/src/semantic_navigation.cpp:155:24:[m[K [01;35m[Kwarning: [m[Knarrowing conversion of ‘[01m[Kit.octomap::OcTreeBaseImpl<octomap::ColorOcTreeNode, octomap::AbstractOccupancyOcTree>::leaf_iterator::<anonymous>.octomap::OcTreeBaseImpl<octomap::ColorOcTreeNode, octomap::AbstractOccupancyOcTree>::iterator_base::getX()[m[K’ from ‘[01m[Kdouble[m[K’ to ‘[01m[Kfloat[m[K’ [[01;35m[K-Wnarrowing[m[K]
  155 |                 [01;35m[Kit.getX()[m[K, // center x
      |                 [01;35m[K~~~~~~~^~[m[K
[01m[K/home/conlab/ssv2_ws/src/jackal_2dnav/src/semantic_navigation.cpp:156:24:[m[K [01;35m[Kwarning: [m[Knarrowing conversion of ‘[01m[Kit.octomap::OcTreeBaseImpl<octomap::ColorOcTreeNode, octomap::AbstractOccupancyOcTree>::leaf_iterator::<anonymous>.octomap::OcTreeBaseImpl<octomap::ColorOcTreeNode, octomap::AbstractOccupancyOcTree>::iterator_base::getY()[m[K’ from ‘[01m[Kdouble[m[K’ to ‘[01m[Kfloat[m[K’ [[01;35m[K-Wnarrowing[m[K]
  156 |                 [01;35m[Kit.getY()[m[K, // center y
      |                 [01;35m[K~~~~~~~^~[m[K
[01m[K/home/conlab/ssv2_ws/src/jackal_2dnav/src/semantic_navigation.cpp:158:27:[m[K [01;35m[Kwarning: [m[Knarrowing conversion of ‘[01m[K(it.octomap::OcTreeBaseImpl<octomap::ColorOcTreeNode, octomap::AbstractOccupancyOcTree>::leaf_iterator::<anonymous>.octomap::OcTreeBaseImpl<octomap::ColorOcTreeNode, octomap::AbstractOccupancyOcTree>::iterator_base::getX() - (it.octomap::OcTreeBaseImpl<octomap::ColorOcTreeNode, octomap::AbstractOccupancyOcTree>::leaf_iterator::<anonymous>.octomap::OcTreeBaseImpl<octomap::ColorOcTreeNode, octomap::AbstractOccupancyOcTree>::iterator_base::getSize() / (double)2))[m[K’ from ‘[01m[Kdouble[m[K’ to ‘[01m[Kfloat[m[K’ [[01;35m[K-Wnarrowing[m[K]
  158 |                 [01;35m[Kit.getX() - it.getSize() / 2[m[K, // minimum x
      |                 [01;35m[K~~~~~~~~~~^~~~~~~~~~~~~~~~~~[m[K
[01m[K/home/conlab/ssv2_ws/src/jackal_2dnav/src/semantic_navigation.cpp:159:27:[m[K [01;35m[Kwarning: [m[Knarrowing conversion of ‘[01m[K(it.octomap::OcTreeBaseImpl<octomap::ColorOcTreeNode, octomap::AbstractOccupancyOcTree>::leaf_iterator::<anonymous>.octomap::OcTreeBaseImpl<octomap::ColorOcTreeNode, octomap::AbstractOccupancyOcTree>::iterator_base::getX() + (it.octomap::OcTreeBaseImpl<octomap::ColorOcTreeNode, octomap::AbstractOccupancyOcTree>::leaf_iterator::<anonymous>.octomap::OcTreeBaseImpl<octomap::ColorOcTreeNode, octomap::AbstractOccupancyOcTree>::iterator_base::getSize() / (double)2))[m[K’ from ‘[01m[Kdouble[m[K’ to ‘[01m[Kfloat[m[K’ [[01;35m[K-Wnarrowing[m[K]
  159 |                 [01;35m[Kit.getX() + it.getSize() / 2[m[K, // maximum x
      |                 [01;35m[K~~~~~~~~~~^~~~~~~~~~~~~~~~~~[m[K
[01m[K/home/conlab/ssv2_ws/src/jackal_2dnav/src/semantic_navigation.cpp:161:27:[m[K [01;35m[Kwarning: [m[Knarrowing conversion of ‘[01m[K(it.octomap::OcTreeBaseImpl<octomap::ColorOcTreeNode, octomap::AbstractOccupancyOcTree>::leaf_iterator::<anonymous>.octomap::OcTreeBaseImpl<octomap::ColorOcTreeNode, octomap::AbstractOccupancyOcTree>::iterator_base::getY() - (it.octomap::OcTreeBaseImpl<octomap::ColorOcTreeNode, octomap::AbstractOccupancyOcTree>::leaf_iterator::<anonymous>.octomap::OcTreeBaseImpl<octomap::ColorOcTreeNode, octomap::AbstractOccupancyOcTree>::iterator_base::getSize() / (double)2))[m[K’ from ‘[01m[Kdouble[m[K’ to ‘[01m[Kfloat[m[K’ [[01;35m[K-Wnarrowing[m[K]
  161 |                 [01;35m[Kit.getY() - it.getSize() / 2[m[K, // minimum y
      |                 [01;35m[K~~~~~~~~~~^~~~~~~~~~~~~~~~~~[m[K
[01m[K/home/conlab/ssv2_ws/src/jackal_2dnav/src/semantic_navigation.cpp:162:27:[m[K [01;35m[Kwarning: [m[Knarrowing conversion of ‘[01m[K(it.octomap::OcTreeBaseImpl<octomap::ColorOcTreeNode, octomap::AbstractOccupancyOcTree>::leaf_iterator::<anonymous>.octomap::OcTreeBaseImpl<octomap::ColorOcTreeNode, octomap::AbstractOccupancyOcTree>::iterator_base::getY() + (it.octomap::OcTreeBaseImpl<octomap::ColorOcTreeNode, octomap::AbstractOccupancyOcTree>::leaf_iterator::<anonymous>.octomap::OcTreeBaseImpl<octomap::ColorOcTreeNode, octomap::AbstractOccupancyOcTree>::iterator_base::getSize() / (double)2))[m[K’ from ‘[01m[Kdouble[m[K’ to ‘[01m[Kfloat[m[K’ [[01;35m[K-Wnarrowing[m[K]
  162 |                 [01;35m[Kit.getY() + it.getSize() / 2[m[K, // maximum y
      |                 [01;35m[K~~~~~~~~~~^~~~~~~~~~~~~~~~~~[m[K
[01m[K/home/conlab/ssv2_ws/src/jackal_2dnav/src/semantic_navigation.cpp:[m[K In member function ‘[01m[Kbool semanticExploration::checkAdjacency(float, float, semanticExploration::boundingBox)[m[K’:
[01m[K/home/conlab/ssv2_ws/src/jackal_2dnav/src/semantic_navigation.cpp:246:74:[m[K [01;31m[Kerror: [m[Kno matching function for call to ‘[01m[Kmax(<brace-enclosed initializer list>)[m[K’
  246 |     float dx = std::max({currentBB.minX - newX, 0, newX - currentBB.maxX}[01;31m[K)[m[K;
      |                                                                          [01;31m[K^[m[K
In file included from [01m[K/usr/include/c++/9/bits/char_traits.h:39[m[K,
                 from [01m[K/usr/include/c++/9/string:40[m[K,
                 from [01m[K/opt/ros/noetic/include/ros/platform.h:38[m[K,
                 from [01m[K/opt/ros/noetic/include/ros/time.h:53[m[K,
                 from [01m[K/opt/ros/noetic/include/ros/ros.h:38[m[K,
                 from [01m[K/home/conlab/ssv2_ws/src/jackal_2dnav/src/semantic_navigation.cpp:1[m[K:
[01m[K/usr/include/c++/9/bits/stl_algobase.h:222:5:[m[K [01;36m[Knote: [m[Kcandidate: ‘[01m[Ktemplate<class _Tp> constexpr const _Tp& std::max(const _Tp&, const _Tp&)[m[K’
  222 |     [01;36m[Kmax[m[K(const _Tp& __a, const _Tp& __b)
      |     [01;36m[K^~~[m[K
[01m[K/usr/include/c++/9/bits/stl_algobase.h:222:5:[m[K [01;36m[Knote: [m[K  template argument deduction/substitution failed:
[01m[K/home/conlab/ssv2_ws/src/jackal_2dnav/src/semantic_navigation.cpp:246:74:[m[K [01;36m[Knote: [m[K  candidate expects 2 arguments, 1 provided
  246 |     float dx = std::max({currentBB.minX - newX, 0, newX - currentBB.maxX}[01;36m[K)[m[K;
      |                                                                          [01;36m[K^[m[K
In file included from [01m[K/usr/include/c++/9/bits/char_traits.h:39[m[K,
                 from [01m[K/usr/include/c++/9/string:40[m[K,
                 from [01m[K/opt/ros/noetic/include/ros/platform.h:38[m[K,
                 from [01m[K/opt/ros/noetic/include/ros/time.h:53[m[K,
                 from [01m[K/opt/ros/noetic/include/ros/ros.h:38[m[K,
                 from [01m[K/home/conlab/ssv2_ws/src/jackal_2dnav/src/semantic_navigation.cpp:1[m[K:
[01m[K/usr/include/c++/9/bits/stl_algobase.h:268:5:[m[K [01;36m[Knote: [m[Kcandidate: ‘[01m[Ktemplate<class _Tp, class _Compare> constexpr const _Tp& std::max(const _Tp&, const _Tp&, _Compare)[m[K’
  268 |     [01;36m[Kmax[m[K(const _Tp& __a, const _Tp& __b, _Compare __comp)
      |     [01;36m[K^~~[m[K
[01m[K/usr/include/c++/9/bits/stl_algobase.h:268:5:[m[K [01;36m[Knote: [m[K  template argument deduction/substitution failed:
[01m[K/home/conlab/ssv2_ws/src/jackal_2dnav/src/semantic_navigation.cpp:246:74:[m[K [01;36m[Knote: [m[K  candidate expects 3 arguments, 1 provided
  246 |     float dx = std::max({currentBB.minX - newX, 0, newX - currentBB.maxX}[01;36m[K)[m[K;
      |                                                                          [01;36m[K^[m[K
In file included from [01m[K/usr/include/c++/9/algorithm:62[m[K,
                 from [01m[K/usr/include/boost/math/tools/config.hpp:18[m[K,
                 from [01m[K/usr/include/boost/math/special_functions/round.hpp:13[m[K,
                 from [01m[K/opt/ros/noetic/include/ros/time.h:58[m[K,
                 from [01m[K/opt/ros/noetic/include/ros/ros.h:38[m[K,
                 from [01m[K/home/conlab/ssv2_ws/src/jackal_2dnav/src/semantic_navigation.cpp:1[m[K:
[01m[K/usr/include/c++/9/bits/stl_algo.h:3462:5:[m[K [01;36m[Knote: [m[Kcandidate: ‘[01m[Ktemplate<class _Tp> constexpr _Tp std::max(std::initializer_list<_Tp>)[m[K’
 3462 |     [01;36m[Kmax[m[K(initializer_list<_Tp> __l)
      |     [01;36m[K^~~[m[K
[01m[K/usr/include/c++/9/bits/stl_algo.h:3462:5:[m[K [01;36m[Knote: [m[K  template argument deduction/substitution failed:
[01m[K/home/conlab/ssv2_ws/src/jackal_2dnav/src/semantic_navigation.cpp:246:74:[m[K [01;36m[Knote: [m[K  deduced conflicting types for parameter ‘[01m[K_Tp[m[K’ (‘[01m[Kfloat[m[K’ and ‘[01m[Kint[m[K’)
  246 |     float dx = std::max({currentBB.minX - newX, 0, newX - currentBB.maxX}[01;36m[K)[m[K;
      |                                                                          [01;36m[K^[m[K
In file included from [01m[K/usr/include/c++/9/algorithm:62[m[K,
                 from [01m[K/usr/include/boost/math/tools/config.hpp:18[m[K,
                 from [01m[K/usr/include/boost/math/special_functions/round.hpp:13[m[K,
                 from [01m[K/opt/ros/noetic/include/ros/time.h:58[m[K,
                 from [01m[K/opt/ros/noetic/include/ros/ros.h:38[m[K,
                 from [01m[K/home/conlab/ssv2_ws/src/jackal_2dnav/src/semantic_navigation.cpp:1[m[K:
[01m[K/usr/include/c++/9/bits/stl_algo.h:3468:5:[m[K [01;36m[Knote: [m[Kcandidate: ‘[01m[Ktemplate<class _Tp, class _Compare> constexpr _Tp std::max(std::initializer_list<_Tp>, _Compare)[m[K’
 3468 |     [01;36m[Kmax[m[K(initializer_list<_Tp> __l, _Compare __comp)
      |     [01;36m[K^~~[m[K
[01m[K/usr/include/c++/9/bits/stl_algo.h:3468:5:[m[K [01;36m[Knote: [m[K  template argument deduction/substitution failed:
[01m[K/home/conlab/ssv2_ws/src/jackal_2dnav/src/semantic_navigation.cpp:246:74:[m[K [01;36m[Knote: [m[K  deduced conflicting types for parameter ‘[01m[K_Tp[m[K’ (‘[01m[Kfloat[m[K’ and ‘[01m[Kint[m[K’)
  246 |     float dx = std::max({currentBB.minX - newX, 0, newX - currentBB.maxX}[01;36m[K)[m[K;
      |                                                                          [01;36m[K^[m[K
[01m[K/home/conlab/ssv2_ws/src/jackal_2dnav/src/semantic_navigation.cpp:247:74:[m[K [01;31m[Kerror: [m[Kno matching function for call to ‘[01m[Kmax(<brace-enclosed initializer list>)[m[K’
  247 |     float dy = std::max({currentBB.minY - newY, 0, newY - currentBB.maxY}[01;31m[K)[m[K;
      |                                                                          [01;31m[K^[m[K
In file included from [01m[K/usr/include/c++/9/bits/char_traits.h:39[m[K,
                 from [01m[K/usr/include/c++/9/string:40[m[K,
                 from [01m[K/opt/ros/noetic/include/ros/platform.h:38[m[K,
                 from [01m[K/opt/ros/noetic/include/ros/time.h:53[m[K,
                 from [01m[K/opt/ros/noetic/include/ros/ros.h:38[m[K,
                 from [01m[K/home/conlab/ssv2_ws/src/jackal_2dnav/src/semantic_navigation.cpp:1[m[K:
[01m[K/usr/include/c++/9/bits/stl_algobase.h:222:5:[m[K [01;36m[Knote: [m[Kcandidate: ‘[01m[Ktemplate<class _Tp> constexpr const _Tp& std::max(const _Tp&, const _Tp&)[m[K’
  222 |     [01;36m[Kmax[m[K(const _Tp& __a, const _Tp& __b)
      |     [01;36m[K^~~[m[K
[01m[K/usr/include/c++/9/bits/stl_algobase.h:222:5:[m[K [01;36m[Knote: [m[K  template argument deduction/substitution failed:
[01m[K/home/conlab/ssv2_ws/src/jackal_2dnav/src/semantic_navigation.cpp:247:74:[m[K [01;36m[Knote: [m[K  candidate expects 2 arguments, 1 provided
  247 |     float dy = std::max({currentBB.minY - newY, 0, newY - currentBB.maxY}[01;36m[K)[m[K;
      |                                                                          [01;36m[K^[m[K
In file included from [01m[K/usr/include/c++/9/bits/char_traits.h:39[m[K,
                 from [01m[K/usr/include/c++/9/string:40[m[K,
                 from [01m[K/opt/ros/noetic/include/ros/platform.h:38[m[K,
                 from [01m[K/opt/ros/noetic/include/ros/time.h:53[m[K,
                 from [01m[K/opt/ros/noetic/include/ros/ros.h:38[m[K,
                 from [01m[K/home/conlab/ssv2_ws/src/jackal_2dnav/src/semantic_navigation.cpp:1[m[K:
[01m[K/usr/include/c++/9/bits/stl_algobase.h:268:5:[m[K [01;36m[Knote: [m[Kcandidate: ‘[01m[Ktemplate<class _Tp, class _Compare> constexpr const _Tp& std::max(const _Tp&, const _Tp&, _Compare)[m[K’
  268 |     [01;36m[Kmax[m[K(const _Tp& __a, const _Tp& __b, _Compare __comp)
      |     [01;36m[K^~~[m[K
[01m[K/usr/include/c++/9/bits/stl_algobase.h:268:5:[m[K [01;36m[Knote: [m[K  template argument deduction/substitution failed:
[01m[K/home/conlab/ssv2_ws/src/jackal_2dnav/src/semantic_navigation.cpp:247:74:[m[K [01;36m[Knote: [m[K  candidate expects 3 arguments, 1 provided
  247 |     float dy = std::max({currentBB.minY - newY, 0, newY - currentBB.maxY}[01;36m[K)[m[K;
      |                                                                          [01;36m[K^[m[K
In file included from [01m[K/usr/include/c++/9/algorithm:62[m[K,
                 from [01m[K/usr/include/boost/math/tools/config.hpp:18[m[K,
                 from [01m[K/usr/include/boost/math/special_functions/round.hpp:13[m[K,
                 from [01m[K/opt/ros/noetic/include/ros/time.h:58[m[K,
                 from [01m[K/opt/ros/noetic/include/ros/ros.h:38[m[K,
                 from [01m[K/home/conlab/ssv2_ws/src/jackal_2dnav/src/semantic_navigation.cpp:1[m[K:
[01m[K/usr/include/c++/9/bits/stl_algo.h:3462:5:[m[K [01;36m[Knote: [m[Kcandidate: ‘[01m[Ktemplate<class _Tp> constexpr _Tp std::max(std::initializer_list<_Tp>)[m[K’
 3462 |     [01;36m[Kmax[m[K(initializer_list<_Tp> __l)
      |     [01;36m[K^~~[m[K
[01m[K/usr/include/c++/9/bits/stl_algo.h:3462:5:[m[K [01;36m[Knote: [m[K  template argument deduction/substitution failed:
[01m[K/home/conlab/ssv2_ws/src/jackal_2dnav/src/semantic_navigation.cpp:247:74:[m[K [01;36m[Knote: [m[K  deduced conflicting types for parameter ‘[01m[K_Tp[m[K’ (‘[01m[Kfloat[m[K’ and ‘[01m[Kint[m[K’)
  247 |     float dy = std::max({currentBB.minY - newY, 0, newY - currentBB.maxY}[01;36m[K)[m[K;
      |                                                                          [01;36m[K^[m[K
In file included from [01m[K/usr/include/c++/9/algorithm:62[m[K,
                 from [01m[K/usr/include/boost/math/tools/config.hpp:18[m[K,
                 from [01m[K/usr/include/boost/math/special_functions/round.hpp:13[m[K,
                 from [01m[K/opt/ros/noetic/include/ros/time.h:58[m[K,
                 from [01m[K/opt/ros/noetic/include/ros/ros.h:38[m[K,
                 from [01m[K/home/conlab/ssv2_ws/src/jackal_2dnav/src/semantic_navigation.cpp:1[m[K:
[01m[K/usr/include/c++/9/bits/stl_algo.h:3468:5:[m[K [01;36m[Knote: [m[Kcandidate: ‘[01m[Ktemplate<class _Tp, class _Compare> constexpr _Tp std::max(std::initializer_list<_Tp>, _Compare)[m[K’
 3468 |     [01;36m[Kmax[m[K(initializer_list<_Tp> __l, _Compare __comp)
      |     [01;36m[K^~~[m[K
[01m[K/usr/include/c++/9/bits/stl_algo.h:3468:5:[m[K [01;36m[Knote: [m[K  template argument deduction/substitution failed:
[01m[K/home/conlab/ssv2_ws/src/jackal_2dnav/src/semantic_navigation.cpp:247:74:[m[K [01;36m[Knote: [m[K  deduced conflicting types for parameter ‘[01m[K_Tp[m[K’ (‘[01m[Kfloat[m[K’ and ‘[01m[Kint[m[K’)
  247 |     float dy = std::max({currentBB.minY - newY, 0, newY - currentBB.maxY}[01;36m[K)[m[K;
      |                                                                          [01;36m[K^[m[K
make[2]: *** [CMakeFiles/semantic_navigation.dir/build.make:82: CMakeFiles/semantic_navigation.dir/src/semantic_navigation.cpp.o] Error 1
make[1]: *** [CMakeFiles/Makefile2:1228: CMakeFiles/semantic_navigation.dir/all] Error 2
make: *** [Makefile:160: all] Error 2
