[01m[K/home/conlab/ssv2_ws/src/jackal_2dnav/src/semantic_navigator.cpp:[m[K In member function ‘[01m[Kvoid semanticExplore::semanticCallback(const Octomap&)[m[K’:
[01m[K/home/conlab/ssv2_ws/src/jackal_2dnav/src/semantic_navigator.cpp:54:85:[m[K [01;31m[Kerror: [m[Kinvalid use of member function ‘[01m[Kdouble octomap::OcTreeBaseImpl<NODE, INTERFACE>::iterator_base::getZ() const [with NODE = octomap::ColorOcTreeNode; INTERFACE = octomap::AbstractOccupancyOcTree][m[K’ (did you forget the ‘[01m[K()[m[K’ ?)
   54 |     if((currentColor.r == 64 && currentColor.g == 0 && currentColor.b == 128) && [01;31m[Kit.getZ[m[K > 0.3){
      |                                                                                  [01;31m[K~~~^~~~[m[K
      |                                                                                         [32m[K()[m[K
[01m[K/home/conlab/ssv2_ws/src/jackal_2dnav/src/semantic_navigator.cpp:67:18:[m[K [01;35m[Kwarning: [m[Knarrowing conversion of ‘[01m[Kit.octomap::OcTreeBaseImpl<octomap::ColorOcTreeNode, octomap::AbstractOccupancyOcTree>::leaf_iterator::<anonymous>.octomap::OcTreeBaseImpl<octomap::ColorOcTreeNode, octomap::AbstractOccupancyOcTree>::iterator_base::getX()[m[K’ from ‘[01m[Kdouble[m[K’ to ‘[01m[Kfloat[m[K’ [[01;35m[K-Wnarrowing[m[K]
   67 |           [01;35m[Kit.getX()[m[K, // center x
      |           [01;35m[K~~~~~~~^~[m[K
[01m[K/home/conlab/ssv2_ws/src/jackal_2dnav/src/semantic_navigator.cpp:68:18:[m[K [01;35m[Kwarning: [m[Knarrowing conversion of ‘[01m[Kit.octomap::OcTreeBaseImpl<octomap::ColorOcTreeNode, octomap::AbstractOccupancyOcTree>::leaf_iterator::<anonymous>.octomap::OcTreeBaseImpl<octomap::ColorOcTreeNode, octomap::AbstractOccupancyOcTree>::iterator_base::getY()[m[K’ from ‘[01m[Kdouble[m[K’ to ‘[01m[Kfloat[m[K’ [[01;35m[K-Wnarrowing[m[K]
   68 |           [01;35m[Kit.getY()[m[K, // center y
      |           [01;35m[K~~~~~~~^~[m[K
[01m[K/home/conlab/ssv2_ws/src/jackal_2dnav/src/semantic_navigator.cpp:71:21:[m[K [01;35m[Kwarning: [m[Knarrowing conversion of ‘[01m[K(it.octomap::OcTreeBaseImpl<octomap::ColorOcTreeNode, octomap::AbstractOccupancyOcTree>::leaf_iterator::<anonymous>.octomap::OcTreeBaseImpl<octomap::ColorOcTreeNode, octomap::AbstractOccupancyOcTree>::iterator_base::getX() - it.octomap::OcTreeBaseImpl<octomap::ColorOcTreeNode, octomap::AbstractOccupancyOcTree>::leaf_iterator::<anonymous>.octomap::OcTreeBaseImpl<octomap::ColorOcTreeNode, octomap::AbstractOccupancyOcTree>::iterator_base::getSize())[m[K’ from ‘[01m[Kdouble[m[K’ to ‘[01m[Kfloat[m[K’ [[01;35m[K-Wnarrowing[m[K]
   71 |           [01;35m[Kit.getX() - it.getSize()[m[K,
      |           [01;35m[K~~~~~~~~~~^~~~~~~~~~~~~~[m[K
[01m[K/home/conlab/ssv2_ws/src/jackal_2dnav/src/semantic_navigator.cpp:72:21:[m[K [01;35m[Kwarning: [m[Knarrowing conversion of ‘[01m[K(it.octomap::OcTreeBaseImpl<octomap::ColorOcTreeNode, octomap::AbstractOccupancyOcTree>::leaf_iterator::<anonymous>.octomap::OcTreeBaseImpl<octomap::ColorOcTreeNode, octomap::AbstractOccupancyOcTree>::iterator_base::getX() + it.octomap::OcTreeBaseImpl<octomap::ColorOcTreeNode, octomap::AbstractOccupancyOcTree>::leaf_iterator::<anonymous>.octomap::OcTreeBaseImpl<octomap::ColorOcTreeNode, octomap::AbstractOccupancyOcTree>::iterator_base::getSize())[m[K’ from ‘[01m[Kdouble[m[K’ to ‘[01m[Kfloat[m[K’ [[01;35m[K-Wnarrowing[m[K]
   72 |           [01;35m[Kit.getX() + it.getSize()[m[K, // maximum x
      |           [01;35m[K~~~~~~~~~~^~~~~~~~~~~~~~[m[K
[01m[K/home/conlab/ssv2_ws/src/jackal_2dnav/src/semantic_navigator.cpp:74:21:[m[K [01;35m[Kwarning: [m[Knarrowing conversion of ‘[01m[K(it.octomap::OcTreeBaseImpl<octomap::ColorOcTreeNode, octomap::AbstractOccupancyOcTree>::leaf_iterator::<anonymous>.octomap::OcTreeBaseImpl<octomap::ColorOcTreeNode, octomap::AbstractOccupancyOcTree>::iterator_base::getY() - it.octomap::OcTreeBaseImpl<octomap::ColorOcTreeNode, octomap::AbstractOccupancyOcTree>::leaf_iterator::<anonymous>.octomap::OcTreeBaseImpl<octomap::ColorOcTreeNode, octomap::AbstractOccupancyOcTree>::iterator_base::getSize())[m[K’ from ‘[01m[Kdouble[m[K’ to ‘[01m[Kfloat[m[K’ [[01;35m[K-Wnarrowing[m[K]
   74 |           [01;35m[Kit.getY() - it.getSize()[m[K, // minimum y
      |           [01;35m[K~~~~~~~~~~^~~~~~~~~~~~~~[m[K
[01m[K/home/conlab/ssv2_ws/src/jackal_2dnav/src/semantic_navigator.cpp:75:21:[m[K [01;35m[Kwarning: [m[Knarrowing conversion of ‘[01m[K(it.octomap::OcTreeBaseImpl<octomap::ColorOcTreeNode, octomap::AbstractOccupancyOcTree>::leaf_iterator::<anonymous>.octomap::OcTreeBaseImpl<octomap::ColorOcTreeNode, octomap::AbstractOccupancyOcTree>::iterator_base::getY() + it.octomap::OcTreeBaseImpl<octomap::ColorOcTreeNode, octomap::AbstractOccupancyOcTree>::leaf_iterator::<anonymous>.octomap::OcTreeBaseImpl<octomap::ColorOcTreeNode, octomap::AbstractOccupancyOcTree>::iterator_base::getSize())[m[K’ from ‘[01m[Kdouble[m[K’ to ‘[01m[Kfloat[m[K’ [[01;35m[K-Wnarrowing[m[K]
   75 |           [01;35m[Kit.getY() + it.getSize()[m[K, // maximum y
      |           [01;35m[K~~~~~~~~~~^~~~~~~~~~~~~~[m[K
[01m[K/home/conlab/ssv2_ws/src/jackal_2dnav/src/semantic_navigator.cpp:118:22:[m[K [01;35m[Kwarning: [m[Knarrowing conversion of ‘[01m[Kit.octomap::OcTreeBaseImpl<octomap::ColorOcTreeNode, octomap::AbstractOccupancyOcTree>::leaf_iterator::<anonymous>.octomap::OcTreeBaseImpl<octomap::ColorOcTreeNode, octomap::AbstractOccupancyOcTree>::iterator_base::getX()[m[K’ from ‘[01m[Kdouble[m[K’ to ‘[01m[Kfloat[m[K’ [[01;35m[K-Wnarrowing[m[K]
  118 |               [01;35m[Kit.getX()[m[K, // center x
      |               [01;35m[K~~~~~~~^~[m[K
[01m[K/home/conlab/ssv2_ws/src/jackal_2dnav/src/semantic_navigator.cpp:119:22:[m[K [01;35m[Kwarning: [m[Knarrowing conversion of ‘[01m[Kit.octomap::OcTreeBaseImpl<octomap::ColorOcTreeNode, octomap::AbstractOccupancyOcTree>::leaf_iterator::<anonymous>.octomap::OcTreeBaseImpl<octomap::ColorOcTreeNode, octomap::AbstractOccupancyOcTree>::iterator_base::getY()[m[K’ from ‘[01m[Kdouble[m[K’ to ‘[01m[Kfloat[m[K’ [[01;35m[K-Wnarrowing[m[K]
  119 |               [01;35m[Kit.getY()[m[K, // center y
      |               [01;35m[K~~~~~~~^~[m[K
[01m[K/home/conlab/ssv2_ws/src/jackal_2dnav/src/semantic_navigator.cpp:121:25:[m[K [01;35m[Kwarning: [m[Knarrowing conversion of ‘[01m[K(it.octomap::OcTreeBaseImpl<octomap::ColorOcTreeNode, octomap::AbstractOccupancyOcTree>::leaf_iterator::<anonymous>.octomap::OcTreeBaseImpl<octomap::ColorOcTreeNode, octomap::AbstractOccupancyOcTree>::iterator_base::getX() - (it.octomap::OcTreeBaseImpl<octomap::ColorOcTreeNode, octomap::AbstractOccupancyOcTree>::leaf_iterator::<anonymous>.octomap::OcTreeBaseImpl<octomap::ColorOcTreeNode, octomap::AbstractOccupancyOcTree>::iterator_base::getSize() / (double)2))[m[K’ from ‘[01m[Kdouble[m[K’ to ‘[01m[Kfloat[m[K’ [[01;35m[K-Wnarrowing[m[K]
  121 |               [01;35m[Kit.getX() - it.getSize() / 2[m[K, // minimum x
      |               [01;35m[K~~~~~~~~~~^~~~~~~~~~~~~~~~~~[m[K
[01m[K/home/conlab/ssv2_ws/src/jackal_2dnav/src/semantic_navigator.cpp:122:25:[m[K [01;35m[Kwarning: [m[Knarrowing conversion of ‘[01m[K(it.octomap::OcTreeBaseImpl<octomap::ColorOcTreeNode, octomap::AbstractOccupancyOcTree>::leaf_iterator::<anonymous>.octomap::OcTreeBaseImpl<octomap::ColorOcTreeNode, octomap::AbstractOccupancyOcTree>::iterator_base::getX() + (it.octomap::OcTreeBaseImpl<octomap::ColorOcTreeNode, octomap::AbstractOccupancyOcTree>::leaf_iterator::<anonymous>.octomap::OcTreeBaseImpl<octomap::ColorOcTreeNode, octomap::AbstractOccupancyOcTree>::iterator_base::getSize() / (double)2))[m[K’ from ‘[01m[Kdouble[m[K’ to ‘[01m[Kfloat[m[K’ [[01;35m[K-Wnarrowing[m[K]
  122 |               [01;35m[Kit.getX() + it.getSize() / 2[m[K, // maximum x
      |               [01;35m[K~~~~~~~~~~^~~~~~~~~~~~~~~~~~[m[K
[01m[K/home/conlab/ssv2_ws/src/jackal_2dnav/src/semantic_navigator.cpp:124:25:[m[K [01;35m[Kwarning: [m[Knarrowing conversion of ‘[01m[K(it.octomap::OcTreeBaseImpl<octomap::ColorOcTreeNode, octomap::AbstractOccupancyOcTree>::leaf_iterator::<anonymous>.octomap::OcTreeBaseImpl<octomap::ColorOcTreeNode, octomap::AbstractOccupancyOcTree>::iterator_base::getY() - (it.octomap::OcTreeBaseImpl<octomap::ColorOcTreeNode, octomap::AbstractOccupancyOcTree>::leaf_iterator::<anonymous>.octomap::OcTreeBaseImpl<octomap::ColorOcTreeNode, octomap::AbstractOccupancyOcTree>::iterator_base::getSize() / (double)2))[m[K’ from ‘[01m[Kdouble[m[K’ to ‘[01m[Kfloat[m[K’ [[01;35m[K-Wnarrowing[m[K]
  124 |               [01;35m[Kit.getY() - it.getSize() / 2[m[K, // minimum y
      |               [01;35m[K~~~~~~~~~~^~~~~~~~~~~~~~~~~~[m[K
[01m[K/home/conlab/ssv2_ws/src/jackal_2dnav/src/semantic_navigator.cpp:125:25:[m[K [01;35m[Kwarning: [m[Knarrowing conversion of ‘[01m[K(it.octomap::OcTreeBaseImpl<octomap::ColorOcTreeNode, octomap::AbstractOccupancyOcTree>::leaf_iterator::<anonymous>.octomap::OcTreeBaseImpl<octomap::ColorOcTreeNode, octomap::AbstractOccupancyOcTree>::iterator_base::getY() + (it.octomap::OcTreeBaseImpl<octomap::ColorOcTreeNode, octomap::AbstractOccupancyOcTree>::leaf_iterator::<anonymous>.octomap::OcTreeBaseImpl<octomap::ColorOcTreeNode, octomap::AbstractOccupancyOcTree>::iterator_base::getSize() / (double)2))[m[K’ from ‘[01m[Kdouble[m[K’ to ‘[01m[Kfloat[m[K’ [[01;35m[K-Wnarrowing[m[K]
  125 |               [01;35m[Kit.getY() + it.getSize() / 2[m[K, // maximum y
      |               [01;35m[K~~~~~~~~~~^~~~~~~~~~~~~~~~~~[m[K
make[2]: *** [CMakeFiles/semantic_navigator.dir/build.make:82: CMakeFiles/semantic_navigator.dir/src/semantic_navigator.cpp.o] Error 1
make[1]: *** [CMakeFiles/Makefile2:269: CMakeFiles/semantic_navigator.dir/all] Error 2
make: *** [Makefile:160: all] Error 2
