[01m[K/home/conlab/ssv2_ws/src/jackal_2dnav/src/semantic_navigation.cpp:[m[K In member function ‘[01m[Kvoid semanticExploration::semanticCallback(const Octomap&)[m[K’:
[01m[K/home/conlab/ssv2_ws/src/jackal_2dnav/src/semantic_navigation.cpp:50:58:[m[K [01;31m[Kerror: [m[K‘[01m[Koctomap::OcTreeBaseImpl<octomap::OcTreeNode, octomap::AbstractOccupancyOcTree>::NodeType[m[K’ {aka ‘[01m[Kclass octomap::OcTreeNode[m[K’} has no member named ‘[01m[KgetColor[m[K’
   50 |       octomap::ColorOcTreeNode::Color currentColor = it->[01;31m[KgetColor[m[K();
      |                                                          [01;31m[K^~~~~~~~[m[K
[01m[K/home/conlab/ssv2_ws/src/jackal_2dnav/src/semantic_navigation.cpp:68:17:[m[K [01;31m[Kerror: [m[K‘[01m[Koctomap::OcTreeBaseImpl<octomap::OcTreeNode, octomap::AbstractOccupancyOcTree>::NodeType[m[K’ {aka ‘[01m[Kclass octomap::OcTreeNode[m[K’} has no member named ‘[01m[KgetY[m[K’
   68 |             it->[01;31m[KgetY[m[K(), // center y
      |                 [01;31m[K^~~~[m[K
[01m[K/home/conlab/ssv2_ws/src/jackal_2dnav/src/semantic_navigation.cpp:70:17:[m[K [01;31m[Kerror: [m[K‘[01m[Koctomap::OcTreeBaseImpl<octomap::OcTreeNode, octomap::AbstractOccupancyOcTree>::NodeType[m[K’ {aka ‘[01m[Kclass octomap::OcTreeNode[m[K’} has no member named ‘[01m[KgetX[m[K’
   70 |             it->[01;31m[KgetX[m[K() - octomap_msg.resolution / 2, // minimum x
      |                 [01;31m[K^~~~[m[K
[01m[K/home/conlab/ssv2_ws/src/jackal_2dnav/src/semantic_navigation.cpp:71:17:[m[K [01;31m[Kerror: [m[K‘[01m[Koctomap::OcTreeBaseImpl<octomap::OcTreeNode, octomap::AbstractOccupancyOcTree>::NodeType[m[K’ {aka ‘[01m[Kclass octomap::OcTreeNode[m[K’} has no member named ‘[01m[KgetX[m[K’
   71 |             it->[01;31m[KgetX[m[K() + octomap_msg.resolution / 2, // maximum x
      |                 [01;31m[K^~~~[m[K
[01m[K/home/conlab/ssv2_ws/src/jackal_2dnav/src/semantic_navigation.cpp:73:17:[m[K [01;31m[Kerror: [m[K‘[01m[Koctomap::OcTreeBaseImpl<octomap::OcTreeNode, octomap::AbstractOccupancyOcTree>::NodeType[m[K’ {aka ‘[01m[Kclass octomap::OcTreeNode[m[K’} has no member named ‘[01m[KgetY[m[K’
   73 |             it->[01;31m[KgetY[m[K() - octomap_msg.resolution / 2, // minimum y
      |                 [01;31m[K^~~~[m[K
[01m[K/home/conlab/ssv2_ws/src/jackal_2dnav/src/semantic_navigation.cpp:74:17:[m[K [01;31m[Kerror: [m[K‘[01m[Koctomap::OcTreeBaseImpl<octomap::OcTreeNode, octomap::AbstractOccupancyOcTree>::NodeType[m[K’ {aka ‘[01m[Kclass octomap::OcTreeNode[m[K’} has no member named ‘[01m[KgetY[m[K’
   74 |             it->[01;31m[KgetY[m[K() + octomap_msg.resolution / 2, // maximum y
      |                 [01;31m[K^~~~[m[K
[01m[K/home/conlab/ssv2_ws/src/jackal_2dnav/src/semantic_navigation.cpp:89:21:[m[K [01;31m[Kerror: [m[K‘[01m[Kstd::vector<semanticExploration::boundingBox>::iterator[m[K’ {aka ‘[01m[Kclass __gnu_cxx::__normal_iterator<semanticExploration::boundingBox*, std::vector<semanticExploration::boundingBox> >[m[K’} has no member named ‘[01m[KminX[m[K’
   89 |             if(bbIt.[01;31m[KminX[m[K - octomap_msg.resolution/2 <= it->getX() &&
      |                     [01;31m[K^~~~[m[K
[01m[K/home/conlab/ssv2_ws/src/jackal_2dnav/src/semantic_navigation.cpp:89:60:[m[K [01;31m[Kerror: [m[K‘[01m[Koctomap::OcTreeBaseImpl<octomap::OcTreeNode, octomap::AbstractOccupancyOcTree>::NodeType[m[K’ {aka ‘[01m[Kclass octomap::OcTreeNode[m[K’} has no member named ‘[01m[KgetX[m[K’
   89 |             if(bbIt.minX - octomap_msg.resolution/2 <= it->[01;31m[KgetX[m[K() &&
      |                                                            [01;31m[K^~~~[m[K
[01m[K/home/conlab/ssv2_ws/src/jackal_2dnav/src/semantic_navigation.cpp:90:19:[m[K [01;31m[Kerror: [m[K‘[01m[Koctomap::OcTreeBaseImpl<octomap::OcTreeNode, octomap::AbstractOccupancyOcTree>::NodeType[m[K’ {aka ‘[01m[Kclass octomap::OcTreeNode[m[K’} has no member named ‘[01m[KgetX[m[K’
   90 |               it->[01;31m[KgetX[m[K() <= bbIt.maxX + octomap_msg.resolution/2 &&
      |                   [01;31m[K^~~~[m[K
[01m[K/home/conlab/ssv2_ws/src/jackal_2dnav/src/semantic_navigation.cpp:90:34:[m[K [01;31m[Kerror: [m[K‘[01m[Kstd::vector<semanticExploration::boundingBox>::iterator[m[K’ {aka ‘[01m[Kclass __gnu_cxx::__normal_iterator<semanticExploration::boundingBox*, std::vector<semanticExploration::boundingBox> >[m[K’} has no member named ‘[01m[KmaxX[m[K’
   90 |               it->getX() <= bbIt.[01;31m[KmaxX[m[K + octomap_msg.resolution/2 &&
      |                                  [01;31m[K^~~~[m[K
[01m[K/home/conlab/ssv2_ws/src/jackal_2dnav/src/semantic_navigation.cpp:92:20:[m[K [01;31m[Kerror: [m[K‘[01m[Kstd::vector<semanticExploration::boundingBox>::iterator[m[K’ {aka ‘[01m[Kclass __gnu_cxx::__normal_iterator<semanticExploration::boundingBox*, std::vector<semanticExploration::boundingBox> >[m[K’} has no member named ‘[01m[KminY[m[K’
   92 |               bbIt.[01;31m[KminY[m[K - octomap_msg.resolution/2 <= it->getY() &&
      |                    [01;31m[K^~~~[m[K
[01m[K/home/conlab/ssv2_ws/src/jackal_2dnav/src/semantic_navigation.cpp:92:59:[m[K [01;31m[Kerror: [m[K‘[01m[Koctomap::OcTreeBaseImpl<octomap::OcTreeNode, octomap::AbstractOccupancyOcTree>::NodeType[m[K’ {aka ‘[01m[Kclass octomap::OcTreeNode[m[K’} has no member named ‘[01m[KgetY[m[K’
   92 |               bbIt.minY - octomap_msg.resolution/2 <= it->[01;31m[KgetY[m[K() &&
      |                                                           [01;31m[K^~~~[m[K
[01m[K/home/conlab/ssv2_ws/src/jackal_2dnav/src/semantic_navigation.cpp:93:19:[m[K [01;31m[Kerror: [m[K‘[01m[Koctomap::OcTreeBaseImpl<octomap::OcTreeNode, octomap::AbstractOccupancyOcTree>::NodeType[m[K’ {aka ‘[01m[Kclass octomap::OcTreeNode[m[K’} has no member named ‘[01m[KgetY[m[K’
   93 |               it->[01;31m[KgetY[m[K() <= bbIt.maxY + octomap_msg.resolution/2 ){
      |                   [01;31m[K^~~~[m[K
[01m[K/home/conlab/ssv2_ws/src/jackal_2dnav/src/semantic_navigation.cpp:93:34:[m[K [01;31m[Kerror: [m[K‘[01m[Kstd::vector<semanticExploration::boundingBox>::iterator[m[K’ {aka ‘[01m[Kclass __gnu_cxx::__normal_iterator<semanticExploration::boundingBox*, std::vector<semanticExploration::boundingBox> >[m[K’} has no member named ‘[01m[KmaxY[m[K’
   93 |               it->getY() <= bbIt.[01;31m[KmaxY[m[K + octomap_msg.resolution/2 ){
      |                                  [01;31m[K^~~~[m[K
[01m[K/home/conlab/ssv2_ws/src/jackal_2dnav/src/semantic_navigation.cpp:96:20:[m[K [01;31m[Kerror: [m[K‘[01m[Kstd::vector<semanticExploration::boundingBox>::iterator[m[K’ {aka ‘[01m[Kclass __gnu_cxx::__normal_iterator<semanticExploration::boundingBox*, std::vector<semanticExploration::boundingBox> >[m[K’} has no member named ‘[01m[KminX[m[K’
   96 |               bbIt.[01;31m[KminX[m[K = (bbIt.minX - octomap_msg.resolution/2 == it->getX()) ? it->getX() - octomap_msg.resolution/2 : bbIt.minX;
      |                    [01;31m[K^~~~[m[K
[01m[K/home/conlab/ssv2_ws/src/jackal_2dnav/src/semantic_navigation.cpp:96:33:[m[K [01;31m[Kerror: [m[K‘[01m[Kstd::vector<semanticExploration::boundingBox>::iterator[m[K’ {aka ‘[01m[Kclass __gnu_cxx::__normal_iterator<semanticExploration::boundingBox*, std::vector<semanticExploration::boundingBox> >[m[K’} has no member named ‘[01m[KminX[m[K’
   96 |               bbIt.minX = (bbIt.[01;31m[KminX[m[K - octomap_msg.resolution/2 == it->getX()) ? it->getX() - octomap_msg.resolution/2 : bbIt.minX;
      |                                 [01;31m[K^~~~[m[K
[01m[K/home/conlab/ssv2_ws/src/jackal_2dnav/src/semantic_navigation.cpp:96:72:[m[K [01;31m[Kerror: [m[K‘[01m[Koctomap::OcTreeBaseImpl<octomap::OcTreeNode, octomap::AbstractOccupancyOcTree>::NodeType[m[K’ {aka ‘[01m[Kclass octomap::OcTreeNode[m[K’} has no member named ‘[01m[KgetX[m[K’
   96 |               bbIt.minX = (bbIt.minX - octomap_msg.resolution/2 == it->[01;31m[KgetX[m[K()) ? it->getX() - octomap_msg.resolution/2 : bbIt.minX;
      |                                                                        [01;31m[K^~~~[m[K
[01m[K/home/conlab/ssv2_ws/src/jackal_2dnav/src/semantic_navigation.cpp:96:86:[m[K [01;31m[Kerror: [m[K‘[01m[Koctomap::OcTreeBaseImpl<octomap::OcTreeNode, octomap::AbstractOccupancyOcTree>::NodeType[m[K’ {aka ‘[01m[Kclass octomap::OcTreeNode[m[K’} has no member named ‘[01m[KgetX[m[K’
   96 |               bbIt.minX = (bbIt.minX - octomap_msg.resolution/2 == it->getX()) ? it->[01;31m[KgetX[m[K() - octomap_msg.resolution/2 : bbIt.minX;
      |                                                                                      [01;31m[K^~~~[m[K
[01m[K/home/conlab/ssv2_ws/src/jackal_2dnav/src/semantic_navigation.cpp:96:127:[m[K [01;31m[Kerror: [m[K‘[01m[Kstd::vector<semanticExploration::boundingBox>::iterator[m[K’ {aka ‘[01m[Kclass __gnu_cxx::__normal_iterator<semanticExploration::boundingBox*, std::vector<semanticExploration::boundingBox> >[m[K’} has no member named ‘[01m[KminX[m[K’
   96 |               bbIt.minX = (bbIt.minX - octomap_msg.resolution/2 == it->getX()) ? it->getX() - octomap_msg.resolution/2 : bbIt.[01;31m[KminX[m[K;
      |                                                                                                                               [01;31m[K^~~~[m[K
[01m[K/home/conlab/ssv2_ws/src/jackal_2dnav/src/semantic_navigation.cpp:97:20:[m[K [01;31m[Kerror: [m[K‘[01m[Kstd::vector<semanticExploration::boundingBox>::iterator[m[K’ {aka ‘[01m[Kclass __gnu_cxx::__normal_iterator<semanticExploration::boundingBox*, std::vector<semanticExploration::boundingBox> >[m[K’} has no member named ‘[01m[KmaxX[m[K’
   97 |               bbIt.[01;31m[KmaxX[m[K = (it->getX() == bbIt.maxX + octomap_msg.resolution/2) ? it->getX() + octomap_msg.resolution/2 : bbIt.maxX;
      |                    [01;31m[K^~~~[m[K
[01m[K/home/conlab/ssv2_ws/src/jackal_2dnav/src/semantic_navigation.cpp:97:32:[m[K [01;31m[Kerror: [m[K‘[01m[Koctomap::OcTreeBaseImpl<octomap::OcTreeNode, octomap::AbstractOccupancyOcTree>::NodeType[m[K’ {aka ‘[01m[Kclass octomap::OcTreeNode[m[K’} has no member named ‘[01m[KgetX[m[K’
   97 |               bbIt.maxX = (it->[01;31m[KgetX[m[K() == bbIt.maxX + octomap_msg.resolution/2) ? it->getX() + octomap_msg.resolution/2 : bbIt.maxX;
      |                                [01;31m[K^~~~[m[K
[01m[K/home/conlab/ssv2_ws/src/jackal_2dnav/src/semantic_navigation.cpp:97:47:[m[K [01;31m[Kerror: [m[K‘[01m[Kstd::vector<semanticExploration::boundingBox>::iterator[m[K’ {aka ‘[01m[Kclass __gnu_cxx::__normal_iterator<semanticExploration::boundingBox*, std::vector<semanticExploration::boundingBox> >[m[K’} has no member named ‘[01m[KmaxX[m[K’
   97 |               bbIt.maxX = (it->getX() == bbIt.[01;31m[KmaxX[m[K + octomap_msg.resolution/2) ? it->getX() + octomap_msg.resolution/2 : bbIt.maxX;
      |                                               [01;31m[K^~~~[m[K
[01m[K/home/conlab/ssv2_ws/src/jackal_2dnav/src/semantic_navigation.cpp:97:86:[m[K [01;31m[Kerror: [m[K‘[01m[Koctomap::OcTreeBaseImpl<octomap::OcTreeNode, octomap::AbstractOccupancyOcTree>::NodeType[m[K’ {aka ‘[01m[Kclass octomap::OcTreeNode[m[K’} has no member named ‘[01m[KgetX[m[K’
   97 |               bbIt.maxX = (it->getX() == bbIt.maxX + octomap_msg.resolution/2) ? it->[01;31m[KgetX[m[K() + octomap_msg.resolution/2 : bbIt.maxX;
      |                                                                                      [01;31m[K^~~~[m[K
[01m[K/home/conlab/ssv2_ws/src/jackal_2dnav/src/semantic_navigation.cpp:97:127:[m[K [01;31m[Kerror: [m[K‘[01m[Kstd::vector<semanticExploration::boundingBox>::iterator[m[K’ {aka ‘[01m[Kclass __gnu_cxx::__normal_iterator<semanticExploration::boundingBox*, std::vector<semanticExploration::boundingBox> >[m[K’} has no member named ‘[01m[KmaxX[m[K’
   97 |               bbIt.maxX = (it->getX() == bbIt.maxX + octomap_msg.resolution/2) ? it->getX() + octomap_msg.resolution/2 : bbIt.[01;31m[KmaxX[m[K;
      |                                                                                                                               [01;31m[K^~~~[m[K
[01m[K/home/conlab/ssv2_ws/src/jackal_2dnav/src/semantic_navigation.cpp:99:20:[m[K [01;31m[Kerror: [m[K‘[01m[Kstd::vector<semanticExploration::boundingBox>::iterator[m[K’ {aka ‘[01m[Kclass __gnu_cxx::__normal_iterator<semanticExploration::boundingBox*, std::vector<semanticExploration::boundingBox> >[m[K’} has no member named ‘[01m[KminY[m[K’
   99 |               bbIt.[01;31m[KminY[m[K = (bbIt.minY - octomap_msg.resolution/2 == it->getY()) ? it->getY() - octomap_msg.resolution/2 : bbIt.minY;
      |                    [01;31m[K^~~~[m[K
[01m[K/home/conlab/ssv2_ws/src/jackal_2dnav/src/semantic_navigation.cpp:99:33:[m[K [01;31m[Kerror: [m[K‘[01m[Kstd::vector<semanticExploration::boundingBox>::iterator[m[K’ {aka ‘[01m[Kclass __gnu_cxx::__normal_iterator<semanticExploration::boundingBox*, std::vector<semanticExploration::boundingBox> >[m[K’} has no member named ‘[01m[KminY[m[K’
   99 |               bbIt.minY = (bbIt.[01;31m[KminY[m[K - octomap_msg.resolution/2 == it->getY()) ? it->getY() - octomap_msg.resolution/2 : bbIt.minY;
      |                                 [01;31m[K^~~~[m[K
[01m[K/home/conlab/ssv2_ws/src/jackal_2dnav/src/semantic_navigation.cpp:99:72:[m[K [01;31m[Kerror: [m[K‘[01m[Koctomap::OcTreeBaseImpl<octomap::OcTreeNode, octomap::AbstractOccupancyOcTree>::NodeType[m[K’ {aka ‘[01m[Kclass octomap::OcTreeNode[m[K’} has no member named ‘[01m[KgetY[m[K’
   99 |               bbIt.minY = (bbIt.minY - octomap_msg.resolution/2 == it->[01;31m[KgetY[m[K()) ? it->getY() - octomap_msg.resolution/2 : bbIt.minY;
      |                                                                        [01;31m[K^~~~[m[K
[01m[K/home/conlab/ssv2_ws/src/jackal_2dnav/src/semantic_navigation.cpp:99:86:[m[K [01;31m[Kerror: [m[K‘[01m[Koctomap::OcTreeBaseImpl<octomap::OcTreeNode, octomap::AbstractOccupancyOcTree>::NodeType[m[K’ {aka ‘[01m[Kclass octomap::OcTreeNode[m[K’} has no member named ‘[01m[KgetY[m[K’
   99 |               bbIt.minY = (bbIt.minY - octomap_msg.resolution/2 == it->getY()) ? it->[01;31m[KgetY[m[K() - octomap_msg.resolution/2 : bbIt.minY;
      |                                                                                      [01;31m[K^~~~[m[K
[01m[K/home/conlab/ssv2_ws/src/jackal_2dnav/src/semantic_navigation.cpp:99:127:[m[K [01;31m[Kerror: [m[K‘[01m[Kstd::vector<semanticExploration::boundingBox>::iterator[m[K’ {aka ‘[01m[Kclass __gnu_cxx::__normal_iterator<semanticExploration::boundingBox*, std::vector<semanticExploration::boundingBox> >[m[K’} has no member named ‘[01m[KminY[m[K’
   99 |               bbIt.minY = (bbIt.minY - octomap_msg.resolution/2 == it->getY()) ? it->getY() - octomap_msg.resolution/2 : bbIt.[01;31m[KminY[m[K;
      |                                                                                                                               [01;31m[K^~~~[m[K
[01m[K/home/conlab/ssv2_ws/src/jackal_2dnav/src/semantic_navigation.cpp:100:20:[m[K [01;31m[Kerror: [m[K‘[01m[Kstd::vector<semanticExploration::boundingBox>::iterator[m[K’ {aka ‘[01m[Kclass __gnu_cxx::__normal_iterator<semanticExploration::boundingBox*, std::vector<semanticExploration::boundingBox> >[m[K’} has no member named ‘[01m[KmaxY[m[K’
  100 |               bbIt.[01;31m[KmaxY[m[K = (it->getY() == bbIt.maxY + octomap_msg.resolution/2) ? it->getY() + octomap_msg.resolution/2 : bbIt.maxY;
      |                    [01;31m[K^~~~[m[K
[01m[K/home/conlab/ssv2_ws/src/jackal_2dnav/src/semantic_navigation.cpp:100:32:[m[K [01;31m[Kerror: [m[K‘[01m[Koctomap::OcTreeBaseImpl<octomap::OcTreeNode, octomap::AbstractOccupancyOcTree>::NodeType[m[K’ {aka ‘[01m[Kclass octomap::OcTreeNode[m[K’} has no member named ‘[01m[KgetY[m[K’
  100 |               bbIt.maxY = (it->[01;31m[KgetY[m[K() == bbIt.maxY + octomap_msg.resolution/2) ? it->getY() + octomap_msg.resolution/2 : bbIt.maxY;
      |                                [01;31m[K^~~~[m[K
[01m[K/home/conlab/ssv2_ws/src/jackal_2dnav/src/semantic_navigation.cpp:100:47:[m[K [01;31m[Kerror: [m[K‘[01m[Kstd::vector<semanticExploration::boundingBox>::iterator[m[K’ {aka ‘[01m[Kclass __gnu_cxx::__normal_iterator<semanticExploration::boundingBox*, std::vector<semanticExploration::boundingBox> >[m[K’} has no member named ‘[01m[KmaxY[m[K’
  100 |               bbIt.maxY = (it->getY() == bbIt.[01;31m[KmaxY[m[K + octomap_msg.resolution/2) ? it->getY() + octomap_msg.resolution/2 : bbIt.maxY;
      |                                               [01;31m[K^~~~[m[K
[01m[K/home/conlab/ssv2_ws/src/jackal_2dnav/src/semantic_navigation.cpp:100:86:[m[K [01;31m[Kerror: [m[K‘[01m[Koctomap::OcTreeBaseImpl<octomap::OcTreeNode, octomap::AbstractOccupancyOcTree>::NodeType[m[K’ {aka ‘[01m[Kclass octomap::OcTreeNode[m[K’} has no member named ‘[01m[KgetY[m[K’
  100 |               bbIt.maxY = (it->getY() == bbIt.maxY + octomap_msg.resolution/2) ? it->[01;31m[KgetY[m[K() + octomap_msg.resolution/2 : bbIt.maxY;
      |                                                                                      [01;31m[K^~~~[m[K
[01m[K/home/conlab/ssv2_ws/src/jackal_2dnav/src/semantic_navigation.cpp:100:127:[m[K [01;31m[Kerror: [m[K‘[01m[Kstd::vector<semanticExploration::boundingBox>::iterator[m[K’ {aka ‘[01m[Kclass __gnu_cxx::__normal_iterator<semanticExploration::boundingBox*, std::vector<semanticExploration::boundingBox> >[m[K’} has no member named ‘[01m[KmaxY[m[K’
  100 |               bbIt.maxY = (it->getY() == bbIt.maxY + octomap_msg.resolution/2) ? it->getY() + octomap_msg.resolution/2 : bbIt.[01;31m[KmaxY[m[K;
      |                                                                                                                               [01;31m[K^~~~[m[K
[01m[K/home/conlab/ssv2_ws/src/jackal_2dnav/src/semantic_navigation.cpp:102:20:[m[K [01;31m[Kerror: [m[K‘[01m[Kstd::vector<semanticExploration::boundingBox>::iterator[m[K’ {aka ‘[01m[Kclass __gnu_cxx::__normal_iterator<semanticExploration::boundingBox*, std::vector<semanticExploration::boundingBox> >[m[K’} has no member named ‘[01m[KxCenter[m[K’
  102 |               bbIt.[01;31m[KxCenter[m[K = bbIt.minX + (bbIt.maxX - bbIt.minX) / 2;
      |                    [01;31m[K^~~~~~~[m[K
[01m[K/home/conlab/ssv2_ws/src/jackal_2dnav/src/semantic_navigation.cpp:102:35:[m[K [01;31m[Kerror: [m[K‘[01m[Kstd::vector<semanticExploration::boundingBox>::iterator[m[K’ {aka ‘[01m[Kclass __gnu_cxx::__normal_iterator<semanticExploration::boundingBox*, std::vector<semanticExploration::boundingBox> >[m[K’} has no member named ‘[01m[KminX[m[K’
  102 |               bbIt.xCenter = bbIt.[01;31m[KminX[m[K + (bbIt.maxX - bbIt.minX) / 2;
      |                                   [01;31m[K^~~~[m[K
[01m[K/home/conlab/ssv2_ws/src/jackal_2dnav/src/semantic_navigation.cpp:102:48:[m[K [01;31m[Kerror: [m[K‘[01m[Kstd::vector<semanticExploration::boundingBox>::iterator[m[K’ {aka ‘[01m[Kclass __gnu_cxx::__normal_iterator<semanticExploration::boundingBox*, std::vector<semanticExploration::boundingBox> >[m[K’} has no member named ‘[01m[KmaxX[m[K’
  102 |               bbIt.xCenter = bbIt.minX + (bbIt.[01;31m[KmaxX[m[K - bbIt.minX) / 2;
      |                                                [01;31m[K^~~~[m[K
[01m[K/home/conlab/ssv2_ws/src/jackal_2dnav/src/semantic_navigation.cpp:102:60:[m[K [01;31m[Kerror: [m[K‘[01m[Kstd::vector<semanticExploration::boundingBox>::iterator[m[K’ {aka ‘[01m[Kclass __gnu_cxx::__normal_iterator<semanticExploration::boundingBox*, std::vector<semanticExploration::boundingBox> >[m[K’} has no member named ‘[01m[KminX[m[K’
  102 |               bbIt.xCenter = bbIt.minX + (bbIt.maxX - bbIt.[01;31m[KminX[m[K) / 2;
      |                                                            [01;31m[K^~~~[m[K
[01m[K/home/conlab/ssv2_ws/src/jackal_2dnav/src/semantic_navigation.cpp:103:20:[m[K [01;31m[Kerror: [m[K‘[01m[Kstd::vector<semanticExploration::boundingBox>::iterator[m[K’ {aka ‘[01m[Kclass __gnu_cxx::__normal_iterator<semanticExploration::boundingBox*, std::vector<semanticExploration::boundingBox> >[m[K’} has no member named ‘[01m[KYCenter[m[K’
  103 |               bbIt.[01;31m[KYCenter[m[K = bbIt.minY + (bbIt.maxY - bbIt.minY) / 2;
      |                    [01;31m[K^~~~~~~[m[K
[01m[K/home/conlab/ssv2_ws/src/jackal_2dnav/src/semantic_navigation.cpp:103:35:[m[K [01;31m[Kerror: [m[K‘[01m[Kstd::vector<semanticExploration::boundingBox>::iterator[m[K’ {aka ‘[01m[Kclass __gnu_cxx::__normal_iterator<semanticExploration::boundingBox*, std::vector<semanticExploration::boundingBox> >[m[K’} has no member named ‘[01m[KminY[m[K’
  103 |               bbIt.YCenter = bbIt.[01;31m[KminY[m[K + (bbIt.maxY - bbIt.minY) / 2;
      |                                   [01;31m[K^~~~[m[K
[01m[K/home/conlab/ssv2_ws/src/jackal_2dnav/src/semantic_navigation.cpp:103:48:[m[K [01;31m[Kerror: [m[K‘[01m[Kstd::vector<semanticExploration::boundingBox>::iterator[m[K’ {aka ‘[01m[Kclass __gnu_cxx::__normal_iterator<semanticExploration::boundingBox*, std::vector<semanticExploration::boundingBox> >[m[K’} has no member named ‘[01m[KmaxY[m[K’
  103 |               bbIt.YCenter = bbIt.minY + (bbIt.[01;31m[KmaxY[m[K - bbIt.minY) / 2;
      |                                                [01;31m[K^~~~[m[K
[01m[K/home/conlab/ssv2_ws/src/jackal_2dnav/src/semantic_navigation.cpp:103:60:[m[K [01;31m[Kerror: [m[K‘[01m[Kstd::vector<semanticExploration::boundingBox>::iterator[m[K’ {aka ‘[01m[Kclass __gnu_cxx::__normal_iterator<semanticExploration::boundingBox*, std::vector<semanticExploration::boundingBox> >[m[K’} has no member named ‘[01m[KminY[m[K’
  103 |               bbIt.YCenter = bbIt.minY + (bbIt.maxY - bbIt.[01;31m[KminY[m[K) / 2;
      |                                                            [01;31m[K^~~~[m[K
[01m[K/home/conlab/ssv2_ws/src/jackal_2dnav/src/semantic_navigation.cpp:109:21:[m[K [01;31m[Kerror: [m[K‘[01m[Koctomap::OcTreeBaseImpl<octomap::OcTreeNode, octomap::AbstractOccupancyOcTree>::NodeType[m[K’ {aka ‘[01m[Kclass octomap::OcTreeNode[m[K’} has no member named ‘[01m[KgetX[m[K’
  109 |                 it->[01;31m[KgetX[m[K(), // center x
      |                     [01;31m[K^~~~[m[K
[01m[K/home/conlab/ssv2_ws/src/jackal_2dnav/src/semantic_navigation.cpp:110:21:[m[K [01;31m[Kerror: [m[K‘[01m[Koctomap::OcTreeBaseImpl<octomap::OcTreeNode, octomap::AbstractOccupancyOcTree>::NodeType[m[K’ {aka ‘[01m[Kclass octomap::OcTreeNode[m[K’} has no member named ‘[01m[KgetY[m[K’
  110 |                 it->[01;31m[KgetY[m[K(), // center y
      |                     [01;31m[K^~~~[m[K
[01m[K/home/conlab/ssv2_ws/src/jackal_2dnav/src/semantic_navigation.cpp:112:21:[m[K [01;31m[Kerror: [m[K‘[01m[Koctomap::OcTreeBaseImpl<octomap::OcTreeNode, octomap::AbstractOccupancyOcTree>::NodeType[m[K’ {aka ‘[01m[Kclass octomap::OcTreeNode[m[K’} has no member named ‘[01m[KgetX[m[K’
  112 |                 it->[01;31m[KgetX[m[K() - octomap_msg.resolution / 2, // minimum x
      |                     [01;31m[K^~~~[m[K
[01m[K/home/conlab/ssv2_ws/src/jackal_2dnav/src/semantic_navigation.cpp:113:21:[m[K [01;31m[Kerror: [m[K‘[01m[Koctomap::OcTreeBaseImpl<octomap::OcTreeNode, octomap::AbstractOccupancyOcTree>::NodeType[m[K’ {aka ‘[01m[Kclass octomap::OcTreeNode[m[K’} has no member named ‘[01m[KgetX[m[K’
  113 |                 it->[01;31m[KgetX[m[K() + octomap_msg.resolution / 2, // maximum x
      |                     [01;31m[K^~~~[m[K
[01m[K/home/conlab/ssv2_ws/src/jackal_2dnav/src/semantic_navigation.cpp:115:21:[m[K [01;31m[Kerror: [m[K‘[01m[Koctomap::OcTreeBaseImpl<octomap::OcTreeNode, octomap::AbstractOccupancyOcTree>::NodeType[m[K’ {aka ‘[01m[Kclass octomap::OcTreeNode[m[K’} has no member named ‘[01m[KgetY[m[K’
  115 |                 it->[01;31m[KgetY[m[K() - octomap_msg.resolution / 2, // minimum y
      |                     [01;31m[K^~~~[m[K
[01m[K/home/conlab/ssv2_ws/src/jackal_2dnav/src/semantic_navigation.cpp:116:21:[m[K [01;31m[Kerror: [m[K‘[01m[Koctomap::OcTreeBaseImpl<octomap::OcTreeNode, octomap::AbstractOccupancyOcTree>::NodeType[m[K’ {aka ‘[01m[Kclass octomap::OcTreeNode[m[K’} has no member named ‘[01m[KgetY[m[K’
  116 |                 it->[01;31m[KgetY[m[K() + octomap_msg.resolution / 2, // maximum y
      |                     [01;31m[K^~~~[m[K
[01m[K/home/conlab/ssv2_ws/src/jackal_2dnav/src/semantic_navigation.cpp:133:25:[m[K [01;31m[Kerror: [m[K‘[01m[Kstd::vector<semanticExploration::boundingBox>::iterator[m[K’ {aka ‘[01m[Kclass __gnu_cxx::__normal_iterator<semanticExploration::boundingBox*, std::vector<semanticExploration::boundingBox> >[m[K’} has no member named ‘[01m[KmaxX[m[K’
  133 |       if(bbArea < (bbIt.[01;31m[KmaxX[m[K - bbIt.minX) * (bbIt.maxY - bbIt.minY)){
      |                         [01;31m[K^~~~[m[K
[01m[K/home/conlab/ssv2_ws/src/jackal_2dnav/src/semantic_navigation.cpp:133:37:[m[K [01;31m[Kerror: [m[K‘[01m[Kstd::vector<semanticExploration::boundingBox>::iterator[m[K’ {aka ‘[01m[Kclass __gnu_cxx::__normal_iterator<semanticExploration::boundingBox*, std::vector<semanticExploration::boundingBox> >[m[K’} has no member named ‘[01m[KminX[m[K’
  133 |       if(bbArea < (bbIt.maxX - bbIt.[01;31m[KminX[m[K) * (bbIt.maxY - bbIt.minY)){
      |                                     [01;31m[K^~~~[m[K
[01m[K/home/conlab/ssv2_ws/src/jackal_2dnav/src/semantic_navigation.cpp:133:51:[m[K [01;31m[Kerror: [m[K‘[01m[Kstd::vector<semanticExploration::boundingBox>::iterator[m[K’ {aka ‘[01m[Kclass __gnu_cxx::__normal_iterator<semanticExploration::boundingBox*, std::vector<semanticExploration::boundingBox> >[m[K’} has no member named ‘[01m[KmaxY[m[K’
  133 |       if(bbArea < (bbIt.maxX - bbIt.minX) * (bbIt.[01;31m[KmaxY[m[K - bbIt.minY)){
      |                                                   [01;31m[K^~~~[m[K
[01m[K/home/conlab/ssv2_ws/src/jackal_2dnav/src/semantic_navigation.cpp:133:63:[m[K [01;31m[Kerror: [m[K‘[01m[Kstd::vector<semanticExploration::boundingBox>::iterator[m[K’ {aka ‘[01m[Kclass __gnu_cxx::__normal_iterator<semanticExploration::boundingBox*, std::vector<semanticExploration::boundingBox> >[m[K’} has no member named ‘[01m[KminY[m[K’
  133 |       if(bbArea < (bbIt.maxX - bbIt.minX) * (bbIt.maxY - bbIt.[01;31m[KminY[m[K)){
      |                                                               [01;31m[K^~~~[m[K
[01m[K/home/conlab/ssv2_ws/src/jackal_2dnav/src/semantic_navigation.cpp:135:24:[m[K [01;31m[Kerror: [m[K‘[01m[Kstd::vector<semanticExploration::boundingBox>::iterator[m[K’ {aka ‘[01m[Kclass __gnu_cxx::__normal_iterator<semanticExploration::boundingBox*, std::vector<semanticExploration::boundingBox> >[m[K’} has no member named ‘[01m[KmaxX[m[K’
  135 |         bbArea = (bbIt.[01;31m[KmaxX[m[K - bbIt.minX) * (bbIt.maxY - bbIt.minY);
      |                        [01;31m[K^~~~[m[K
[01m[K/home/conlab/ssv2_ws/src/jackal_2dnav/src/semantic_navigation.cpp:135:36:[m[K [01;31m[Kerror: [m[K‘[01m[Kstd::vector<semanticExploration::boundingBox>::iterator[m[K’ {aka ‘[01m[Kclass __gnu_cxx::__normal_iterator<semanticExploration::boundingBox*, std::vector<semanticExploration::boundingBox> >[m[K’} has no member named ‘[01m[KminX[m[K’
  135 |         bbArea = (bbIt.maxX - bbIt.[01;31m[KminX[m[K) * (bbIt.maxY - bbIt.minY);
      |                                    [01;31m[K^~~~[m[K
[01m[K/home/conlab/ssv2_ws/src/jackal_2dnav/src/semantic_navigation.cpp:135:50:[m[K [01;31m[Kerror: [m[K‘[01m[Kstd::vector<semanticExploration::boundingBox>::iterator[m[K’ {aka ‘[01m[Kclass __gnu_cxx::__normal_iterator<semanticExploration::boundingBox*, std::vector<semanticExploration::boundingBox> >[m[K’} has no member named ‘[01m[KmaxY[m[K’
  135 |         bbArea = (bbIt.maxX - bbIt.minX) * (bbIt.[01;31m[KmaxY[m[K - bbIt.minY);
      |                                                  [01;31m[K^~~~[m[K
[01m[K/home/conlab/ssv2_ws/src/jackal_2dnav/src/semantic_navigation.cpp:135:62:[m[K [01;31m[Kerror: [m[K‘[01m[Kstd::vector<semanticExploration::boundingBox>::iterator[m[K’ {aka ‘[01m[Kclass __gnu_cxx::__normal_iterator<semanticExploration::boundingBox*, std::vector<semanticExploration::boundingBox> >[m[K’} has no member named ‘[01m[KminY[m[K’
  135 |         bbArea = (bbIt.maxX - bbIt.minX) * (bbIt.maxY - bbIt.[01;31m[KminY[m[K);
      |                                                              [01;31m[K^~~~[m[K
In file included from [01m[K/opt/ros/noetic/include/ros/ros.h:40[m[K,
                 from [01m[K/home/conlab/ssv2_ws/src/jackal_2dnav/src/semantic_navigation.cpp:1[m[K:
[01m[K/home/conlab/ssv2_ws/src/jackal_2dnav/src/semantic_navigation.cpp:[m[K In function ‘[01m[Kint main(int, char**)[m[K’:
[01m[K/home/conlab/ssv2_ws/src/jackal_2dnav/src/semantic_navigation.cpp:201:32:[m[K [01;31m[Kerror: [m[K‘[01m[Kgoal[m[K’ was not declared in this scope
  201 |     ROS_INFO_STREAM("X AT " << [01;31m[Kgoal[m[K.target_pose.pose.position.x << "    Y AT " <<  goal.target_pose.pose.position.y << '\n');
      |                                [01;31m[K^~~~[m[K
[01m[K/opt/ros/noetic/include/ros/console.h:361:64:[m[K [01;36m[Knote: [m[Kin definition of macro ‘[01m[KROSCONSOLE_PRINT_STREAM_AT_LOCATION_WITH_FILTER[m[K’
  361 |     __rosconsole_print_stream_at_location_with_filter__ss__ << [01;36m[Kargs[m[K; \
      |                                                                [01;36m[K^~~~[m[K
[01m[K/opt/ros/noetic/include/ros/console.h:409:7:[m[K [01;36m[Knote: [m[Kin expansion of macro ‘[01m[KROSCONSOLE_PRINT_STREAM_AT_LOCATION[m[K’
  409 |       [01;36m[KROSCONSOLE_PRINT_STREAM_AT_LOCATION[m[K(args); \
      |       [01;36m[K^~~~~~~~~~~~~~~~~~~~~~~~~~~~~~~~~~~[m[K
[01m[K/opt/ros/noetic/include/ros/console.h:582:43:[m[K [01;36m[Knote: [m[Kin expansion of macro ‘[01m[KROS_LOG_STREAM_COND[m[K’
  582 | #define ROS_LOG_STREAM(level, name, args) [01;36m[KROS_LOG_STREAM_COND[m[K(true, level, name, args)
      |                                           [01;36m[K^~~~~~~~~~~~~~~~~~~[m[K
[01m[K/opt/ros/noetic/include/rosconsole/macros_generated.h:111:31:[m[K [01;36m[Knote: [m[Kin expansion of macro ‘[01m[KROS_LOG_STREAM[m[K’
  111 | #define ROS_INFO_STREAM(args) [01;36m[KROS_LOG_STREAM[m[K(::ros::console::levels::Info, ROSCONSOLE_DEFAULT_NAME, args)
      |                               [01;36m[K^~~~~~~~~~~~~~[m[K
[01m[K/home/conlab/ssv2_ws/src/jackal_2dnav/src/semantic_navigation.cpp:201:5:[m[K [01;36m[Knote: [m[Kin expansion of macro ‘[01m[KROS_INFO_STREAM[m[K’
  201 |     [01;36m[KROS_INFO_STREAM[m[K("X AT " << goal.target_pose.pose.position.x << "    Y AT " <<  goal.target_pose.pose.position.y << '\n');
      |     [01;36m[K^~~~~~~~~~~~~~~[m[K
[01m[K/home/conlab/ssv2_ws/src/jackal_2dnav/src/semantic_navigation.cpp:207:17:[m[K [01;31m[Kerror: [m[K‘[01m[Kgoal[m[K’ was not declared in this scope
  207 |     ac.sendGoal([01;31m[Kgoal[m[K);
      |                 [01;31m[K^~~~[m[K
make[2]: *** [CMakeFiles/semantic_navigation.dir/build.make:82: CMakeFiles/semantic_navigation.dir/src/semantic_navigation.cpp.o] Error 1
make[1]: *** [CMakeFiles/Makefile2:1228: CMakeFiles/semantic_navigation.dir/all] Error 2
make: *** [Makefile:160: all] Error 2
