[01m[K/home/conlab/ssv2_ws/src/jackal_2dnav/src/semantic_navigation.cpp:[m[K In member function ‘[01m[Kvoid semanticExploration::semanticCallback(const Octomap&)[m[K’:
[01m[K/home/conlab/ssv2_ws/src/jackal_2dnav/src/semantic_navigation.cpp:93:28:[m[K [01;31m[Kerror: [m[K‘[01m[Kclass octomap::OcTreeBaseImpl<octomap::ColorOcTreeNode, octomap::AbstractOccupancyOcTree>::leaf_iterator[m[K’ has no member named ‘[01m[KgetResolution[m[K’
   93 |             it.getX() - it.[01;31m[KgetResolution[m[K / 2, // minimum x, octomap_msg.resolution
      |                            [01;31m[K^~~~~~~~~~~~~[m[K
[01m[K/home/conlab/ssv2_ws/src/jackal_2dnav/src/semantic_navigation.cpp:94:28:[m[K [01;31m[Kerror: [m[K‘[01m[Kclass octomap::OcTreeBaseImpl<octomap::ColorOcTreeNode, octomap::AbstractOccupancyOcTree>::leaf_iterator[m[K’ has no member named ‘[01m[KgetResolution[m[K’
   94 |             it.getX() + it.[01;31m[KgetResolution[m[K / 2, // maximum x
      |                            [01;31m[K^~~~~~~~~~~~~[m[K
[01m[K/home/conlab/ssv2_ws/src/jackal_2dnav/src/semantic_navigation.cpp:96:28:[m[K [01;31m[Kerror: [m[K‘[01m[Kclass octomap::OcTreeBaseImpl<octomap::ColorOcTreeNode, octomap::AbstractOccupancyOcTree>::leaf_iterator[m[K’ has no member named ‘[01m[KgetResolution[m[K’
   96 |             it.getY() - it.[01;31m[KgetResolution[m[K / 2, // minimum y
      |                            [01;31m[K^~~~~~~~~~~~~[m[K
[01m[K/home/conlab/ssv2_ws/src/jackal_2dnav/src/semantic_navigation.cpp:97:28:[m[K [01;31m[Kerror: [m[K‘[01m[Kclass octomap::OcTreeBaseImpl<octomap::ColorOcTreeNode, octomap::AbstractOccupancyOcTree>::leaf_iterator[m[K’ has no member named ‘[01m[KgetResolution[m[K’
   97 |             it.getY() + it.[01;31m[KgetResolution[m[K / 2, // maximum y
      |                            [01;31m[K^~~~~~~~~~~~~[m[K
[01m[K/home/conlab/ssv2_ws/src/jackal_2dnav/src/semantic_navigation.cpp:117:32:[m[K [01;31m[Kerror: [m[K‘[01m[Kclass octomap::OcTreeBaseImpl<octomap::ColorOcTreeNode, octomap::AbstractOccupancyOcTree>::leaf_iterator[m[K’ has no member named ‘[01m[KgetResolution[m[K’
  117 |             if(bbIt->minX - it.[01;31m[KgetResolution[m[K / 2 <= it.getX() &&
      |                                [01;31m[K^~~~~~~~~~~~~[m[K
[01m[K/home/conlab/ssv2_ws/src/jackal_2dnav/src/semantic_navigation.cpp:118:45:[m[K [01;31m[Kerror: [m[K‘[01m[Kclass octomap::OcTreeBaseImpl<octomap::ColorOcTreeNode, octomap::AbstractOccupancyOcTree>::leaf_iterator[m[K’ has no member named ‘[01m[KgetResolution[m[K’
  118 |                it.getX() <= bbIt->maxX + it.[01;31m[KgetResolution[m[K / 2 &&
      |                                             [01;31m[K^~~~~~~~~~~~~[m[K
[01m[K/home/conlab/ssv2_ws/src/jackal_2dnav/src/semantic_navigation.cpp:120:32:[m[K [01;31m[Kerror: [m[K‘[01m[Kclass octomap::OcTreeBaseImpl<octomap::ColorOcTreeNode, octomap::AbstractOccupancyOcTree>::leaf_iterator[m[K’ has no member named ‘[01m[KgetResolution[m[K’
  120 |                bbIt->minY - it.[01;31m[KgetResolution[m[K / 2 <= it.getY() &&
      |                                [01;31m[K^~~~~~~~~~~~~[m[K
[01m[K/home/conlab/ssv2_ws/src/jackal_2dnav/src/semantic_navigation.cpp:121:45:[m[K [01;31m[Kerror: [m[K‘[01m[Kclass octomap::OcTreeBaseImpl<octomap::ColorOcTreeNode, octomap::AbstractOccupancyOcTree>::leaf_iterator[m[K’ has no member named ‘[01m[KgetResolution[m[K’
  121 |                it.getY() <= bbIt->maxY + it.[01;31m[KgetResolution[m[K / 2 ){
      |                                             [01;31m[K^~~~~~~~~~~~~[m[K
[01m[K/home/conlab/ssv2_ws/src/jackal_2dnav/src/semantic_navigation.cpp:124:45:[m[K [01;31m[Kerror: [m[K‘[01m[Kclass octomap::OcTreeBaseImpl<octomap::ColorOcTreeNode, octomap::AbstractOccupancyOcTree>::leaf_iterator[m[K’ has no member named ‘[01m[KgetResolution[m[K’
  124 |               bbIt->minX = (bbIt->minX - it.[01;31m[KgetResolution[m[K / 2 == it.getX()) ? it.getX() - it.getResolution / 2 : bbIt->minX;
      |                                             [01;31m[K^~~~~~~~~~~~~[m[K
[01m[K/home/conlab/ssv2_ws/src/jackal_2dnav/src/semantic_navigation.cpp:124:94:[m[K [01;31m[Kerror: [m[K‘[01m[Kclass octomap::OcTreeBaseImpl<octomap::ColorOcTreeNode, octomap::AbstractOccupancyOcTree>::leaf_iterator[m[K’ has no member named ‘[01m[KgetResolution[m[K’
  124 |               bbIt->minX = (bbIt->minX - it.getResolution / 2 == it.getX()) ? it.getX() - it.[01;31m[KgetResolution[m[K / 2 : bbIt->minX;
      |                                                                                              [01;31m[K^~~~~~~~~~~~~[m[K
[01m[K/home/conlab/ssv2_ws/src/jackal_2dnav/src/semantic_navigation.cpp:125:58:[m[K [01;31m[Kerror: [m[K‘[01m[Kclass octomap::OcTreeBaseImpl<octomap::ColorOcTreeNode, octomap::AbstractOccupancyOcTree>::leaf_iterator[m[K’ has no member named ‘[01m[KgetResolution[m[K’
  125 |               bbIt->maxX = (it.getX() == bbIt->maxX + it.[01;31m[KgetResolution[m[K / 2) ? it.getX() + it.getResolution / 2 : bbIt->maxX;
      |                                                          [01;31m[K^~~~~~~~~~~~~[m[K
[01m[K/home/conlab/ssv2_ws/src/jackal_2dnav/src/semantic_navigation.cpp:125:94:[m[K [01;31m[Kerror: [m[K‘[01m[Kclass octomap::OcTreeBaseImpl<octomap::ColorOcTreeNode, octomap::AbstractOccupancyOcTree>::leaf_iterator[m[K’ has no member named ‘[01m[KgetResolution[m[K’
  125 |               bbIt->maxX = (it.getX() == bbIt->maxX + it.getResolution / 2) ? it.getX() + it.[01;31m[KgetResolution[m[K / 2 : bbIt->maxX;
      |                                                                                              [01;31m[K^~~~~~~~~~~~~[m[K
[01m[K/home/conlab/ssv2_ws/src/jackal_2dnav/src/semantic_navigation.cpp:127:45:[m[K [01;31m[Kerror: [m[K‘[01m[Kclass octomap::OcTreeBaseImpl<octomap::ColorOcTreeNode, octomap::AbstractOccupancyOcTree>::leaf_iterator[m[K’ has no member named ‘[01m[KgetResolution[m[K’
  127 |               bbIt->minY = (bbIt->minY - it.[01;31m[KgetResolution[m[K / 2 == it.getY()) ? it.getY() - it.getResolution / 2 : bbIt->minY;
      |                                             [01;31m[K^~~~~~~~~~~~~[m[K
[01m[K/home/conlab/ssv2_ws/src/jackal_2dnav/src/semantic_navigation.cpp:127:94:[m[K [01;31m[Kerror: [m[K‘[01m[Kclass octomap::OcTreeBaseImpl<octomap::ColorOcTreeNode, octomap::AbstractOccupancyOcTree>::leaf_iterator[m[K’ has no member named ‘[01m[KgetResolution[m[K’
  127 |               bbIt->minY = (bbIt->minY - it.getResolution / 2 == it.getY()) ? it.getY() - it.[01;31m[KgetResolution[m[K / 2 : bbIt->minY;
      |                                                                                              [01;31m[K^~~~~~~~~~~~~[m[K
[01m[K/home/conlab/ssv2_ws/src/jackal_2dnav/src/semantic_navigation.cpp:128:58:[m[K [01;31m[Kerror: [m[K‘[01m[Kclass octomap::OcTreeBaseImpl<octomap::ColorOcTreeNode, octomap::AbstractOccupancyOcTree>::leaf_iterator[m[K’ has no member named ‘[01m[KgetResolution[m[K’
  128 |               bbIt->maxY = (it.getY() == bbIt->maxY + it.[01;31m[KgetResolution[m[K / 2) ? it.getY() + it.getResolution / 2 : bbIt->maxY;
      |                                                          [01;31m[K^~~~~~~~~~~~~[m[K
[01m[K/home/conlab/ssv2_ws/src/jackal_2dnav/src/semantic_navigation.cpp:128:94:[m[K [01;31m[Kerror: [m[K‘[01m[Kclass octomap::OcTreeBaseImpl<octomap::ColorOcTreeNode, octomap::AbstractOccupancyOcTree>::leaf_iterator[m[K’ has no member named ‘[01m[KgetResolution[m[K’
  128 |               bbIt->maxY = (it.getY() == bbIt->maxY + it.getResolution / 2) ? it.getY() + it.[01;31m[KgetResolution[m[K / 2 : bbIt->maxY;
      |                                                                                              [01;31m[K^~~~~~~~~~~~~[m[K
[01m[K/home/conlab/ssv2_ws/src/jackal_2dnav/src/semantic_navigation.cpp:141:32:[m[K [01;31m[Kerror: [m[K‘[01m[Kclass octomap::OcTreeBaseImpl<octomap::ColorOcTreeNode, octomap::AbstractOccupancyOcTree>::leaf_iterator[m[K’ has no member named ‘[01m[KgetResolution[m[K’
  141 |                 it.getX() - it.[01;31m[KgetResolution[m[K / 2, // minimum x
      |                                [01;31m[K^~~~~~~~~~~~~[m[K
[01m[K/home/conlab/ssv2_ws/src/jackal_2dnav/src/semantic_navigation.cpp:142:32:[m[K [01;31m[Kerror: [m[K‘[01m[Kclass octomap::OcTreeBaseImpl<octomap::ColorOcTreeNode, octomap::AbstractOccupancyOcTree>::leaf_iterator[m[K’ has no member named ‘[01m[KgetResolution[m[K’
  142 |                 it.getX() + it.[01;31m[KgetResolution[m[K / 2, // maximum x
      |                                [01;31m[K^~~~~~~~~~~~~[m[K
[01m[K/home/conlab/ssv2_ws/src/jackal_2dnav/src/semantic_navigation.cpp:144:32:[m[K [01;31m[Kerror: [m[K‘[01m[Kclass octomap::OcTreeBaseImpl<octomap::ColorOcTreeNode, octomap::AbstractOccupancyOcTree>::leaf_iterator[m[K’ has no member named ‘[01m[KgetResolution[m[K’
  144 |                 it.getY() - it.[01;31m[KgetResolution[m[K / 2, // minimum y
      |                                [01;31m[K^~~~~~~~~~~~~[m[K
[01m[K/home/conlab/ssv2_ws/src/jackal_2dnav/src/semantic_navigation.cpp:145:32:[m[K [01;31m[Kerror: [m[K‘[01m[Kclass octomap::OcTreeBaseImpl<octomap::ColorOcTreeNode, octomap::AbstractOccupancyOcTree>::leaf_iterator[m[K’ has no member named ‘[01m[KgetResolution[m[K’
  145 |                 it.getY() + it.[01;31m[KgetResolution[m[K / 2, // maximum y
      |                                [01;31m[K^~~~~~~~~~~~~[m[K
make[2]: *** [CMakeFiles/semantic_navigation.dir/build.make:82: CMakeFiles/semantic_navigation.dir/src/semantic_navigation.cpp.o] Error 1
make[1]: *** [CMakeFiles/Makefile2:1228: CMakeFiles/semantic_navigation.dir/all] Error 2
make: *** [Makefile:160: all] Error 2
