[  6%] Built target std_msgs_generate_messages_eus
[ 12%] Built target semantic_navigator
[ 12%] Built target geometry_msgs_generate_messages_py
[ 25%] Built target my_navigation_goals
[ 25%] Built target geometry_msgs_generate_messages_eus
[ 25%] Built target std_msgs_generate_messages_py
[ 25%] Built target geometry_msgs_generate_messages_nodejs
[ 25%] Built target std_msgs_generate_messages_lisp
[ 25%] Built target geometry_msgs_generate_messages_lisp
[ 25%] Built target std_msgs_generate_messages_cpp
[ 25%] Built target std_msgs_generate_messages_nodejs
[ 25%] Built target geometry_msgs_generate_messages_cpp
[ 25%] Built target _jackal_2dnav_generate_messages_check_deps_sInstance
[ 25%] Built target _jackal_2dnav_generate_messages_check_deps_sPoses
[ 43%] Built target jackal_2dnav_generate_messages_eus
[ 68%] Built target jackal_2dnav_generate_messages_lisp
[ 68%] Built target jackal_2dnav_generate_messages_nodejs
[ 81%] Built target jackal_2dnav_generate_messages_cpp
[100%] Built target jackal_2dnav_generate_messages_py
[100%] Built target jackal_2dnav_generate_messages
