Linked: (/home/conlab/ssv2_ws/devel/.private/jackal_2dnav/lib/python3/dist-packages/jackal_2dnav/__init__.py, /home/conlab/ssv2_ws/devel/lib/python3/dist-packages/jackal_2dnav/__init__.py)
Linked: (/home/conlab/ssv2_ws/devel/.private/jackal_2dnav/lib/python3/dist-packages/jackal_2dnav/msg/__init__.py, /home/conlab/ssv2_ws/devel/lib/python3/dist-packages/jackal_2dnav/msg/__init__.py)
Linked: (/home/conlab/ssv2_ws/devel/.private/jackal_2dnav/lib/python3/dist-packages/jackal_2dnav/msg/_sPoses.py, /home/conlab/ssv2_ws/devel/lib/python3/dist-packages/jackal_2dnav/msg/_sPoses.py)
Symlinking /home/conlab/ssv2_ws/devel/lib/python3/dist-packages/jackal_2dnav/msg/_sInstance.py
Linked: (/home/conlab/ssv2_ws/devel/.private/jackal_2dnav/lib/pkgconfig/jackal_2dnav.pc, /home/conlab/ssv2_ws/devel/lib/pkgconfig/jackal_2dnav.pc)
Linked: (/home/conlab/ssv2_ws/devel/.private/jackal_2dnav/lib/jackal_2dnav/jackal_2dnav, /home/conlab/ssv2_ws/devel/lib/jackal_2dnav/jackal_2dnav)
Linked: (/home/conlab/ssv2_ws/devel/.private/jackal_2dnav/lib/jackal_2dnav/simple_navigation_goals, /home/conlab/ssv2_ws/devel/lib/jackal_2dnav/simple_navigation_goals)
Linked: (/home/conlab/ssv2_ws/devel/.private/jackal_2dnav/lib/jackal_2dnav/semantic_navigation, /home/conlab/ssv2_ws/devel/lib/jackal_2dnav/semantic_navigation)
Linked: (/home/conlab/ssv2_ws/devel/.private/jackal_2dnav/lib/jackal_2dnav/my_navigation_goals, /home/conlab/ssv2_ws/devel/lib/jackal_2dnav/my_navigation_goals)
Linked: (/home/conlab/ssv2_ws/devel/.private/jackal_2dnav/lib/jackal_2dnav/semantic_navigator, /home/conlab/ssv2_ws/devel/lib/jackal_2dnav/semantic_navigator)
Symlinking /home/conlab/ssv2_ws/devel/include/jackal_2dnav/sInstance.h
Linked: (/home/conlab/ssv2_ws/devel/.private/jackal_2dnav/include/jackal_2dnav/sPoses.h, /home/conlab/ssv2_ws/devel/include/jackal_2dnav/sPoses.h)
Linked: (/home/conlab/ssv2_ws/devel/.private/jackal_2dnav/share/roseus/ros/jackal_2dnav/manifest.l, /home/conlab/ssv2_ws/devel/share/roseus/ros/jackal_2dnav/manifest.l)
Symlinking /home/conlab/ssv2_ws/devel/share/roseus/ros/jackal_2dnav/msg/sInstance.l
Linked: (/home/conlab/ssv2_ws/devel/.private/jackal_2dnav/share/roseus/ros/jackal_2dnav/msg/sPoses.l, /home/conlab/ssv2_ws/devel/share/roseus/ros/jackal_2dnav/msg/sPoses.l)
Linked: (/home/conlab/ssv2_ws/devel/.private/jackal_2dnav/share/jackal_2dnav/cmake/jackal_2dnavConfig.cmake, /home/conlab/ssv2_ws/devel/share/jackal_2dnav/cmake/jackal_2dnavConfig.cmake)
Linked: (/home/conlab/ssv2_ws/devel/.private/jackal_2dnav/share/jackal_2dnav/cmake/jackal_2dnav-msg-extras.cmake, /home/conlab/ssv2_ws/devel/share/jackal_2dnav/cmake/jackal_2dnav-msg-extras.cmake)
Linked: (/home/conlab/ssv2_ws/devel/.private/jackal_2dnav/share/jackal_2dnav/cmake/jackal_2dnavConfig-version.cmake, /home/conlab/ssv2_ws/devel/share/jackal_2dnav/cmake/jackal_2dnavConfig-version.cmake)
Linked: (/home/conlab/ssv2_ws/devel/.private/jackal_2dnav/share/jackal_2dnav/cmake/jackal_2dnav-msg-paths.cmake, /home/conlab/ssv2_ws/devel/share/jackal_2dnav/cmake/jackal_2dnav-msg-paths.cmake)
Linked: (/home/conlab/ssv2_ws/devel/.private/jackal_2dnav/share/gennodejs/ros/jackal_2dnav/_index.js, /home/conlab/ssv2_ws/devel/share/gennodejs/ros/jackal_2dnav/_index.js)
Linked: (/home/conlab/ssv2_ws/devel/.private/jackal_2dnav/share/gennodejs/ros/jackal_2dnav/msg/sPoses.js, /home/conlab/ssv2_ws/devel/share/gennodejs/ros/jackal_2dnav/msg/sPoses.js)
Symlinking /home/conlab/ssv2_ws/devel/share/gennodejs/ros/jackal_2dnav/msg/sInstance.js
Linked: (/home/conlab/ssv2_ws/devel/.private/jackal_2dnav/share/gennodejs/ros/jackal_2dnav/msg/_index.js, /home/conlab/ssv2_ws/devel/share/gennodejs/ros/jackal_2dnav/msg/_index.js)
Linked: (/home/conlab/ssv2_ws/devel/.private/jackal_2dnav/share/common-lisp/ros/jackal_2dnav/msg/_package.lisp, /home/conlab/ssv2_ws/devel/share/common-lisp/ros/jackal_2dnav/msg/_package.lisp)
Linked: (/home/conlab/ssv2_ws/devel/.private/jackal_2dnav/share/common-lisp/ros/jackal_2dnav/msg/_package_sPoses.lisp, /home/conlab/ssv2_ws/devel/share/common-lisp/ros/jackal_2dnav/msg/_package_sPoses.lisp)
Linked: (/home/conlab/ssv2_ws/devel/.private/jackal_2dnav/share/common-lisp/ros/jackal_2dnav/msg/sPoses.lisp, /home/conlab/ssv2_ws/devel/share/common-lisp/ros/jackal_2dnav/msg/sPoses.lisp)
Symlinking /home/conlab/ssv2_ws/devel/share/common-lisp/ros/jackal_2dnav/msg/_package_sInstance.lisp
Linked: (/home/conlab/ssv2_ws/devel/.private/jackal_2dnav/share/common-lisp/ros/jackal_2dnav/msg/jackal_2dnav-msg.asd, /home/conlab/ssv2_ws/devel/share/common-lisp/ros/jackal_2dnav/msg/jackal_2dnav-msg.asd)
Symlinking /home/conlab/ssv2_ws/devel/share/common-lisp/ros/jackal_2dnav/msg/sInstance.lisp
