/usr/bin/ld: CMakeFiles/explore.dir/src/costmap_client.cpp.o: in function `explore::Costmap2DClient::Costmap2DClient(ros::NodeHandle&, ros::NodeHandle&, tf::TransformListener const*)':
costmap_client.cpp:(.text+0x498): undefined reference to `costmap_2d::Costmap2D::Costmap2D()'
/usr/bin/ld: costmap_client.cpp:(.text+0x11cb): undefined reference to `costmap_2d::Costmap2D::~Costmap2D()'
/usr/bin/ld: CMakeFiles/explore.dir/src/costmap_client.cpp.o: in function `explore::Costmap2DClient::updateFullMap(boost::shared_ptr<nav_msgs::OccupancyGrid_<std::allocator<void> > const> const&)':
costmap_client.cpp:(.text+0x1407): undefined reference to `costmap_2d::Costmap2D::resizeMap(unsigned int, unsigned int, double, double, double)'
/usr/bin/ld: costmap_client.cpp:(.text+0x143c): undefined reference to `costmap_2d::Costmap2D::getCharMap() const'
/usr/bin/ld: costmap_client.cpp:(.text+0x144f): undefined reference to `costmap_2d::Costmap2D::getSizeInCellsX() const'
/usr/bin/ld: costmap_client.cpp:(.text+0x1460): undefined reference to `costmap_2d::Costmap2D::getSizeInCellsY() const'
/usr/bin/ld: CMakeFiles/explore.dir/src/costmap_client.cpp.o: in function `explore::Costmap2DClient::updatePartialMap(boost::shared_ptr<map_msgs::OccupancyGridUpdate_<std::allocator<void> > const> const&)':
costmap_client.cpp:(.text+0x1b9a): undefined reference to `costmap_2d::Costmap2D::getSizeInCellsX() const'
/usr/bin/ld: costmap_client.cpp:(.text+0x1baf): undefined reference to `costmap_2d::Costmap2D::getSizeInCellsY() const'
/usr/bin/ld: costmap_client.cpp:(.text+0x1d1a): undefined reference to `costmap_2d::Costmap2D::getCharMap() const'
/usr/bin/ld: CMakeFiles/explore.dir/src/explore.cpp.o: in function `explore::Explore::goalOnBlacklist(geometry_msgs::Point_<std::allocator<void> > const&)':
explore.cpp:(.text+0x2226): undefined reference to `costmap_2d::Costmap2D::getResolution() const'
/usr/bin/ld: explore.cpp:(.text+0x2245): undefined reference to `costmap_2d::Costmap2D::getResolution() const'
/usr/bin/ld: CMakeFiles/explore.dir/src/explore.cpp.o: in function `explore::Costmap2DClient::~Costmap2DClient()':
explore.cpp:(.text._ZN7explore15Costmap2DClientD2Ev[_ZN7explore15Costmap2DClientD5Ev]+0x5c): undefined reference to `costmap_2d::Costmap2D::~Costmap2D()'
/usr/bin/ld: CMakeFiles/explore.dir/src/frontier_search.cpp.o: in function `frontier_exploration::nhood4(unsigned int, costmap_2d::Costmap2D const&)':
frontier_search.cpp:(.text+0x5a): undefined reference to `costmap_2d::Costmap2D::getSizeInCellsX() const'
/usr/bin/ld: frontier_search.cpp:(.text+0x69): undefined reference to `costmap_2d::Costmap2D::getSizeInCellsY() const'
/usr/bin/ld: CMakeFiles/explore.dir/src/frontier_search.cpp.o: in function `frontier_exploration::nhood8(unsigned int, costmap_2d::Costmap2D const&)':
frontier_search.cpp:(.text+0x2ee): undefined reference to `costmap_2d::Costmap2D::getSizeInCellsX() const'
/usr/bin/ld: frontier_search.cpp:(.text+0x2fd): undefined reference to `costmap_2d::Costmap2D::getSizeInCellsY() const'
/usr/bin/ld: CMakeFiles/explore.dir/src/frontier_search.cpp.o: in function `frontier_exploration::nearestCell(unsigned int&, unsigned int, unsigned char, costmap_2d::Costmap2D const&)':
frontier_search.cpp:(.text+0x49a): undefined reference to `costmap_2d::Costmap2D::getCharMap() const'
/usr/bin/ld: frontier_search.cpp:(.text+0x4b0): undefined reference to `costmap_2d::Costmap2D::getSizeInCellsX() const'
/usr/bin/ld: frontier_search.cpp:(.text+0x4c5): undefined reference to `costmap_2d::Costmap2D::getSizeInCellsY() const'
/usr/bin/ld: CMakeFiles/explore.dir/src/frontier_search.cpp.o: in function `frontier_exploration::FrontierSearch::searchFrom(geometry_msgs::Point_<std::allocator<void> >)':
frontier_search.cpp:(.text+0x8e2): undefined reference to `costmap_2d::Costmap2D::worldToMap(double, double, unsigned int&, unsigned int&) const'
/usr/bin/ld: frontier_search.cpp:(.text+0xa41): undefined reference to `costmap_2d::Costmap2D::getCharMap() const'
/usr/bin/ld: frontier_search.cpp:(.text+0xa5e): undefined reference to `costmap_2d::Costmap2D::getSizeInCellsX() const'
/usr/bin/ld: frontier_search.cpp:(.text+0xa7a): undefined reference to `costmap_2d::Costmap2D::getSizeInCellsY() const'
/usr/bin/ld: frontier_search.cpp:(.text+0xfb2): undefined reference to `costmap_2d::Costmap2D::getResolution() const'
/usr/bin/ld: CMakeFiles/explore.dir/src/frontier_search.cpp.o: in function `frontier_exploration::FrontierSearch::buildNewFrontier(unsigned int, unsigned int, std::vector<bool, std::allocator<bool> >&)':
frontier_search.cpp:(.text+0x1382): undefined reference to `costmap_2d::Costmap2D::mapToWorld(unsigned int, unsigned int, double&, double&) const'
/usr/bin/ld: frontier_search.cpp:(.text+0x13f9): undefined reference to `costmap_2d::Costmap2D::mapToWorld(unsigned int, unsigned int, double&, double&) const'
/usr/bin/ld: frontier_search.cpp:(.text+0x157a): undefined reference to `costmap_2d::Costmap2D::mapToWorld(unsigned int, unsigned int, double&, double&) const'
/usr/bin/ld: CMakeFiles/explore.dir/src/frontier_search.cpp.o: in function `frontier_exploration::FrontierSearch::frontierCost(frontier_exploration::Frontier const&)':
frontier_search.cpp:(.text+0x19b4): undefined reference to `costmap_2d::Costmap2D::getResolution() const'
/usr/bin/ld: frontier_search.cpp:(.text+0x1a08): undefined reference to `costmap_2d::Costmap2D::getResolution() const'
collect2: error: ld returned 1 exit status
make[2]: *** [CMakeFiles/explore.dir/build.make:249: /home/conlab/ssv2_ws/devel/.private/jackal_2dnav/lib/jackal_2dnav/explore] Error 1
make[1]: *** [CMakeFiles/Makefile2:356: CMakeFiles/explore.dir/all] Error 2
make[1]: *** Waiting for unfinished jobs....
[01m[K/home/conlab/ssv2_ws/src/jackal_2dnav/src/semantic_navigation.cpp:[m[K In member function ‘[01m[Kvoid semanticExplore::semanticCallback(const Octomap&)[m[K’:
[01m[K/home/conlab/ssv2_ws/src/jackal_2dnav/src/semantic_navigation.cpp:62:18:[m[K [01;35m[Kwarning: [m[Knarrowing conversion of ‘[01m[Kit.octomap::OcTreeBaseImpl<octomap::ColorOcTreeNode, octomap::AbstractOccupancyOcTree>::leaf_iterator::<anonymous>.octomap::OcTreeBaseImpl<octomap::ColorOcTreeNode, octomap::AbstractOccupancyOcTree>::iterator_base::getX()[m[K’ from ‘[01m[Kdouble[m[K’ to ‘[01m[Kfloat[m[K’ [[01;35m[K-Wnarrowing[m[K]
   62 |           [01;35m[Kit.getX()[m[K, // center x
      |           [01;35m[K~~~~~~~^~[m[K
[01m[K/home/conlab/ssv2_ws/src/jackal_2dnav/src/semantic_navigation.cpp:63:18:[m[K [01;35m[Kwarning: [m[Knarrowing conversion of ‘[01m[Kit.octomap::OcTreeBaseImpl<octomap::ColorOcTreeNode, octomap::AbstractOccupancyOcTree>::leaf_iterator::<anonymous>.octomap::OcTreeBaseImpl<octomap::ColorOcTreeNode, octomap::AbstractOccupancyOcTree>::iterator_base::getY()[m[K’ from ‘[01m[Kdouble[m[K’ to ‘[01m[Kfloat[m[K’ [[01;35m[K-Wnarrowing[m[K]
   63 |           [01;35m[Kit.getY()[m[K, // center y
      |           [01;35m[K~~~~~~~^~[m[K
[01m[K/home/conlab/ssv2_ws/src/jackal_2dnav/src/semantic_navigation.cpp:66:21:[m[K [01;35m[Kwarning: [m[Knarrowing conversion of ‘[01m[K(it.octomap::OcTreeBaseImpl<octomap::ColorOcTreeNode, octomap::AbstractOccupancyOcTree>::leaf_iterator::<anonymous>.octomap::OcTreeBaseImpl<octomap::ColorOcTreeNode, octomap::AbstractOccupancyOcTree>::iterator_base::getX() - it.octomap::OcTreeBaseImpl<octomap::ColorOcTreeNode, octomap::AbstractOccupancyOcTree>::leaf_iterator::<anonymous>.octomap::OcTreeBaseImpl<octomap::ColorOcTreeNode, octomap::AbstractOccupancyOcTree>::iterator_base::getSize())[m[K’ from ‘[01m[Kdouble[m[K’ to ‘[01m[Kfloat[m[K’ [[01;35m[K-Wnarrowing[m[K]
   66 |           [01;35m[Kit.getX() - it.getSize()[m[K,
      |           [01;35m[K~~~~~~~~~~^~~~~~~~~~~~~~[m[K
[01m[K/home/conlab/ssv2_ws/src/jackal_2dnav/src/semantic_navigation.cpp:67:21:[m[K [01;35m[Kwarning: [m[Knarrowing conversion of ‘[01m[K(it.octomap::OcTreeBaseImpl<octomap::ColorOcTreeNode, octomap::AbstractOccupancyOcTree>::leaf_iterator::<anonymous>.octomap::OcTreeBaseImpl<octomap::ColorOcTreeNode, octomap::AbstractOccupancyOcTree>::iterator_base::getX() + it.octomap::OcTreeBaseImpl<octomap::ColorOcTreeNode, octomap::AbstractOccupancyOcTree>::leaf_iterator::<anonymous>.octomap::OcTreeBaseImpl<octomap::ColorOcTreeNode, octomap::AbstractOccupancyOcTree>::iterator_base::getSize())[m[K’ from ‘[01m[Kdouble[m[K’ to ‘[01m[Kfloat[m[K’ [[01;35m[K-Wnarrowing[m[K]
   67 |           [01;35m[Kit.getX() + it.getSize()[m[K, // maximum x
      |           [01;35m[K~~~~~~~~~~^~~~~~~~~~~~~~[m[K
[01m[K/home/conlab/ssv2_ws/src/jackal_2dnav/src/semantic_navigation.cpp:69:21:[m[K [01;35m[Kwarning: [m[Knarrowing conversion of ‘[01m[K(it.octomap::OcTreeBaseImpl<octomap::ColorOcTreeNode, octomap::AbstractOccupancyOcTree>::leaf_iterator::<anonymous>.octomap::OcTreeBaseImpl<octomap::ColorOcTreeNode, octomap::AbstractOccupancyOcTree>::iterator_base::getY() - it.octomap::OcTreeBaseImpl<octomap::ColorOcTreeNode, octomap::AbstractOccupancyOcTree>::leaf_iterator::<anonymous>.octomap::OcTreeBaseImpl<octomap::ColorOcTreeNode, octomap::AbstractOccupancyOcTree>::iterator_base::getSize())[m[K’ from ‘[01m[Kdouble[m[K’ to ‘[01m[Kfloat[m[K’ [[01;35m[K-Wnarrowing[m[K]
   69 |           [01;35m[Kit.getY() - it.getSize()[m[K, // minimum y
      |           [01;35m[K~~~~~~~~~~^~~~~~~~~~~~~~[m[K
[01m[K/home/conlab/ssv2_ws/src/jackal_2dnav/src/semantic_navigation.cpp:70:21:[m[K [01;35m[Kwarning: [m[Knarrowing conversion of ‘[01m[K(it.octomap::OcTreeBaseImpl<octomap::ColorOcTreeNode, octomap::AbstractOccupancyOcTree>::leaf_iterator::<anonymous>.octomap::OcTreeBaseImpl<octomap::ColorOcTreeNode, octomap::AbstractOccupancyOcTree>::iterator_base::getY() + it.octomap::OcTreeBaseImpl<octomap::ColorOcTreeNode, octomap::AbstractOccupancyOcTree>::leaf_iterator::<anonymous>.octomap::OcTreeBaseImpl<octomap::ColorOcTreeNode, octomap::AbstractOccupancyOcTree>::iterator_base::getSize())[m[K’ from ‘[01m[Kdouble[m[K’ to ‘[01m[Kfloat[m[K’ [[01;35m[K-Wnarrowing[m[K]
   70 |           [01;35m[Kit.getY() + it.getSize()[m[K, // maximum y
      |           [01;35m[K~~~~~~~~~~^~~~~~~~~~~~~~[m[K
[01m[K/home/conlab/ssv2_ws/src/jackal_2dnav/src/semantic_navigation.cpp:113:22:[m[K [01;35m[Kwarning: [m[Knarrowing conversion of ‘[01m[Kit.octomap::OcTreeBaseImpl<octomap::ColorOcTreeNode, octomap::AbstractOccupancyOcTree>::leaf_iterator::<anonymous>.octomap::OcTreeBaseImpl<octomap::ColorOcTreeNode, octomap::AbstractOccupancyOcTree>::iterator_base::getX()[m[K’ from ‘[01m[Kdouble[m[K’ to ‘[01m[Kfloat[m[K’ [[01;35m[K-Wnarrowing[m[K]
  113 |               [01;35m[Kit.getX()[m[K, // center x
      |               [01;35m[K~~~~~~~^~[m[K
[01m[K/home/conlab/ssv2_ws/src/jackal_2dnav/src/semantic_navigation.cpp:114:22:[m[K [01;35m[Kwarning: [m[Knarrowing conversion of ‘[01m[Kit.octomap::OcTreeBaseImpl<octomap::ColorOcTreeNode, octomap::AbstractOccupancyOcTree>::leaf_iterator::<anonymous>.octomap::OcTreeBaseImpl<octomap::ColorOcTreeNode, octomap::AbstractOccupancyOcTree>::iterator_base::getY()[m[K’ from ‘[01m[Kdouble[m[K’ to ‘[01m[Kfloat[m[K’ [[01;35m[K-Wnarrowing[m[K]
  114 |               [01;35m[Kit.getY()[m[K, // center y
      |               [01;35m[K~~~~~~~^~[m[K
[01m[K/home/conlab/ssv2_ws/src/jackal_2dnav/src/semantic_navigation.cpp:116:25:[m[K [01;35m[Kwarning: [m[Knarrowing conversion of ‘[01m[K(it.octomap::OcTreeBaseImpl<octomap::ColorOcTreeNode, octomap::AbstractOccupancyOcTree>::leaf_iterator::<anonymous>.octomap::OcTreeBaseImpl<octomap::ColorOcTreeNode, octomap::AbstractOccupancyOcTree>::iterator_base::getX() - (it.octomap::OcTreeBaseImpl<octomap::ColorOcTreeNode, octomap::AbstractOccupancyOcTree>::leaf_iterator::<anonymous>.octomap::OcTreeBaseImpl<octomap::ColorOcTreeNode, octomap::AbstractOccupancyOcTree>::iterator_base::getSize() / (double)2))[m[K’ from ‘[01m[Kdouble[m[K’ to ‘[01m[Kfloat[m[K’ [[01;35m[K-Wnarrowing[m[K]
  116 |               [01;35m[Kit.getX() - it.getSize() / 2[m[K, // minimum x
      |               [01;35m[K~~~~~~~~~~^~~~~~~~~~~~~~~~~~[m[K
[01m[K/home/conlab/ssv2_ws/src/jackal_2dnav/src/semantic_navigation.cpp:117:25:[m[K [01;35m[Kwarning: [m[Knarrowing conversion of ‘[01m[K(it.octomap::OcTreeBaseImpl<octomap::ColorOcTreeNode, octomap::AbstractOccupancyOcTree>::leaf_iterator::<anonymous>.octomap::OcTreeBaseImpl<octomap::ColorOcTreeNode, octomap::AbstractOccupancyOcTree>::iterator_base::getX() + (it.octomap::OcTreeBaseImpl<octomap::ColorOcTreeNode, octomap::AbstractOccupancyOcTree>::leaf_iterator::<anonymous>.octomap::OcTreeBaseImpl<octomap::ColorOcTreeNode, octomap::AbstractOccupancyOcTree>::iterator_base::getSize() / (double)2))[m[K’ from ‘[01m[Kdouble[m[K’ to ‘[01m[Kfloat[m[K’ [[01;35m[K-Wnarrowing[m[K]
  117 |               [01;35m[Kit.getX() + it.getSize() / 2[m[K, // maximum x
      |               [01;35m[K~~~~~~~~~~^~~~~~~~~~~~~~~~~~[m[K
[01m[K/home/conlab/ssv2_ws/src/jackal_2dnav/src/semantic_navigation.cpp:119:25:[m[K [01;35m[Kwarning: [m[Knarrowing conversion of ‘[01m[K(it.octomap::OcTreeBaseImpl<octomap::ColorOcTreeNode, octomap::AbstractOccupancyOcTree>::leaf_iterator::<anonymous>.octomap::OcTreeBaseImpl<octomap::ColorOcTreeNode, octomap::AbstractOccupancyOcTree>::iterator_base::getY() - (it.octomap::OcTreeBaseImpl<octomap::ColorOcTreeNode, octomap::AbstractOccupancyOcTree>::leaf_iterator::<anonymous>.octomap::OcTreeBaseImpl<octomap::ColorOcTreeNode, octomap::AbstractOccupancyOcTree>::iterator_base::getSize() / (double)2))[m[K’ from ‘[01m[Kdouble[m[K’ to ‘[01m[Kfloat[m[K’ [[01;35m[K-Wnarrowing[m[K]
  119 |               [01;35m[Kit.getY() - it.getSize() / 2[m[K, // minimum y
      |               [01;35m[K~~~~~~~~~~^~~~~~~~~~~~~~~~~~[m[K
[01m[K/home/conlab/ssv2_ws/src/jackal_2dnav/src/semantic_navigation.cpp:120:25:[m[K [01;35m[Kwarning: [m[Knarrowing conversion of ‘[01m[K(it.octomap::OcTreeBaseImpl<octomap::ColorOcTreeNode, octomap::AbstractOccupancyOcTree>::leaf_iterator::<anonymous>.octomap::OcTreeBaseImpl<octomap::ColorOcTreeNode, octomap::AbstractOccupancyOcTree>::iterator_base::getY() + (it.octomap::OcTreeBaseImpl<octomap::ColorOcTreeNode, octomap::AbstractOccupancyOcTree>::leaf_iterator::<anonymous>.octomap::OcTreeBaseImpl<octomap::ColorOcTreeNode, octomap::AbstractOccupancyOcTree>::iterator_base::getSize() / (double)2))[m[K’ from ‘[01m[Kdouble[m[K’ to ‘[01m[Kfloat[m[K’ [[01;35m[K-Wnarrowing[m[K]
  120 |               [01;35m[Kit.getY() + it.getSize() / 2[m[K, // maximum y
      |               [01;35m[K~~~~~~~~~~^~~~~~~~~~~~~~~~~~[m[K
[01m[K/home/conlab/ssv2_ws/src/jackal_2dnav/src/semantic_navigation.cpp:149:5:[m[K [01;31m[Kerror: [m[K‘[01m[KcurrentArea[m[K’ was not declared in this scope
  149 |     [01;31m[KcurrentArea[m[K = (bbInstances[currentIdx].maxX - bbInstances[currentIdx].minX) * (bbInstances[currentIdx].maxY - bbInstances[currentIdx].minY);
      |     [01;31m[K^~~~~~~~~~~[m[K
make[2]: *** [CMakeFiles/semantic_navigation.dir/build.make:82: CMakeFiles/semantic_navigation.dir/src/semantic_navigation.cpp.o] Error 1
make[1]: *** [CMakeFiles/Makefile2:1787: CMakeFiles/semantic_navigation.dir/all] Error 2
make: *** [Makefile:160: all] Error 2
