Symlinking /home/conlab/ssv2_ws/devel/lib/python3/dist-packages/jackal_msgs/__init__.py
Symlinking /home/conlab/ssv2_ws/devel/lib/python3/dist-packages/jackal_msgs/msg/_Drive.py
Symlinking /home/conlab/ssv2_ws/devel/lib/python3/dist-packages/jackal_msgs/msg/__init__.py
Symlinking /home/conlab/ssv2_ws/devel/lib/python3/dist-packages/jackal_msgs/msg/_DriveFeedback.py
Symlinking /home/conlab/ssv2_ws/devel/lib/python3/dist-packages/jackal_msgs/msg/_Status.py
Symlinking /home/conlab/ssv2_ws/devel/lib/python3/dist-packages/jackal_msgs/msg/_Feedback.py
Symlinking /home/conlab/ssv2_ws/devel/lib/pkgconfig/jackal_msgs.pc
Symlinking /home/conlab/ssv2_ws/devel/include/jackal_msgs/Feedback.h
Symlinking /home/conlab/ssv2_ws/devel/include/jackal_msgs/Drive.h
Symlinking /home/conlab/ssv2_ws/devel/include/jackal_msgs/Status.h
Symlinking /home/conlab/ssv2_ws/devel/include/jackal_msgs/DriveFeedback.h
Symlinking /home/conlab/ssv2_ws/devel/share/roseus/ros/jackal_msgs/manifest.l
Symlinking /home/conlab/ssv2_ws/devel/share/roseus/ros/jackal_msgs/msg/Drive.l
Symlinking /home/conlab/ssv2_ws/devel/share/roseus/ros/jackal_msgs/msg/DriveFeedback.l
Symlinking /home/conlab/ssv2_ws/devel/share/roseus/ros/jackal_msgs/msg/Status.l
Symlinking /home/conlab/ssv2_ws/devel/share/roseus/ros/jackal_msgs/msg/Feedback.l
Symlinking /home/conlab/ssv2_ws/devel/share/gennodejs/ros/jackal_msgs/_index.js
Symlinking /home/conlab/ssv2_ws/devel/share/gennodejs/ros/jackal_msgs/msg/Drive.js
Symlinking /home/conlab/ssv2_ws/devel/share/gennodejs/ros/jackal_msgs/msg/_index.js
Symlinking /home/conlab/ssv2_ws/devel/share/gennodejs/ros/jackal_msgs/msg/DriveFeedback.js
Symlinking /home/conlab/ssv2_ws/devel/share/gennodejs/ros/jackal_msgs/msg/Status.js
Symlinking /home/conlab/ssv2_ws/devel/share/gennodejs/ros/jackal_msgs/msg/Feedback.js
Symlinking /home/conlab/ssv2_ws/devel/share/jackal_msgs/cmake/jackal_msgs-msg-extras.cmake
Symlinking /home/conlab/ssv2_ws/devel/share/jackal_msgs/cmake/jackal_msgsConfig-version.cmake
Symlinking /home/conlab/ssv2_ws/devel/share/jackal_msgs/cmake/jackal_msgs-msg-paths.cmake
Symlinking /home/conlab/ssv2_ws/devel/share/jackal_msgs/cmake/jackal_msgsConfig.cmake
Symlinking /home/conlab/ssv2_ws/devel/share/common-lisp/ros/jackal_msgs/msg/_package.lisp
Symlinking /home/conlab/ssv2_ws/devel/share/common-lisp/ros/jackal_msgs/msg/_package_DriveFeedback.lisp
Symlinking /home/conlab/ssv2_ws/devel/share/common-lisp/ros/jackal_msgs/msg/Drive.lisp
Symlinking /home/conlab/ssv2_ws/devel/share/common-lisp/ros/jackal_msgs/msg/_package_Feedback.lisp
Symlinking /home/conlab/ssv2_ws/devel/share/common-lisp/ros/jackal_msgs/msg/DriveFeedback.lisp
Symlinking /home/conlab/ssv2_ws/devel/share/common-lisp/ros/jackal_msgs/msg/Feedback.lisp
Symlinking /home/conlab/ssv2_ws/devel/share/common-lisp/ros/jackal_msgs/msg/_package_Drive.lisp
Symlinking /home/conlab/ssv2_ws/devel/share/common-lisp/ros/jackal_msgs/msg/Status.lisp
Symlinking /home/conlab/ssv2_ws/devel/share/common-lisp/ros/jackal_msgs/msg/jackal_msgs-msg.asd
Symlinking /home/conlab/ssv2_ws/devel/share/common-lisp/ros/jackal_msgs/msg/_package_Status.lisp
