Linked: (/home/conlab/ssv2_ws/devel/.private/jackal_msgs/lib/python3/dist-packages/jackal_msgs/__init__.py, /home/conlab/ssv2_ws/devel/lib/python3/dist-packages/jackal_msgs/__init__.py)
Linked: (/home/conlab/ssv2_ws/devel/.private/jackal_msgs/lib/python3/dist-packages/jackal_msgs/msg/_Drive.py, /home/conlab/ssv2_ws/devel/lib/python3/dist-packages/jackal_msgs/msg/_Drive.py)
Linked: (/home/conlab/ssv2_ws/devel/.private/jackal_msgs/lib/python3/dist-packages/jackal_msgs/msg/__init__.py, /home/conlab/ssv2_ws/devel/lib/python3/dist-packages/jackal_msgs/msg/__init__.py)
Linked: (/home/conlab/ssv2_ws/devel/.private/jackal_msgs/lib/python3/dist-packages/jackal_msgs/msg/_DriveFeedback.py, /home/conlab/ssv2_ws/devel/lib/python3/dist-packages/jackal_msgs/msg/_DriveFeedback.py)
Linked: (/home/conlab/ssv2_ws/devel/.private/jackal_msgs/lib/python3/dist-packages/jackal_msgs/msg/_Status.py, /home/conlab/ssv2_ws/devel/lib/python3/dist-packages/jackal_msgs/msg/_Status.py)
Linked: (/home/conlab/ssv2_ws/devel/.private/jackal_msgs/lib/python3/dist-packages/jackal_msgs/msg/_Feedback.py, /home/conlab/ssv2_ws/devel/lib/python3/dist-packages/jackal_msgs/msg/_Feedback.py)
Linked: (/home/conlab/ssv2_ws/devel/.private/jackal_msgs/lib/pkgconfig/jackal_msgs.pc, /home/conlab/ssv2_ws/devel/lib/pkgconfig/jackal_msgs.pc)
Linked: (/home/conlab/ssv2_ws/devel/.private/jackal_msgs/include/jackal_msgs/Feedback.h, /home/conlab/ssv2_ws/devel/include/jackal_msgs/Feedback.h)
Linked: (/home/conlab/ssv2_ws/devel/.private/jackal_msgs/include/jackal_msgs/Drive.h, /home/conlab/ssv2_ws/devel/include/jackal_msgs/Drive.h)
Linked: (/home/conlab/ssv2_ws/devel/.private/jackal_msgs/include/jackal_msgs/Status.h, /home/conlab/ssv2_ws/devel/include/jackal_msgs/Status.h)
Linked: (/home/conlab/ssv2_ws/devel/.private/jackal_msgs/include/jackal_msgs/DriveFeedback.h, /home/conlab/ssv2_ws/devel/include/jackal_msgs/DriveFeedback.h)
Linked: (/home/conlab/ssv2_ws/devel/.private/jackal_msgs/share/roseus/ros/jackal_msgs/manifest.l, /home/conlab/ssv2_ws/devel/share/roseus/ros/jackal_msgs/manifest.l)
Linked: (/home/conlab/ssv2_ws/devel/.private/jackal_msgs/share/roseus/ros/jackal_msgs/msg/Drive.l, /home/conlab/ssv2_ws/devel/share/roseus/ros/jackal_msgs/msg/Drive.l)
Linked: (/home/conlab/ssv2_ws/devel/.private/jackal_msgs/share/roseus/ros/jackal_msgs/msg/DriveFeedback.l, /home/conlab/ssv2_ws/devel/share/roseus/ros/jackal_msgs/msg/DriveFeedback.l)
Linked: (/home/conlab/ssv2_ws/devel/.private/jackal_msgs/share/roseus/ros/jackal_msgs/msg/Status.l, /home/conlab/ssv2_ws/devel/share/roseus/ros/jackal_msgs/msg/Status.l)
Linked: (/home/conlab/ssv2_ws/devel/.private/jackal_msgs/share/roseus/ros/jackal_msgs/msg/Feedback.l, /home/conlab/ssv2_ws/devel/share/roseus/ros/jackal_msgs/msg/Feedback.l)
Linked: (/home/conlab/ssv2_ws/devel/.private/jackal_msgs/share/gennodejs/ros/jackal_msgs/_index.js, /home/conlab/ssv2_ws/devel/share/gennodejs/ros/jackal_msgs/_index.js)
Linked: (/home/conlab/ssv2_ws/devel/.private/jackal_msgs/share/gennodejs/ros/jackal_msgs/msg/Drive.js, /home/conlab/ssv2_ws/devel/share/gennodejs/ros/jackal_msgs/msg/Drive.js)
Linked: (/home/conlab/ssv2_ws/devel/.private/jackal_msgs/share/gennodejs/ros/jackal_msgs/msg/_index.js, /home/conlab/ssv2_ws/devel/share/gennodejs/ros/jackal_msgs/msg/_index.js)
Linked: (/home/conlab/ssv2_ws/devel/.private/jackal_msgs/share/gennodejs/ros/jackal_msgs/msg/DriveFeedback.js, /home/conlab/ssv2_ws/devel/share/gennodejs/ros/jackal_msgs/msg/DriveFeedback.js)
Linked: (/home/conlab/ssv2_ws/devel/.private/jackal_msgs/share/gennodejs/ros/jackal_msgs/msg/Status.js, /home/conlab/ssv2_ws/devel/share/gennodejs/ros/jackal_msgs/msg/Status.js)
Linked: (/home/conlab/ssv2_ws/devel/.private/jackal_msgs/share/gennodejs/ros/jackal_msgs/msg/Feedback.js, /home/conlab/ssv2_ws/devel/share/gennodejs/ros/jackal_msgs/msg/Feedback.js)
Linked: (/home/conlab/ssv2_ws/devel/.private/jackal_msgs/share/jackal_msgs/cmake/jackal_msgs-msg-extras.cmake, /home/conlab/ssv2_ws/devel/share/jackal_msgs/cmake/jackal_msgs-msg-extras.cmake)
Linked: (/home/conlab/ssv2_ws/devel/.private/jackal_msgs/share/jackal_msgs/cmake/jackal_msgsConfig-version.cmake, /home/conlab/ssv2_ws/devel/share/jackal_msgs/cmake/jackal_msgsConfig-version.cmake)
Linked: (/home/conlab/ssv2_ws/devel/.private/jackal_msgs/share/jackal_msgs/cmake/jackal_msgs-msg-paths.cmake, /home/conlab/ssv2_ws/devel/share/jackal_msgs/cmake/jackal_msgs-msg-paths.cmake)
Linked: (/home/conlab/ssv2_ws/devel/.private/jackal_msgs/share/jackal_msgs/cmake/jackal_msgsConfig.cmake, /home/conlab/ssv2_ws/devel/share/jackal_msgs/cmake/jackal_msgsConfig.cmake)
Linked: (/home/conlab/ssv2_ws/devel/.private/jackal_msgs/share/common-lisp/ros/jackal_msgs/msg/_package.lisp, /home/conlab/ssv2_ws/devel/share/common-lisp/ros/jackal_msgs/msg/_package.lisp)
Linked: (/home/conlab/ssv2_ws/devel/.private/jackal_msgs/share/common-lisp/ros/jackal_msgs/msg/_package_DriveFeedback.lisp, /home/conlab/ssv2_ws/devel/share/common-lisp/ros/jackal_msgs/msg/_package_DriveFeedback.lisp)
Linked: (/home/conlab/ssv2_ws/devel/.private/jackal_msgs/share/common-lisp/ros/jackal_msgs/msg/Drive.lisp, /home/conlab/ssv2_ws/devel/share/common-lisp/ros/jackal_msgs/msg/Drive.lisp)
Linked: (/home/conlab/ssv2_ws/devel/.private/jackal_msgs/share/common-lisp/ros/jackal_msgs/msg/_package_Feedback.lisp, /home/conlab/ssv2_ws/devel/share/common-lisp/ros/jackal_msgs/msg/_package_Feedback.lisp)
Linked: (/home/conlab/ssv2_ws/devel/.private/jackal_msgs/share/common-lisp/ros/jackal_msgs/msg/DriveFeedback.lisp, /home/conlab/ssv2_ws/devel/share/common-lisp/ros/jackal_msgs/msg/DriveFeedback.lisp)
Linked: (/home/conlab/ssv2_ws/devel/.private/jackal_msgs/share/common-lisp/ros/jackal_msgs/msg/Feedback.lisp, /home/conlab/ssv2_ws/devel/share/common-lisp/ros/jackal_msgs/msg/Feedback.lisp)
Linked: (/home/conlab/ssv2_ws/devel/.private/jackal_msgs/share/common-lisp/ros/jackal_msgs/msg/_package_Drive.lisp, /home/conlab/ssv2_ws/devel/share/common-lisp/ros/jackal_msgs/msg/_package_Drive.lisp)
Linked: (/home/conlab/ssv2_ws/devel/.private/jackal_msgs/share/common-lisp/ros/jackal_msgs/msg/Status.lisp, /home/conlab/ssv2_ws/devel/share/common-lisp/ros/jackal_msgs/msg/Status.lisp)
Linked: (/home/conlab/ssv2_ws/devel/.private/jackal_msgs/share/common-lisp/ros/jackal_msgs/msg/jackal_msgs-msg.asd, /home/conlab/ssv2_ws/devel/share/common-lisp/ros/jackal_msgs/msg/jackal_msgs-msg.asd)
Linked: (/home/conlab/ssv2_ws/devel/.private/jackal_msgs/share/common-lisp/ros/jackal_msgs/msg/_package_Status.lisp, /home/conlab/ssv2_ws/devel/share/common-lisp/ros/jackal_msgs/msg/_package_Status.lisp)
